Log file open, 10/01/17 18:36:10
LogWindows: Failed to load 'aqProf.dll' (GetLastError=126)
LogWindows: File 'aqProf.dll' does not exist
LogWindows: Failed to load 'VtuneApi.dll' (GetLastError=126)
LogWindows: File 'VtuneApi.dll' does not exist
LogWindows: Failed to load 'VtuneApi32e.dll' (GetLastError=126)
LogWindows: File 'VtuneApi32e.dll' does not exist
LogInit: Display: Running engine for game: BatteryCollector
LogPlatformFile: Not using cached read wrapper
LogInit: Display: RandInit(1592966390) SRandInit(1592966391).
LogTaskGraph: Started task graph with 5 named threads and 14 total threads with 3 sets of task threads.
LogStats: Stats thread started at 0.179826
LogD3D11RHI: Aftermath initialized
LogPluginManager: Mounting plugin Paper2D
LogPluginManager: Mounting plugin LightPropagationVolume
LogPluginManager: Mounting plugin CodeLiteSourceCodeAccess
LogPluginManager: Mounting plugin GitSourceControl
LogPluginManager: Mounting plugin KDevelopSourceCodeAccess
LogPluginManager: Mounting plugin NullSourceCodeAccess
LogPluginManager: Mounting plugin PerforceSourceControl
LogPluginManager: Mounting plugin SubversionSourceControl
LogPluginManager: Mounting plugin UObjectPlugin
LogPluginManager: Mounting plugin VisualStudioSourceCodeAccess
LogPluginManager: Mounting plugin XCodeSourceCodeAccess
LogPluginManager: Mounting plugin AssetManagerEditor
LogPluginManager: Mounting plugin AudioCapture
LogPluginManager: Mounting plugin FacialAnimation
LogPluginManager: Mounting plugin GameplayTagsEditor
LogPluginManager: Mounting plugin MobileLauncherProfileWizard
LogPluginManager: Mounting plugin PluginBrowser
LogPluginManager: Mounting plugin SpeedTreeImporter
LogPluginManager: Mounting plugin AlembicImporter
LogPluginManager: Mounting plugin CharacterAI
LogPluginManager: Mounting plugin HTML5Networking
LogPluginManager: Mounting plugin AndroidMedia
LogPluginManager: Mounting plugin AvfMedia
LogPluginManager: Mounting plugin MediaPlayerEditor
LogPluginManager: Mounting plugin WmfMedia
LogPluginManager: Mounting plugin TcpMessaging
LogPluginManager: Mounting plugin UdpMessaging
LogPluginManager: Mounting plugin LevelSequenceEditor
LogPluginManager: Mounting plugin MatineeToLevelSequence
LogPluginManager: Mounting plugin OnlineSubsystemGooglePlay
LogPluginManager: Mounting plugin OnlineSubsystemIOS
LogPluginManager: Mounting plugin OnlineSubsystem
LogPluginManager: Mounting plugin OnlineSubsystemNull
LogPluginManager: Mounting plugin OnlineSubsystemUtils
LogPluginManager: Mounting plugin AndroidDeviceProfileSelector
LogPluginManager: Mounting plugin AndroidMoviePlayer
LogPluginManager: Mounting plugin AndroidPermission
LogPluginManager: Mounting plugin AppleMoviePlayer
LogPluginManager: Mounting plugin ArchVisCharacter
LogPluginManager: Mounting plugin CableComponent
LogPluginManager: Mounting plugin CustomMeshComponent
LogPluginManager: Mounting plugin ExampleDeviceProfileSelector
LogPluginManager: Mounting plugin GoogleCloudMessaging
LogPluginManager: Mounting plugin ImmediatePhysics
LogPluginManager: Mounting plugin IOSDeviceProfileSelector
LogPluginManager: Mounting plugin LinuxDeviceProfileSelector
LogPluginManager: Mounting plugin LocationServicesBPLibrary
LogPluginManager: Mounting plugin MobilePatchingUtils
LogPluginManager: Mounting plugin OculusVR
LogPluginManager: Mounting plugin PhysXVehicles
LogPluginManager: Mounting plugin ProceduralMeshComponent
LogPluginManager: Mounting plugin RuntimePhysXCooking
LogPluginManager: Mounting plugin SteamVR
LogPluginManager: Mounting plugin WindowsMoviePlayer
LogInit: Using libcurl 7.47.1
LogInit:  - built for x86_64-pc-win32
LogInit:  - supports SSL with OpenSSL/1.0.2g
LogInit:  - supports HTTP deflate (compression) using libz 1.2.8
LogInit:  - other features:
LogInit:      CURL_VERSION_SSL
LogInit:      CURL_VERSION_LIBZ
LogInit:      CURL_VERSION_IPV6
LogInit:      CURL_VERSION_ASYNCHDNS
LogInit:      CURL_VERSION_LARGEFILE
LogInit:      CURL_VERSION_IDN
LogInit:  CurlRequestOptions (configurable via config and command line):
LogInit:  - bVerifyPeer = false  - Libcurl will NOT verify peer certificate
LogInit:  - bUseHttpProxy = false  - Libcurl will NOT use HTTP proxy
LogInit:  - bDontReuseConnections = false  - Libcurl will reuse connections
LogInit:  - CertBundlePath = nullptr  - Libcurl will use whatever was configured at build time.
LogHMD: Failed initializing OVRPlugin 1.15.0
LogInit: Build: ++UE4+Release-4.17-CL-3658906
LogInit: Engine Version: 4.17.2-3658906+++UE4+Release-4.17
LogInit: Compatible Engine Version: 4.17.0-3573198+++UE4+Release-4.17
LogInit: Net CL: 3573198
LogDevObjectVersion: Number of dev versions registered: 16
LogDevObjectVersion:   Dev-Blueprints (B0D832E4-1F89-4F0D-ACCF-7EB736FD4AA2): 10
LogDevObjectVersion:   Dev-Build (E1C64328-A22C-4D53-A36C-8E866417BD8C): 0
LogDevObjectVersion:   Dev-Core (375EC13C-06E4-48FB-B500-84F0262A717E): 2
LogDevObjectVersion:   Dev-Editor (E4B068ED-F494-42E9-A231-DA0B2E46BB41): 20
LogDevObjectVersion:   Dev-Framework (CFFC743F-43B0-4480-9391-14DF171D2073): 28
LogDevObjectVersion:   Dev-Mobile (B02B49B5-BB20-44E9-A304-32B752E40360): 0
LogDevObjectVersion:   Dev-Networking (A4E4105C-59A1-49B5-A7C5-40C4547EDFEE): 0
LogDevObjectVersion:   Dev-Online (39C831C9-5AE6-47DC-9A44-9C173E1C8E7C): 0
LogDevObjectVersion:   Dev-Physics (78F01B33-EBEA-4F98-B9B4-84EACCB95AA2): 0
LogDevObjectVersion:   Dev-Platform (6631380F-2D4D-43E0-8009-CF276956A95A): 0
LogDevObjectVersion:   Dev-Rendering (12F88B9F-8875-4AFC-A67C-D90C383ABD29): 19
LogDevObjectVersion:   Dev-Sequencer (7B5AE74C-D270-4C10-A958-57980B212A5A): 4
LogDevObjectVersion:   Dev-VR (D7296918-1DD6-4BDD-9DE2-64A83CC13884): 0
LogDevObjectVersion:   Dev-LoadTimes (C2A15278-BFE7-4AFE-6C17-90FF531DF755): 1
LogDevObjectVersion:   Private-Geometry (6EACA3D4-40EC-4CC1-B786-8BED09428FC5): 1
LogDevObjectVersion:   Dev-AnimPhys (29E575DD-E0A3-4627-9D10-D276232CDCEA): 7
LogInit: Compiled (64-bit): Sep 22 2017 13:47:16
LogInit: Compiled with Visual C++: 19.00.24215.01
LogInit: Build Configuration: Development
LogInit: Branch Name: ++UE4+Release-4.17
LogInit: Command line:  
LogInit: Base directory: C:/Program Files/Epic Games/UE_4.17/Engine/Binaries/Win64/
LogInit: Installed Engine Build: 1
LogInit: Presizing for max 8388607 objects, including 0 objects not considered by GC, pre-allocating 0 bytes for permanent pool.
LogInit: Object subsystem initialized
[2017.10.01-09.36.12:237][  0]LogInit: Selected Device Profile: [Windows]
[2017.10.01-09.36.12:237][  0]LogInit: Applying CVar settings loaded from the selected device profile: [Windows]
[2017.10.01-09.36.12:250][  0]LogInit: Computer: DESKTOP-9TH7LOT
[2017.10.01-09.36.12:250][  0]LogInit: User: huozi
[2017.10.01-09.36.12:250][  0]LogInit: CPU Page size=4096, Cores=4
[2017.10.01-09.36.12:250][  0]LogInit: High frequency timer resolution =2.648438 MHz
[2017.10.01-09.36.12:250][  0]LogMemory: Memory total: Physical=8.0GB (8GB approx)
[2017.10.01-09.36.12:250][  0]LogMemory: Platform Memory Stats for Windows
[2017.10.01-09.36.12:250][  0]LogMemory: Process Physical Memory: 283.30 MB used, 283.30 MB peak
[2017.10.01-09.36.12:250][  0]LogMemory: Process Virtual Memory: 283.70 MB used, 283.70 MB peak
[2017.10.01-09.36.12:250][  0]LogMemory: Physical Memory: 2855.12 MB used,  5288.16 MB free, 8143.29 MB total
[2017.10.01-09.36.12:250][  0]LogMemory: Virtual Memory: 708.30 MB used,  5288.16 MB free, 134217728.00 MB total
[2017.10.01-09.36.12:460][  0]LogInit: Using OS detected language (en-US).
[2017.10.01-09.36.12:460][  0]LogInit: Using OS detected locale (en-US).
[2017.10.01-09.36.12:464][  0]LogTextLocalizationManager: No specific localization for 'en-US' exists, so the 'en' localization will be used.
[2017.10.01-09.36.13:278][  0]LogD3D11RHI: D3D11 adapters:
[2017.10.01-09.36.13:321][  0]LogD3D11RHI:    0. 'NVIDIA GeForce GTX 1050 Ti' (Feature Level 11_0)
[2017.10.01-09.36.13:321][  0]LogD3D11RHI:       4050/0/4071 MB DedicatedVideo/DedicatedSystem/SharedSystem, Outputs:1, VendorId:0x10de
[2017.10.01-09.36.13:322][  0]LogD3D11RHI:    1. 'Microsoft Basic Render Driver' (Feature Level 11_0)
[2017.10.01-09.36.13:322][  0]LogD3D11RHI:       0/0/4071 MB DedicatedVideo/DedicatedSystem/SharedSystem, Outputs:0, VendorId:0x1414
[2017.10.01-09.36.13:322][  0]LogD3D11RHI: Chosen D3D11 Adapter: 0
[2017.10.01-09.36.13:328][  0]LogD3D11RHI: Creating new Direct3DDevice
[2017.10.01-09.36.13:328][  0]LogD3D11RHI:     GPU DeviceId: 0x1c82 (for the marketing name, search the web for "GPU Device Id")
[2017.10.01-09.36.13:328][  0]LogWindows: EnumDisplayDevices:
[2017.10.01-09.36.13:329][  0]LogWindows:    0. 'NVIDIA GeForce GTX 1050 Ti' (P:1 D:1)
[2017.10.01-09.36.13:329][  0]LogWindows:    1. 'NVIDIA GeForce GTX 1050 Ti' (P:0 D:0)
[2017.10.01-09.36.13:330][  0]LogWindows:    2. 'NVIDIA GeForce GTX 1050 Ti' (P:0 D:0)
[2017.10.01-09.36.13:330][  0]LogWindows:    3. 'NVIDIA GeForce GTX 1050 Ti' (P:0 D:0)
[2017.10.01-09.36.13:331][  0]LogWindows: DebugString: FoundDriverCount:4 
[2017.10.01-09.36.13:331][  0]LogD3D11RHI:     Adapter Name: NVIDIA GeForce GTX 1050 Ti
[2017.10.01-09.36.13:331][  0]LogD3D11RHI:   Driver Version: 382.05 (internal:22.21.13.8205, unified:382.05)
[2017.10.01-09.36.13:331][  0]LogD3D11RHI:      Driver Date: 5-1-2017
[2017.10.01-09.36.13:331][  0]LogRHI: Texture pool is 1361 MB (70% of 1945 MB)
[2017.10.01-09.36.13:370][  0]LogD3D11RHI: Async texture creation enabled
[2017.10.01-09.36.13:381][  0]LogD3D11RHI: GPU Timing Frequency: 1000.000000 (Debug: 2 1)
[2017.10.01-09.36.13:434][  0]LogShaderCompilers: Guid format shader working directory is -46 characters bigger than the processId version (../../../../../../Users/huozi/Documents/Unreal Projects/BatteryCollectorCPP/BatteryCollector/Intermediate/Shaders/WorkingDirectory/9672/).
[2017.10.01-09.36.13:435][  0]LogShaderCompilers: Cleaned the shader compiler working directory 'C:/Users/huozi/AppData/Local/Temp/UnrealShaderWorkingDir/4E526BBF4A790F3911402FB3F78DE3CB/'.
[2017.10.01-09.36.13:435][  0]LogShaderCompilers: Display: Using Local Shader Compiler.
[2017.10.01-09.36.14:467][  0]LogTemp: Display: Loaded TP AllDesktopTargetPlatform
[2017.10.01-09.36.14:533][  0]LogTemp: Display: Loaded TP MacClientTargetPlatform
[2017.10.01-09.36.14:596][  0]LogTemp: Display: Loaded TP MacNoEditorTargetPlatform
[2017.10.01-09.36.14:662][  0]LogTemp: Display: Loaded TP MacServerTargetPlatform
[2017.10.01-09.36.14:729][  0]LogTemp: Display: Loaded TP MacTargetPlatform
[2017.10.01-09.36.14:799][  0]LogTemp: Display: Loaded TP WindowsClientTargetPlatform
[2017.10.01-09.36.14:878][  0]LogTemp: Display: Loaded TP WindowsNoEditorTargetPlatform
[2017.10.01-09.36.14:944][  0]LogTemp: Display: Loaded TP WindowsServerTargetPlatform
[2017.10.01-09.36.15:002][  0]LogTemp: Display: Loaded TP WindowsTargetPlatform
[2017.10.01-09.36.15:067][  0]LogTemp: Display: Loaded TP AndroidTargetPlatform
[2017.10.01-09.36.15:131][  0]LogTemp: Display: Loaded TP Android_ASTCTargetPlatform
[2017.10.01-09.36.15:194][  0]LogTemp: Display: Loaded TP Android_ATCTargetPlatform
[2017.10.01-09.36.15:256][  0]LogTemp: Display: Loaded TP Android_DXTTargetPlatform
[2017.10.01-09.36.15:317][  0]LogTemp: Display: Loaded TP Android_ETC1TargetPlatform
[2017.10.01-09.36.15:378][  0]LogTemp: Display: Loaded TP Android_ETC2TargetPlatform
[2017.10.01-09.36.15:508][  0]LogTemp: Display: Loaded TP Android_MultiTargetPlatform
[2017.10.01-09.36.15:508][  0]LogTemp: Display: Loaded TP Android_PVRTCTargetPlatform
[2017.10.01-09.36.15:563][  0]LogTemp: Display: Loaded TP HTML5TargetPlatform
[2017.10.01-09.36.15:680][  0]LogTemp: Display: Loaded TP IOSTargetPlatform
[2017.10.01-09.36.15:715][  0]LogTemp: Display: Loaded TP TVOSTargetPlatform
[2017.10.01-09.36.15:778][  0]LogTemp: Display: Loaded TP LinuxClientTargetPlatform
[2017.10.01-09.36.15:840][  0]LogTemp: Display: Loaded TP LinuxNoEditorTargetPlatform
[2017.10.01-09.36.15:903][  0]LogTemp: Display: Loaded TP LinuxServerTargetPlatform
[2017.10.01-09.36.15:966][  0]LogTemp: Display: Loaded TP LinuxTargetPlatform
[2017.10.01-09.36.15:966][  0]LogTargetPlatformManager: Display: Building Assets For Windows
[2017.10.01-09.36.16:605][  0]LogDerivedDataCache: Display: Max Cache Size: 512 MB
[2017.10.01-09.36.16:714][  0]LogDerivedDataCache: Loaded boot cache 0.11s 93MB C:/Users/huozi/AppData/Local/UnrealEngine/4.17/DerivedDataCache/Boot.ddc.
[2017.10.01-09.36.16:714][  0]LogDerivedDataCache: Display: Loaded Boot cache: C:/Users/huozi/AppData/Local/UnrealEngine/4.17/DerivedDataCache/Boot.ddc
[2017.10.01-09.36.16:715][  0]LogDerivedDataCache: FDerivedDataBackendGraph:  Pak pak cache file ../../../../../../Users/huozi/Documents/Unreal Projects/BatteryCollectorCPP/BatteryCollector/DerivedDataCache/DDC.ddp not found, will not use a pak cache.
[2017.10.01-09.36.16:715][  0]LogDerivedDataCache: Unable to find inner node Pak for hierarchical cache Hierarchy.
[2017.10.01-09.36.16:715][  0]LogDerivedDataCache: FDerivedDataBackendGraph:  CompressedPak pak cache file ../../../../../../Users/huozi/Documents/Unreal Projects/BatteryCollectorCPP/BatteryCollector/DerivedDataCache/Compressed.ddp not found, will not use a pak cache.
[2017.10.01-09.36.16:715][  0]LogDerivedDataCache: Unable to find inner node CompressedPak for hierarchical cache Hierarchy.
[2017.10.01-09.36.16:731][  0]LogDerivedDataCache: Display: Pak cache opened for reading ../../../Engine/DerivedDataCache/Compressed.ddp.
[2017.10.01-09.36.16:744][  0]LogDerivedDataCache: Using Local data cache path C:/Users/huozi/AppData/Local/UnrealEngine/Common/DerivedDataCache: Writable
[2017.10.01-09.36.16:755][  0]LogMaterial: Verifying Global Shaders for PCD3D_SM5
[2017.10.01-09.36.16:755][  0]LogSlate: Using Freetype 2.6.0
[2017.10.01-09.36.16:756][  0]LogSlate: SlateFontCache - WITH_FREETYPE: 1, WITH_HARFBUZZ: 1
[2017.10.01-09.36.16:756][  0]LogSlate: SlateFontCache - WITH_FREETYPE: 1, WITH_HARFBUZZ: 1
[2017.10.01-09.36.17:034][  0]LogAssetRegistry: FAssetRegistry took 0.0262 seconds to start up
[2017.10.01-09.36.17:178][  0]LogInit: Selected Device Profile: [Windows]
[2017.10.01-09.36.17:337][  0]LogContentStreaming: Texture pool size is 0.00 MB
[2017.10.01-09.36.17:742][  0]LogSimplygon: Simplygon DLL not present - disabling.
[2017.10.01-09.36.17:794][  0]LogMeshReduction: Using SimplygonSwarm for distributed automatic mesh merging
[2017.10.01-09.36.17:794][  0]LogMeshReduction: Using QuadricMeshReduction for automatic static mesh reduction
[2017.10.01-09.36.17:794][  0]LogMeshReduction: No automatic skeletal mesh reduction module available
[2017.10.01-09.36.17:794][  0]LogMeshReduction: No automatic mesh merging module available
[2017.10.01-09.36.17:794][  0]LogMeshMerging: No automatic mesh merging module available
[2017.10.01-09.36.18:190][  0]LogNetVersion: BatteryCollector , NetCL: 3573198, EngineNetVer: 2, GameNetVer: 0 (Checksum: 2326356035)
[2017.10.01-09.36.18:434][  0]LogPackageLocalizationCache: Processed 5 localized package path(s) for 2 prioritized culture(s) in 0.047384 seconds
[2017.10.01-09.36.18:440][  0]LogUObjectArray: 35825 objects as part of root set at end of initial load.
[2017.10.01-09.36.18:440][  0]LogUObjectAllocator: 7529104 out of 0 bytes used by permanent object pool.
[2017.10.01-09.36.18:440][  0]LogUObjectArray: CloseDisregardForGC: 0/0 objects in disregard for GC pool
[2017.10.01-09.36.18:525][  0]LogInit: WinSock: version 1.1 (2.2), MaxSocks=32767, MaxUdp=65467
[2017.10.01-09.36.21:589][  0]LogTcpMessaging: Initializing TcpMessaging bridge
[2017.10.01-09.36.21:638][  0]LogUdpMessaging: Initializing bridge on interface 0.0.0.0:0 to multicast group 230.0.0.1:6666.
[2017.10.01-09.36.22:670][  0]LogMaterial: Uniform references updated for custom material expression Custom.
[2017.10.01-09.36.23:177][  0]SourceControl: Source control is disabled
[2017.10.01-09.36.23:177][  0]SourceControl: Source control is disabled
[2017.10.01-09.36.23:243][  0]SourceControl: Source control is disabled
[2017.10.01-09.36.23:304][  0]SourceControl: Source control is disabled
[2017.10.01-09.36.24:058][  0]LogAndroidPermission: UAndroidPermissionCallbackProxy::GetInstance
[2017.10.01-09.36.24:373][  0]LogOcInput: OculusInput pre-init called
[2017.10.01-09.36.24:698][  0]LogEngine: Initializing Engine...
[2017.10.01-09.36.24:700][  0]LogHMD: Failed to initialize OpenVR with code 110
[2017.10.01-09.36.24:952][  0]LogStats: UGameplayTagsManager::ConstructGameplayTagTree: Construct from data asset -  0.000 s
[2017.10.01-09.36.24:952][  0]LogStats: UGameplayTagsManager::ConstructGameplayTagTree: GameplayTagTreeChangedEvent.Broadcast -  0.000 s
[2017.10.01-09.36.25:129][  0]LogAIModule: Creating AISystem for world Untitled
[2017.10.01-09.36.25:134][  0]LogInit: Failed to create XAudio2 interface
[2017.10.01-09.36.25:317][  0]LogDerivedDataCache: Saved boot cache 0.18s 93MB C:/Users/huozi/AppData/Local/UnrealEngine/4.17/DerivedDataCache/Boot.ddc.
[2017.10.01-09.36.25:349][  0]LogInit: Texture streaming: Enabled
[2017.10.01-09.36.25:537][  0]LogEngineSessionManager: EngineSessionManager initialized
[2017.10.01-09.36.25:815][  0]LogInit: Transaction tracking system initialized
[2017.10.01-09.36.26:210][  0]BlueprintLog: New page: Editor Load
[2017.10.01-09.36.27:389][  0]LocalizationService: Localization service is disabled
[2017.10.01-09.36.28:278][  0]LogConsoleResponse: Display: 
[2017.10.01-09.36.28:499][  0]LogCook: Display: Max memory allowance for cook 16384mb min free memory 0mb
[2017.10.01-09.36.28:499][  0]LogCook: Display: Mobile HDR setting 1
[2017.10.01-09.36.28:499][  0]LogGameplayTags: Display: UGameplayTagsManager::DoneAddingNativeTags. DelegateIsBound: 0
[2017.10.01-09.36.29:182][  0]LogFileCache: Scanning file cache for directory 'C:/Users/huozi/Documents/Unreal Projects/BatteryCollectorCPP/BatteryCollector/Content/' took 0.01s
[2017.10.01-09.36.29:880][  0]SourceControl: Source control is disabled
[2017.10.01-09.36.29:880][  0]Cmd: MAP LOAD FILE="../../../../../../Users/huozi/Documents/Unreal Projects/BatteryCollectorCPP/BatteryCollector/Saved/Untitled_1.umap" TEMPLATE=0 SHOWPROGRESS=1 FEATURELEVEL=3
[2017.10.01-09.36.29:880][  0]LogEditorServer: Warning: Can't find file '../../../../../../Users/huozi/Documents/Unreal Projects/BatteryCollectorCPP/BatteryCollector/Saved/Untitled_1.umap'
[2017.10.01-09.36.29:880][  0]Cmd: MAP CHECKDEP NOCLEARLOG
[2017.10.01-09.36.29:945][  0]MapCheck: Map check complete: 0 Error(s), 0 Warning(s), took 64.695ms to complete.
[2017.10.01-09.36.29:945][  0]LogFileHelpers: Loading map 'Untitled_1' took 0.065
[2017.10.01-09.36.30:216][  0]LogCollectionManager: Loaded 0 collections in 0.002144 seconds
[2017.10.01-09.36.30:323][  0]LogFileCache: Scanning file cache for directory 'C:/Users/huozi/Documents/Unreal Projects/BatteryCollectorCPP/BatteryCollector/Saved/Collections/' took 0.01s
[2017.10.01-09.36.30:323][  0]LogFileCache: Scanning file cache for directory 'C:/Users/huozi/Documents/Unreal Projects/BatteryCollectorCPP/BatteryCollector/Content/Developers/huozi/Collections/' took 0.01s
[2017.10.01-09.36.30:323][  0]LogFileCache: Scanning file cache for directory 'C:/Users/huozi/Documents/Unreal Projects/BatteryCollectorCPP/BatteryCollector/Content/Collections/' took 0.01s
[2017.10.01-09.36.30:324][  0]LogCollectionManager: Rebuilt the GUID cache for 0 collections in 0.000000 seconds
[2017.10.01-09.36.30:334][  0]LogContentBrowser: Native class hierarchy populated in 0.0099 seconds. Added 2390 classes and 502 folders.
[2017.10.01-09.36.30:419][  0]LogContentBrowser: Native class hierarchy updated for 'WidgetCarousel' in 0.0019 seconds. Added 0 classes and 0 folders.
[2017.10.01-09.36.30:474][  0]LogContentBrowser: Native class hierarchy updated for 'AddContentDialog' in 0.0021 seconds. Added 0 classes and 0 folders.
[2017.10.01-09.36.30:530][  0]LogContentBrowser: Native class hierarchy updated for 'SceneOutliner' in 0.0019 seconds. Added 1 classes and 2 folders.
[2017.10.01-09.36.30:642][  0]LogContentBrowser: Native class hierarchy updated for 'HierarchicalLODOutliner' in 0.0021 seconds. Added 1 classes and 2 folders.
[2017.10.01-09.36.30:642][  0]LogLoad: (Engine Initialization) Total time: 21.51 seconds
[2017.10.01-09.36.30:642][  0]LogLoad: (Engine Initialization) Total Blueprint compile time: 0.00 seconds
[2017.10.01-09.36.30:642][  0]LogExternalProfiler: Found external profiler: VSPerf
[2017.10.01-09.36.30:642][  0]LogExternalProfiler: Using external profiler: VSPerf
[2017.10.01-09.36.31:013][  0]LogContentStreaming: Texture pool size now 1000 MB
[2017.10.01-09.36.31:017][  0]LogSlate: Took 0.000737 seconds to synchronously load lazily loaded font '../../../Engine/Content/Slate/Fonts/Roboto-Regular.ttf' (155K)
[2017.10.01-09.36.31:022][  0]LogSlate: Took 0.000750 seconds to synchronously load lazily loaded font '../../../Engine/Content/Slate/Fonts/Roboto-Bold.ttf' (160K)
[2017.10.01-09.36.31:034][  0]LogSlate: Took 0.000328 seconds to synchronously load lazily loaded font '../../../Engine/Content/Editor/Slate/Fonts/FontAwesome.ttf' (139K)
[2017.10.01-09.36.31:144][  0]LogSlate: Took 0.000271 seconds to synchronously load lazily loaded font '../../../Engine/Content/Slate/Fonts/Roboto-Light.ttf' (159K)
[2017.10.01-09.36.31:369][  2]LogRenderer: Reallocating scene render targets to support 980x480 Format 10 NumSamples 1 (Frame:1).
[2017.10.01-09.36.31:998][  3]LogAssetRegistry: Asset discovery search completed in 14.9864 seconds
[2017.10.01-09.36.32:003][  3]LogCollectionManager: Rebuilt the object cache for 0 collections in 0.000001 seconds (found 0 objects)
[2017.10.01-09.36.32:003][  3]LogCollectionManager: Fixed up redirectors for 0 collections in 0.000135 seconds (updated 0 objects)
[2017.10.01-09.36.50:453][ 41]LogSlate: Took 0.000154 seconds to synchronously load lazily loaded font '../../../Engine/Content/Slate/Fonts/Roboto-Light.ttf' (159K)
[2017.10.01-09.36.51:154][ 41]LogAIModule: Creating AISystem for world Sample
[2017.10.01-09.36.51:186][ 41]Cmd: MAP LOAD FILE="../../../../../../Users/huozi/Documents/Unreal Projects/BatteryCollectorCPP/BatteryCollector/Content/ThirdPersonCPP/Maps/Sample.umap" TEMPLATE=0 SHOWPROGRESS=1 FEATURELEVEL=3
[2017.10.01-09.36.51:186][ 41]LightingResults: New page: Lighting Build
[2017.10.01-09.36.51:245][ 41]LogContentBrowser: Native class hierarchy updated for 'StatsViewer' in 0.0019 seconds. Added 5 classes and 0 folders.
[2017.10.01-09.36.51:246][ 41]LoadErrors: New page: Loading map: Sample.umap
[2017.10.01-09.36.51:246][ 41]MapCheck: New page: Map Check
[2017.10.01-09.36.51:246][ 41]LightingResults: New page: Lighting Build
[2017.10.01-09.36.51:266][ 41]LogEditorServer: Finished looking for orphan Actors (0.000 secs)
[2017.10.01-09.36.51:304][ 41]Cmd: MAP CHECKDEP NOCLEARLOG
[2017.10.01-09.36.51:383][ 41]MapCheck: Map check complete: 0 Error(s), 0 Warning(s), took 79.491ms to complete.
[2017.10.01-09.36.51:384][ 41]LogFileHelpers: Loading map 'Sample' took 0.199
[2017.10.01-09.50.02:293][722]LogEditorViewport: Clicking on Actor (LMB): BP_DemoRoom_C (BP_DemoRoom)
[2017.10.01-09.50.02:780][769]LogEditorViewport: Clicking on Actor (LMB): Battery_BP_C (Battery_BP)
[2017.10.01-09.50.07:229][234]Cmd: DELETE
[2017.10.01-09.50.07:229][234]Cmd: ACTOR DELETE
[2017.10.01-09.50.07:329][234]LogEditorActor: Deleted Actor: Battery_BP_C
[2017.10.01-09.50.07:344][234]LogEditorActor: Deleted 1 Actors (0.020 secs)
[2017.10.01-09.50.29:108][148]LogSlate: Took 0.000223 seconds to synchronously load lazily loaded font '../../../Engine/Content/Slate/Fonts/Roboto-Light.ttf' (159K)
[2017.10.01-09.50.38:193][213]LogSavePackage: Save=53.18ms
[2017.10.01-09.50.38:193][213]LogSavePackage: Moving '../../../../../../Users/huozi/Documents/Unreal Projects/BatteryCollectorCPP/BatteryCollector/Saved/Sample_Auto1C455FCF64899DDD4950F68949505EA62.tmp' to '../../../../../../Users/huozi/Documents/Unreal Projects/BatteryCollectorCPP/BatteryCollector/Saved/Autosaves/Game/ThirdPersonCPP/Maps/Sample_Auto1.umap'
[2017.10.01-09.50.38:195][213]LogSavePackage: Display: Finished SavePackage ../../../../../../Users/huozi/Documents/Unreal Projects/BatteryCollectorCPP/BatteryCollector/Saved/Autosaves/Game/ThirdPersonCPP/Maps/Sample_Auto1.umap
[2017.10.01-09.50.38:198][213]LogFileHelpers: Editor autosave (incl. sublevels) for '/Game/ThirdPersonCPP/Maps/Sample' took 0.079
[2017.10.01-09.50.38:198][213]LogFileHelpers: Editor autosave (incl. sublevels) for all levels took 0.079
[2017.10.01-09.50.46:048][142]LogSlate: Took 0.016492 seconds to synchronously load lazily loaded font '../../../Engine/Content/Editor/Slate/Fonts/Roboto-BoldCondensed.ttf' (158K)
[2017.10.01-09.51.14:510][451]Running C:/Program Files/Epic Games/UE_4.17/Engine/Binaries/DotNET/UnrealBuildTool.exe  -projectfiles -project="C:/Users/huozi/Documents/Unreal Projects/BatteryCollectorCPP/BatteryCollector/BatteryCollector.uproject" -game -rocket -progress
[2017.10.01-09.51.14:815][451]Discovering modules, targets and source code for project...
[2017.10.01-09.51.19:843][451]LogSlate: Took 0.000197 seconds to synchronously load lazily loaded font '../../../Engine/Content/Slate/Fonts/Roboto-Regular.ttf' (155K)
[2017.10.01-09.51.22:986][451]LogVSAccessor: Warning: Couldn't access Visual Studio
[2017.10.01-09.51.22:995][451]Candidate modules for hot reload:
[2017.10.01-09.51.22:996][451]  BatteryCollector
[2017.10.01-09.51.22:996][451]Launching UnrealBuildTool... [C:/Program Files/Epic Games/UE_4.17/Engine/Binaries/DotNET/UnrealBuildTool.exe BatteryCollector -ModuleWithSuffix BatteryCollector 9406 Win64 Development -editorrecompile -canskiplink "C:/Users/huozi/Documents/Unreal Projects/BatteryCollectorCPP/BatteryCollector/BatteryCollector.uproject" ]
[2017.10.01-09.52.12:989][451]CompilerResultsLog: New page: Compilation - Oct 2, 2017, 3:52:12 AM
[2017.10.01-09.52.12:990][451]CompilerResultsLog: Compiling game modules for hot reload
[2017.10.01-09.52.12:990][451]CompilerResultsLog: Parsing headers for BatteryCollectorEditor
[2017.10.01-09.52.12:990][451]CompilerResultsLog:   Running UnrealHeaderTool "C:\Users\huozi\Documents\Unreal Projects\BatteryCollectorCPP\BatteryCollector\BatteryCollector.uproject" "C:\Users\huozi\Documents\Unreal Projects\BatteryCollectorCPP\BatteryCollector\Intermediate\Build\Win64\BatteryCollectorEditor\Development\BatteryCollectorEditor.uhtmanifest" -LogCmds="loginit warning, logexit warning, logdatabase error" -Unattended -WarningsAsErrors -installed
[2017.10.01-09.52.12:990][451]CompilerResultsLog: Reflection code generated for BatteryCollectorEditor in 8.471741 seconds
[2017.10.01-09.52.12:990][451]CompilerResultsLog: Performing 5 actions (4 in parallel)
[2017.10.01-09.52.12:990][451]CompilerResultsLog: SpawnVolume.cpp
[2017.10.01-09.52.12:990][451]CompilerResultsLog: SpawnVolume.gen.cpp
[2017.10.01-09.52.12:990][451]CompilerResultsLog: BatteryCollector.init.gen.cpp
[2017.10.01-09.52.12:990][451]CompilerResultsLog: [4/5] Link UE4Editor-BatteryCollector-9406.dll
[2017.10.01-09.52.12:990][451]CompilerResultsLog: [5/5] Link UE4Editor-BatteryCollector-9406.lib
[2017.10.01-09.52.12:990][451]CompilerResultsLog:    Creating library C:\Users\huozi\Documents\Unreal Projects\BatteryCollectorCPP\BatteryCollector\Intermediate\Build\Win64\UE4Editor\Development\UE4Editor-BatteryCollector-9406.lib and object C:\Users\huozi\Documents\Unreal Projects\BatteryCollectorCPP\BatteryCollector\Intermediate\Build\Win64\UE4Editor\Development\UE4Editor-BatteryCollector-9406.exp
[2017.10.01-09.52.12:990][451]CompilerResultsLog:    Creating library C:\Users\huozi\Documents\Unreal Projects\BatteryCollectorCPP\BatteryCollector\Intermediate\Build\Win64\UE4Editor\Development\UE4Editor-BatteryCollector-9406.suppressed.lib and object C:\Users\huozi\Documents\Unreal Projects\BatteryCollectorCPP\BatteryCollector\Intermediate\Build\Win64\UE4Editor\Development\UE4Editor-BatteryCollector-9406.suppressed.exp
[2017.10.01-09.52.12:990][451]CompilerResultsLog: Total build time: 49.72 seconds (Local executor: 3.20 seconds)
[2017.10.01-09.52.12:990][451]LogMainFrame: MainFrame: Module compiling took 50.004 seconds
[2017.10.01-09.52.13:093][451]LogClass: Could not find existing class SpawnVolume in package /Script/BatteryCollector for HotReload, assuming new class
[2017.10.01-09.52.13:098][451]LogContentBrowser: Native class hierarchy updated for 'BatteryCollector' in 0.0022 seconds. Added 5 classes and 2 folders.
[2017.10.01-09.52.13:100][451]Display: HotReload successful (2 functions remapped  0 scriptstructs remapped)
[2017.10.01-09.52.13:180][451]LogContentBrowser: Native class hierarchy populated in 0.0118 seconds. Added 2393 classes and 506 folders.
[2017.10.01-09.52.13:197][451]Display: HotReload took 50.2s.
[2017.10.01-09.52.13:199][451]Warning: HotReload operation took 50.2s.
[2017.10.01-09.52.13:261][451]LogHotReload: New module detected: UE4Editor-BatteryCollector-9406.dll
[2017.10.01-09.52.13:291][452]LogHotReload: Starting Hot-Reload from IDE
[2017.10.01-09.52.13:405][452]LogContentBrowser: Native class hierarchy updated for 'BatteryCollector' in 0.0023 seconds. Added 5 classes and 2 folders.
[2017.10.01-09.52.13:407][452]Display: HotReload successful (0 functions remapped  0 scriptstructs remapped)
[2017.10.01-09.52.13:419][452]LogContentBrowser: Native class hierarchy populated in 0.0100 seconds. Added 2393 classes and 506 folders.
[2017.10.01-09.52.13:425][452]Display: HotReload took  0.1s.
[2017.10.01-09.52.30:036][545]LogVSAccessor: Warning: Visual Studio is open but could not be queried - it may be blocked by a modal operation
[2017.10.01-09.52.30:060][546]LogVSAccessor: Warning: Visual Studio is open but could not be queried - it may be blocked by a modal operation
[2017.10.01-09.52.30:393][547]LogVSAccessor: Warning: Visual Studio is open but could not be queried - it may be blocked by a modal operation
[2017.10.01-09.52.30:726][548]LogVSAccessor: Warning: Visual Studio is open but could not be queried - it may be blocked by a modal operation
[2017.10.01-09.52.31:059][549]LogVSAccessor: Warning: Visual Studio is open but could not be queried - it may be blocked by a modal operation
[2017.10.01-09.52.31:392][550]LogVSAccessor: Warning: Visual Studio is open but could not be queried - it may be blocked by a modal operation
[2017.10.01-09.52.31:722][551]LogVSAccessor: Warning: Visual Studio is open but could not be queried - it may be blocked by a modal operation
[2017.10.01-09.52.32:059][552]LogVSAccessor: Warning: Visual Studio is open but could not be queried - it may be blocked by a modal operation
[2017.10.01-09.52.32:392][553]LogVSAccessor: Warning: Visual Studio is open but could not be queried - it may be blocked by a modal operation
[2017.10.01-09.52.32:721][554]LogVSAccessor: Warning: Visual Studio is open but could not be queried - it may be blocked by a modal operation
[2017.10.01-09.52.33:056][555]LogVSAccessor: Warning: Visual Studio is open but could not be queried - it may be blocked by a modal operation
[2017.10.01-09.52.33:386][556]LogVSAccessor: Warning: Visual Studio is open but could not be queried - it may be blocked by a modal operation
[2017.10.01-09.52.33:726][557]LogVSAccessor: Warning: Visual Studio is open but could not be queried - it may be blocked by a modal operation
[2017.10.01-09.52.34:059][558]LogVSAccessor: Warning: Visual Studio is open but could not be queried - it may be blocked by a modal operation
[2017.10.01-09.52.34:391][559]LogVSAccessor: Warning: Visual Studio is open but could not be queried - it may be blocked by a modal operation
[2017.10.01-09.52.34:726][560]LogVSAccessor: Warning: Visual Studio is open but could not be queried - it may be blocked by a modal operation
[2017.10.01-09.52.35:059][561]LogVSAccessor: Warning: Visual Studio is open but could not be queried - it may be blocked by a modal operation
[2017.10.01-09.52.35:389][562]LogVSAccessor: Warning: Visual Studio is open but could not be queried - it may be blocked by a modal operation
[2017.10.01-09.52.35:726][563]LogVSAccessor: Warning: Visual Studio is open but could not be queried - it may be blocked by a modal operation
[2017.10.01-09.52.36:059][564]LogVSAccessor: Warning: Visual Studio is open but could not be queried - it may be blocked by a modal operation
[2017.10.01-09.52.36:392][565]LogVSAccessor: Warning: Visual Studio is open but could not be queried - it may be blocked by a modal operation
[2017.10.01-09.52.36:725][566]LogVSAccessor: Warning: Visual Studio is open but could not be queried - it may be blocked by a modal operation
[2017.10.01-09.52.37:059][567]LogVSAccessor: Warning: Visual Studio is open but could not be queried - it may be blocked by a modal operation
[2017.10.01-09.52.37:391][568]LogVSAccessor: Warning: Visual Studio is open but could not be queried - it may be blocked by a modal operation
[2017.10.01-09.52.37:725][569]LogVSAccessor: Warning: Visual Studio is open but could not be queried - it may be blocked by a modal operation
[2017.10.01-09.52.38:059][570]LogVSAccessor: Warning: Visual Studio is open but could not be queried - it may be blocked by a modal operation
[2017.10.01-09.52.38:392][571]LogVSAccessor: Warning: Visual Studio is open but could not be queried - it may be blocked by a modal operation
[2017.10.01-09.52.38:725][572]LogVSAccessor: Warning: Visual Studio is open but could not be queried - it may be blocked by a modal operation
[2017.10.01-09.52.39:059][573]LogVSAccessor: Warning: Visual Studio is open but could not be queried - it may be blocked by a modal operation
[2017.10.01-09.52.39:391][574]LogVSAccessor: Warning: Visual Studio is open but could not be queried - it may be blocked by a modal operation
[2017.10.01-09.52.39:725][575]LogVSAccessor: Warning: Visual Studio is open but could not be queried - it may be blocked by a modal operation
[2017.10.01-09.52.40:059][576]LogVSAccessor: Warning: Visual Studio is open but could not be queried - it may be blocked by a modal operation
[2017.10.01-09.52.40:394][577]LogVSAccessor: Warning: Visual Studio is open but could not be queried - it may be blocked by a modal operation
[2017.10.01-09.52.40:725][578]LogVSAccessor: Warning: Visual Studio is open but could not be queried - it may be blocked by a modal operation
[2017.10.01-09.52.41:058][579]LogVSAccessor: Warning: Visual Studio is open but could not be queried - it may be blocked by a modal operation
[2017.10.01-09.52.41:391][580]LogVSAccessor: Warning: Visual Studio is open but could not be queried - it may be blocked by a modal operation
[2017.10.01-09.52.41:726][581]LogVSAccessor: Warning: Visual Studio is open but could not be queried - it may be blocked by a modal operation
[2017.10.01-09.52.42:055][582]LogVSAccessor: Warning: Visual Studio is open but could not be queried - it may be blocked by a modal operation
[2017.10.01-09.52.42:389][583]LogVSAccessor: Warning: Visual Studio is open but could not be queried - it may be blocked by a modal operation
[2017.10.01-09.52.42:725][584]LogVSAccessor: Warning: Visual Studio is open but could not be queried - it may be blocked by a modal operation
[2017.10.01-09.52.43:058][585]LogVSAccessor: Warning: Visual Studio is open but could not be queried - it may be blocked by a modal operation
[2017.10.01-09.52.43:392][586]LogVSAccessor: Warning: Visual Studio is open but could not be queried - it may be blocked by a modal operation
[2017.10.01-09.52.43:725][587]LogVSAccessor: Warning: Visual Studio is open but could not be queried - it may be blocked by a modal operation
[2017.10.01-09.52.44:059][588]LogVSAccessor: Warning: Visual Studio is open but could not be queried - it may be blocked by a modal operation
[2017.10.01-09.52.44:392][589]LogVSAccessor: Warning: Visual Studio is open but could not be queried - it may be blocked by a modal operation
[2017.10.01-09.52.44:725][590]LogVSAccessor: Warning: Visual Studio is open but could not be queried - it may be blocked by a modal operation
[2017.10.01-09.52.45:059][591]LogVSAccessor: Warning: Visual Studio is open but could not be queried - it may be blocked by a modal operation
[2017.10.01-09.52.45:392][592]LogVSAccessor: Warning: Visual Studio is open but could not be queried - it may be blocked by a modal operation
[2017.10.01-09.52.45:726][593]LogVSAccessor: Warning: Visual Studio is open but could not be queried - it may be blocked by a modal operation
[2017.10.01-09.52.46:060][594]LogVSAccessor: Warning: Visual Studio is open but could not be queried - it may be blocked by a modal operation
[2017.10.01-09.52.46:391][595]LogVSAccessor: Warning: Visual Studio is open but could not be queried - it may be blocked by a modal operation
[2017.10.01-09.52.46:725][596]LogVSAccessor: Warning: Visual Studio is open but could not be queried - it may be blocked by a modal operation
[2017.10.01-09.52.47:056][597]LogVSAccessor: Warning: Visual Studio is open but could not be queried - it may be blocked by a modal operation
[2017.10.01-09.52.47:394][598]LogVSAccessor: Warning: Visual Studio is open but could not be queried - it may be blocked by a modal operation
[2017.10.01-09.52.47:725][599]LogVSAccessor: Warning: Visual Studio is open but could not be queried - it may be blocked by a modal operation
[2017.10.01-09.52.48:058][600]LogVSAccessor: Warning: Visual Studio is open but could not be queried - it may be blocked by a modal operation
[2017.10.01-09.52.48:391][601]LogVSAccessor: Warning: Visual Studio is open but could not be queried - it may be blocked by a modal operation
[2017.10.01-09.52.48:725][602]LogVSAccessor: Warning: Visual Studio is open but could not be queried - it may be blocked by a modal operation
[2017.10.01-09.52.49:059][603]LogVSAccessor: Warning: Visual Studio is open but could not be queried - it may be blocked by a modal operation
[2017.10.01-09.52.49:389][604]LogVSAccessor: Warning: Visual Studio is open but could not be queried - it may be blocked by a modal operation
[2017.10.01-09.52.49:726][605]LogVSAccessor: Warning: Visual Studio is open but could not be queried - it may be blocked by a modal operation
[2017.10.01-09.52.50:059][606]LogVSAccessor: Warning: Visual Studio is open but could not be queried - it may be blocked by a modal operation
[2017.10.01-09.52.50:388][607]LogVSAccessor: Warning: Visual Studio is open but could not be queried - it may be blocked by a modal operation
[2017.10.01-09.52.50:725][608]LogVSAccessor: Warning: Visual Studio is open but could not be queried - it may be blocked by a modal operation
[2017.10.01-09.52.51:059][609]LogVSAccessor: Warning: Visual Studio is open but could not be queried - it may be blocked by a modal operation
[2017.10.01-09.52.51:394][610]LogVSAccessor: Warning: Visual Studio is open but could not be queried - it may be blocked by a modal operation
[2017.10.01-09.53.40:606][611]LogVSAccessor: Warning: Couldn't goto line number '0' in 'C:/Users/huozi/Documents/Unreal Projects/BatteryCollectorCPP/BatteryCollector/Source/BatteryCollector/SpawnVolume.h'
[2017.10.01-09.53.40:628][611]LogVSAccessor: Warning: Couldn't goto line number '0' in 'C:/Users/huozi/Documents/Unreal Projects/BatteryCollectorCPP/BatteryCollector/Source/BatteryCollector/SpawnVolume.cpp'
[2017.10.01-10.20.43:032][685]Candidate modules for hot reload:
[2017.10.01-10.20.43:032][685]  BatteryCollector
[2017.10.01-10.20.43:032][685]Launching UnrealBuildTool... [C:/Program Files/Epic Games/UE_4.17/Engine/Binaries/DotNET/UnrealBuildTool.exe BatteryCollector -ModuleWithSuffix BatteryCollector 7873 Win64 Development -editorrecompile -canskiplink "C:/Users/huozi/Documents/Unreal Projects/BatteryCollectorCPP/BatteryCollector/BatteryCollector.uproject" ]
[2017.10.01-10.20.43:034][685]Warning: Starting HotReload took  0.1s.
[2017.10.01-10.20.51:219][119]LogEditorViewport: Clicking on Actor (LMB): BP_DemoRoom_C (BP_DemoRoom)
[2017.10.01-10.21.54:624][663]CompilerResultsLog: New page: Compilation - Oct 2, 2017, 4:21:54 AM
[2017.10.01-10.21.54:624][663]CompilerResultsLog: Compiling game modules for hot reload
[2017.10.01-10.21.54:624][663]CompilerResultsLog: Parsing headers for BatteryCollectorEditor
[2017.10.01-10.21.54:624][663]CompilerResultsLog:   Running UnrealHeaderTool "C:\Users\huozi\Documents\Unreal Projects\BatteryCollectorCPP\BatteryCollector\BatteryCollector.uproject" "C:\Users\huozi\Documents\Unreal Projects\BatteryCollectorCPP\BatteryCollector\Intermediate\Build\Win64\BatteryCollectorEditor\Development\BatteryCollectorEditor.uhtmanifest" -LogCmds="loginit warning, logexit warning, logdatabase error" -Unattended -WarningsAsErrors -installed
[2017.10.01-10.21.54:624][663]CompilerResultsLog: Error: C:/Users/huozi/Documents/Unreal Projects/BatteryCollectorCPP/BatteryCollector/Source/BatteryCollector/SpawnVolume.h(31)  : LogCompile: Error: BlueprintReadOnly should not be used on private members
[2017.10.01-10.21.54:625][663]CompilerResultsLog: Error: UnrealHeaderTool failed for target 'BatteryCollectorEditor' (platform: Win64, module info: C:\Users\huozi\Documents\Unreal Projects\BatteryCollectorCPP\BatteryCollector\Intermediate\Build\Win64\BatteryCollectorEditor\Development\BatteryCollectorEditor.uhtmanifest, exit code: OtherCompilationError (5)).
[2017.10.01-10.21.54:625][663]LogMainFrame: MainFrame: Module compiling took 71.600 seconds
[2017.10.01-10.21.54:625][663]Warning: HotReload failed, recompile failed
[2017.10.01-10.36.21:261][250]Candidate modules for hot reload:
[2017.10.01-10.36.21:261][250]  BatteryCollector
[2017.10.01-10.36.21:262][250]Launching UnrealBuildTool... [C:/Program Files/Epic Games/UE_4.17/Engine/Binaries/DotNET/UnrealBuildTool.exe BatteryCollector -ModuleWithSuffix BatteryCollector 7567 Win64 Development -editorrecompile -canskiplink "C:/Users/huozi/Documents/Unreal Projects/BatteryCollectorCPP/BatteryCollector/BatteryCollector.uproject" ]
[2017.10.01-10.36.21:263][250]Warning: Starting HotReload took  0.0s.
[2017.10.01-10.36.35:708][708]CompilerResultsLog: New page: Compilation - Oct 2, 2017, 4:36:35 AM
[2017.10.01-10.36.35:708][708]CompilerResultsLog: Compiling game modules for hot reload
[2017.10.01-10.36.35:708][708]CompilerResultsLog: Parsing headers for BatteryCollectorEditor
[2017.10.01-10.36.35:708][708]CompilerResultsLog:   Running UnrealHeaderTool "C:\Users\huozi\Documents\Unreal Projects\BatteryCollectorCPP\BatteryCollector\BatteryCollector.uproject" "C:\Users\huozi\Documents\Unreal Projects\BatteryCollectorCPP\BatteryCollector\Intermediate\Build\Win64\BatteryCollectorEditor\Development\BatteryCollectorEditor.uhtmanifest" -LogCmds="loginit warning, logexit warning, logdatabase error" -Unattended -WarningsAsErrors -installed
[2017.10.01-10.36.35:708][708]CompilerResultsLog: Error: C:/Users/huozi/Documents/Unreal Projects/BatteryCollectorCPP/BatteryCollector/Source/BatteryCollector/SpawnVolume.h(31)  : LogCompile: Error: BlueprintReadOnly should not be used on private members
[2017.10.01-10.36.35:708][708]CompilerResultsLog: Error: UnrealHeaderTool failed for target 'BatteryCollectorEditor' (platform: Win64, module info: C:\Users\huozi\Documents\Unreal Projects\BatteryCollectorCPP\BatteryCollector\Intermediate\Build\Win64\BatteryCollectorEditor\Development\BatteryCollectorEditor.uhtmanifest, exit code: OtherCompilationError (5)).
[2017.10.01-10.36.35:708][708]LogMainFrame: MainFrame: Module compiling took 14.451 seconds
[2017.10.01-10.36.35:708][708]Warning: HotReload failed, recompile failed
[2017.10.01-10.37.32:939][592]LogVSAccessor: Warning: Couldn't goto line number '31' in 'C:/Users/huozi/Documents/Unreal Projects/BatteryCollectorCPP/BatteryCollector/Source/BatteryCollector/SpawnVolume.h'
