Log file open, 10/01/17 16:16:24
LogWindows: Failed to load 'aqProf.dll' (GetLastError=126)
LogWindows: File 'aqProf.dll' does not exist
LogWindows: Failed to load 'VtuneApi.dll' (GetLastError=126)
LogWindows: File 'VtuneApi.dll' does not exist
LogWindows: Failed to load 'VtuneApi32e.dll' (GetLastError=126)
LogWindows: File 'VtuneApi32e.dll' does not exist
LogInit: Display: Running engine for game: BatteryCollector
LogPlatformFile: Not using cached read wrapper
LogInit: Display: RandInit(852520618) SRandInit(852520618).
LogTaskGraph: Started task graph with 5 named threads and 14 total threads with 3 sets of task threads.
LogStats: Stats thread started at 0.180868
LogD3D11RHI: Aftermath initialized
LogPluginManager: Mounting plugin Paper2D
LogPluginManager: Mounting plugin LightPropagationVolume
LogPluginManager: Mounting plugin CodeLiteSourceCodeAccess
LogPluginManager: Mounting plugin GitSourceControl
LogPluginManager: Mounting plugin KDevelopSourceCodeAccess
LogPluginManager: Mounting plugin NullSourceCodeAccess
LogPluginManager: Mounting plugin PerforceSourceControl
LogPluginManager: Mounting plugin SubversionSourceControl
LogPluginManager: Mounting plugin UObjectPlugin
LogPluginManager: Mounting plugin VisualStudioSourceCodeAccess
LogPluginManager: Mounting plugin XCodeSourceCodeAccess
LogPluginManager: Mounting plugin AssetManagerEditor
LogPluginManager: Mounting plugin AudioCapture
LogPluginManager: Mounting plugin FacialAnimation
LogPluginManager: Mounting plugin GameplayTagsEditor
LogPluginManager: Mounting plugin MobileLauncherProfileWizard
LogPluginManager: Mounting plugin PluginBrowser
LogPluginManager: Mounting plugin SpeedTreeImporter
LogPluginManager: Mounting plugin AlembicImporter
LogPluginManager: Mounting plugin CharacterAI
LogPluginManager: Mounting plugin HTML5Networking
LogPluginManager: Mounting plugin AndroidMedia
LogPluginManager: Mounting plugin AvfMedia
LogPluginManager: Mounting plugin MediaPlayerEditor
LogPluginManager: Mounting plugin WmfMedia
LogPluginManager: Mounting plugin TcpMessaging
LogPluginManager: Mounting plugin UdpMessaging
LogPluginManager: Mounting plugin LevelSequenceEditor
LogPluginManager: Mounting plugin MatineeToLevelSequence
LogPluginManager: Mounting plugin OnlineSubsystemGooglePlay
LogPluginManager: Mounting plugin OnlineSubsystemIOS
LogPluginManager: Mounting plugin OnlineSubsystem
LogPluginManager: Mounting plugin OnlineSubsystemNull
LogPluginManager: Mounting plugin OnlineSubsystemUtils
LogPluginManager: Mounting plugin AndroidDeviceProfileSelector
LogPluginManager: Mounting plugin AndroidMoviePlayer
LogPluginManager: Mounting plugin AndroidPermission
LogPluginManager: Mounting plugin AppleMoviePlayer
LogPluginManager: Mounting plugin ArchVisCharacter
LogPluginManager: Mounting plugin CableComponent
LogPluginManager: Mounting plugin CustomMeshComponent
LogPluginManager: Mounting plugin ExampleDeviceProfileSelector
LogPluginManager: Mounting plugin GoogleCloudMessaging
LogPluginManager: Mounting plugin ImmediatePhysics
LogPluginManager: Mounting plugin IOSDeviceProfileSelector
LogPluginManager: Mounting plugin LinuxDeviceProfileSelector
LogPluginManager: Mounting plugin LocationServicesBPLibrary
LogPluginManager: Mounting plugin MobilePatchingUtils
LogPluginManager: Mounting plugin OculusVR
LogPluginManager: Mounting plugin PhysXVehicles
LogPluginManager: Mounting plugin ProceduralMeshComponent
LogPluginManager: Mounting plugin RuntimePhysXCooking
LogPluginManager: Mounting plugin SteamVR
LogPluginManager: Mounting plugin WindowsMoviePlayer
LogInit: Using libcurl 7.47.1
LogInit:  - built for x86_64-pc-win32
LogInit:  - supports SSL with OpenSSL/1.0.2g
LogInit:  - supports HTTP deflate (compression) using libz 1.2.8
LogInit:  - other features:
LogInit:      CURL_VERSION_SSL
LogInit:      CURL_VERSION_LIBZ
LogInit:      CURL_VERSION_IPV6
LogInit:      CURL_VERSION_ASYNCHDNS
LogInit:      CURL_VERSION_LARGEFILE
LogInit:      CURL_VERSION_IDN
LogInit:  CurlRequestOptions (configurable via config and command line):
LogInit:  - bVerifyPeer = false  - Libcurl will NOT verify peer certificate
LogInit:  - bUseHttpProxy = false  - Libcurl will NOT use HTTP proxy
LogInit:  - bDontReuseConnections = false  - Libcurl will reuse connections
LogInit:  - CertBundlePath = nullptr  - Libcurl will use whatever was configured at build time.
LogHMD: Failed initializing OVRPlugin 1.15.0
LogInit: Build: ++UE4+Release-4.17-CL-3658906
LogInit: Engine Version: 4.17.2-3658906+++UE4+Release-4.17
LogInit: Compatible Engine Version: 4.17.0-3573198+++UE4+Release-4.17
LogInit: Net CL: 3573198
LogDevObjectVersion: Number of dev versions registered: 16
LogDevObjectVersion:   Dev-Blueprints (B0D832E4-1F89-4F0D-ACCF-7EB736FD4AA2): 10
LogDevObjectVersion:   Dev-Build (E1C64328-A22C-4D53-A36C-8E866417BD8C): 0
LogDevObjectVersion:   Dev-Core (375EC13C-06E4-48FB-B500-84F0262A717E): 2
LogDevObjectVersion:   Dev-Editor (E4B068ED-F494-42E9-A231-DA0B2E46BB41): 20
LogDevObjectVersion:   Dev-Framework (CFFC743F-43B0-4480-9391-14DF171D2073): 28
LogDevObjectVersion:   Dev-Mobile (B02B49B5-BB20-44E9-A304-32B752E40360): 0
LogDevObjectVersion:   Dev-Networking (A4E4105C-59A1-49B5-A7C5-40C4547EDFEE): 0
LogDevObjectVersion:   Dev-Online (39C831C9-5AE6-47DC-9A44-9C173E1C8E7C): 0
LogDevObjectVersion:   Dev-Physics (78F01B33-EBEA-4F98-B9B4-84EACCB95AA2): 0
LogDevObjectVersion:   Dev-Platform (6631380F-2D4D-43E0-8009-CF276956A95A): 0
LogDevObjectVersion:   Dev-Rendering (12F88B9F-8875-4AFC-A67C-D90C383ABD29): 19
LogDevObjectVersion:   Dev-Sequencer (7B5AE74C-D270-4C10-A958-57980B212A5A): 4
LogDevObjectVersion:   Dev-VR (D7296918-1DD6-4BDD-9DE2-64A83CC13884): 0
LogDevObjectVersion:   Dev-LoadTimes (C2A15278-BFE7-4AFE-6C17-90FF531DF755): 1
LogDevObjectVersion:   Private-Geometry (6EACA3D4-40EC-4CC1-B786-8BED09428FC5): 1
LogDevObjectVersion:   Dev-AnimPhys (29E575DD-E0A3-4627-9D10-D276232CDCEA): 7
LogInit: Compiled (64-bit): Sep 22 2017 13:47:16
LogInit: Compiled with Visual C++: 19.00.24215.01
LogInit: Build Configuration: Development
LogInit: Branch Name: ++UE4+Release-4.17
LogInit: Command line:  
LogInit: Base directory: C:/Program Files/Epic Games/UE_4.17/Engine/Binaries/Win64/
LogInit: Installed Engine Build: 1
LogInit: Presizing for max 8388607 objects, including 0 objects not considered by GC, pre-allocating 0 bytes for permanent pool.
LogInit: Object subsystem initialized
[2017.10.01-07.16.27:779][  0]LogInit: Selected Device Profile: [Windows]
[2017.10.01-07.16.27:779][  0]LogInit: Applying CVar settings loaded from the selected device profile: [Windows]
[2017.10.01-07.16.27:848][  0]LogInit: Computer: DESKTOP-9TH7LOT
[2017.10.01-07.16.27:848][  0]LogInit: User: huozi
[2017.10.01-07.16.27:848][  0]LogInit: CPU Page size=4096, Cores=4
[2017.10.01-07.16.27:848][  0]LogInit: High frequency timer resolution =2.648438 MHz
[2017.10.01-07.16.27:848][  0]LogMemory: Memory total: Physical=8.0GB (8GB approx)
[2017.10.01-07.16.27:848][  0]LogMemory: Platform Memory Stats for Windows
[2017.10.01-07.16.27:848][  0]LogMemory: Process Physical Memory: 283.66 MB used, 283.66 MB peak
[2017.10.01-07.16.27:848][  0]LogMemory: Process Virtual Memory: 283.55 MB used, 283.55 MB peak
[2017.10.01-07.16.27:848][  0]LogMemory: Physical Memory: 3626.81 MB used,  4516.47 MB free, 8143.29 MB total
[2017.10.01-07.16.27:848][  0]LogMemory: Virtual Memory: 708.30 MB used,  4516.47 MB free, 134217728.00 MB total
[2017.10.01-07.16.28:947][  0]LogInit: Using OS detected language (en-US).
[2017.10.01-07.16.28:947][  0]LogInit: Using OS detected locale (en-US).
[2017.10.01-07.16.29:333][  0]LogTextLocalizationManager: No specific localization for 'en-US' exists, so the 'en' localization will be used.
[2017.10.01-07.16.35:550][  0]LogD3D11RHI: D3D11 adapters:
[2017.10.01-07.16.35:686][  0]LogD3D11RHI:    0. 'NVIDIA GeForce GTX 1050 Ti' (Feature Level 11_0)
[2017.10.01-07.16.35:686][  0]LogD3D11RHI:       4050/0/4071 MB DedicatedVideo/DedicatedSystem/SharedSystem, Outputs:1, VendorId:0x10de
[2017.10.01-07.16.35:690][  0]LogD3D11RHI:    1. 'Microsoft Basic Render Driver' (Feature Level 11_0)
[2017.10.01-07.16.35:690][  0]LogD3D11RHI:       0/0/4071 MB DedicatedVideo/DedicatedSystem/SharedSystem, Outputs:0, VendorId:0x1414
[2017.10.01-07.16.35:690][  0]LogD3D11RHI: Chosen D3D11 Adapter: 0
[2017.10.01-07.16.35:699][  0]LogD3D11RHI: Creating new Direct3DDevice
[2017.10.01-07.16.35:699][  0]LogD3D11RHI:     GPU DeviceId: 0x1c82 (for the marketing name, search the web for "GPU Device Id")
[2017.10.01-07.16.35:699][  0]LogWindows: EnumDisplayDevices:
[2017.10.01-07.16.35:700][  0]LogWindows:    0. 'NVIDIA GeForce GTX 1050 Ti' (P:1 D:1)
[2017.10.01-07.16.35:701][  0]LogWindows:    1. 'NVIDIA GeForce GTX 1050 Ti' (P:0 D:0)
[2017.10.01-07.16.35:702][  0]LogWindows:    2. 'NVIDIA GeForce GTX 1050 Ti' (P:0 D:0)
[2017.10.01-07.16.35:703][  0]LogWindows:    3. 'NVIDIA GeForce GTX 1050 Ti' (P:0 D:0)
[2017.10.01-07.16.35:704][  0]LogWindows: DebugString: FoundDriverCount:4 
[2017.10.01-07.16.35:704][  0]LogD3D11RHI:     Adapter Name: NVIDIA GeForce GTX 1050 Ti
[2017.10.01-07.16.35:704][  0]LogD3D11RHI:   Driver Version: 382.05 (internal:22.21.13.8205, unified:382.05)
[2017.10.01-07.16.35:704][  0]LogD3D11RHI:      Driver Date: 5-1-2017
[2017.10.01-07.16.35:704][  0]LogRHI: Texture pool is 1361 MB (70% of 1945 MB)
[2017.10.01-07.16.35:798][  0]LogD3D11RHI: Async texture creation enabled
[2017.10.01-07.16.35:894][  0]LogD3D11RHI: GPU Timing Frequency: 1000.000000 (Debug: 2 1)
[2017.10.01-07.16.35:979][  0]LogShaderCompilers: Guid format shader working directory is -46 characters bigger than the processId version (../../../../../../Users/huozi/Documents/Unreal Projects/BatteryCollectorCPP/BatteryCollector/Intermediate/Shaders/WorkingDirectory/7632/).
[2017.10.01-07.16.35:979][  0]LogShaderCompilers: Cleaned the shader compiler working directory 'C:/Users/huozi/AppData/Local/Temp/UnrealShaderWorkingDir/4455C2BC42638C01657298AB89D43890/'.
[2017.10.01-07.16.35:980][  0]LogShaderCompilers: Display: Using Local Shader Compiler.
[2017.10.01-07.16.38:856][  0]LogTemp: Display: Loaded TP AllDesktopTargetPlatform
[2017.10.01-07.16.38:920][  0]LogTemp: Display: Loaded TP MacClientTargetPlatform
[2017.10.01-07.16.38:983][  0]LogTemp: Display: Loaded TP MacNoEditorTargetPlatform
[2017.10.01-07.16.39:059][  0]LogTemp: Display: Loaded TP MacServerTargetPlatform
[2017.10.01-07.16.39:154][  0]LogTemp: Display: Loaded TP MacTargetPlatform
[2017.10.01-07.16.39:218][  0]LogTemp: Display: Loaded TP WindowsClientTargetPlatform
[2017.10.01-07.16.39:280][  0]LogTemp: Display: Loaded TP WindowsNoEditorTargetPlatform
[2017.10.01-07.16.39:345][  0]LogTemp: Display: Loaded TP WindowsServerTargetPlatform
[2017.10.01-07.16.39:402][  0]LogTemp: Display: Loaded TP WindowsTargetPlatform
[2017.10.01-07.16.39:497][  0]LogTemp: Display: Loaded TP AndroidTargetPlatform
[2017.10.01-07.16.39:557][  0]LogTemp: Display: Loaded TP Android_ASTCTargetPlatform
[2017.10.01-07.16.39:618][  0]LogTemp: Display: Loaded TP Android_ATCTargetPlatform
[2017.10.01-07.16.39:679][  0]LogTemp: Display: Loaded TP Android_DXTTargetPlatform
[2017.10.01-07.16.39:739][  0]LogTemp: Display: Loaded TP Android_ETC1TargetPlatform
[2017.10.01-07.16.39:804][  0]LogTemp: Display: Loaded TP Android_ETC2TargetPlatform
[2017.10.01-07.16.39:930][  0]LogTemp: Display: Loaded TP Android_MultiTargetPlatform
[2017.10.01-07.16.39:930][  0]LogTemp: Display: Loaded TP Android_PVRTCTargetPlatform
[2017.10.01-07.16.39:982][  0]LogTemp: Display: Loaded TP HTML5TargetPlatform
[2017.10.01-07.16.40:166][  0]LogTemp: Display: Loaded TP IOSTargetPlatform
[2017.10.01-07.16.40:231][  0]LogTemp: Display: Loaded TP TVOSTargetPlatform
[2017.10.01-07.16.40:294][  0]LogTemp: Display: Loaded TP LinuxClientTargetPlatform
[2017.10.01-07.16.40:358][  0]LogTemp: Display: Loaded TP LinuxNoEditorTargetPlatform
[2017.10.01-07.16.40:424][  0]LogTemp: Display: Loaded TP LinuxServerTargetPlatform
[2017.10.01-07.16.40:500][  0]LogTemp: Display: Loaded TP LinuxTargetPlatform
[2017.10.01-07.16.40:500][  0]LogTargetPlatformManager: Display: Building Assets For Windows
[2017.10.01-07.16.41:960][  0]LogDerivedDataCache: Display: Max Cache Size: 512 MB
[2017.10.01-07.16.42:936][  0]LogDerivedDataCache: Loaded boot cache 0.96s 95MB C:/Users/huozi/AppData/Local/UnrealEngine/4.17/DerivedDataCache/Boot.ddc.
[2017.10.01-07.16.42:936][  0]LogDerivedDataCache: Display: Loaded Boot cache: C:/Users/huozi/AppData/Local/UnrealEngine/4.17/DerivedDataCache/Boot.ddc
[2017.10.01-07.16.42:936][  0]LogDerivedDataCache: FDerivedDataBackendGraph:  Pak pak cache file ../../../../../../Users/huozi/Documents/Unreal Projects/BatteryCollectorCPP/BatteryCollector/DerivedDataCache/DDC.ddp not found, will not use a pak cache.
[2017.10.01-07.16.42:936][  0]LogDerivedDataCache: Unable to find inner node Pak for hierarchical cache Hierarchy.
[2017.10.01-07.16.42:936][  0]LogDerivedDataCache: FDerivedDataBackendGraph:  CompressedPak pak cache file ../../../../../../Users/huozi/Documents/Unreal Projects/BatteryCollectorCPP/BatteryCollector/DerivedDataCache/Compressed.ddp not found, will not use a pak cache.
[2017.10.01-07.16.42:936][  0]LogDerivedDataCache: Unable to find inner node CompressedPak for hierarchical cache Hierarchy.
[2017.10.01-07.16.43:046][  0]LogDerivedDataCache: Display: Pak cache opened for reading ../../../Engine/DerivedDataCache/Compressed.ddp.
[2017.10.01-07.16.43:073][  0]LogDerivedDataCache: Using Local data cache path C:/Users/huozi/AppData/Local/UnrealEngine/Common/DerivedDataCache: Writable
[2017.10.01-07.16.43:091][  0]LogMaterial: Verifying Global Shaders for PCD3D_SM5
[2017.10.01-07.16.43:110][  0]LogSlate: Using Freetype 2.6.0
[2017.10.01-07.16.43:220][  0]LogSlate: SlateFontCache - WITH_FREETYPE: 1, WITH_HARFBUZZ: 1
[2017.10.01-07.16.43:220][  0]LogSlate: SlateFontCache - WITH_FREETYPE: 1, WITH_HARFBUZZ: 1
[2017.10.01-07.16.50:189][  0]LogAssetRegistry: FAssetRegistry took 0.0271 seconds to start up
[2017.10.01-07.16.50:751][  0]LogInit: Selected Device Profile: [Windows]
[2017.10.01-07.16.55:315][  0]LogSimplygon: Simplygon DLL not present - disabling.
[2017.10.01-07.16.55:385][  0]LogMeshReduction: Using SimplygonSwarm for distributed automatic mesh merging
[2017.10.01-07.16.55:386][  0]LogMeshReduction: Using QuadricMeshReduction for automatic static mesh reduction
[2017.10.01-07.16.55:386][  0]LogMeshReduction: No automatic skeletal mesh reduction module available
[2017.10.01-07.16.55:386][  0]LogMeshReduction: No automatic mesh merging module available
[2017.10.01-07.16.55:386][  0]LogMeshMerging: No automatic mesh merging module available
[2017.10.01-07.16.55:405][  0]LogContentStreaming: Texture pool size is 0.00 MB
[2017.10.01-07.16.57:882][  0]LogNetVersion: BatteryCollector , NetCL: 3573198, EngineNetVer: 2, GameNetVer: 0 (Checksum: 2326356035)
[2017.10.01-07.16.59:574][  0]LogPackageLocalizationCache: Processed 5 localized package path(s) for 2 prioritized culture(s) in 0.168973 seconds
[2017.10.01-07.16.59:585][  0]LogUObjectArray: 35825 objects as part of root set at end of initial load.
[2017.10.01-07.16.59:585][  0]LogUObjectAllocator: 7529112 out of 0 bytes used by permanent object pool.
[2017.10.01-07.16.59:585][  0]LogUObjectArray: CloseDisregardForGC: 0/0 objects in disregard for GC pool
[2017.10.01-07.16.59:741][  0]LogInit: WinSock: version 1.1 (2.2), MaxSocks=32767, MaxUdp=65467
[2017.10.01-07.17.30:692][  0]LogTcpMessaging: Initializing TcpMessaging bridge
[2017.10.01-07.17.30:754][  0]LogUdpMessaging: Initializing bridge on interface 0.0.0.0:0 to multicast group 230.0.0.1:6666.
[2017.10.01-07.17.34:383][  0]LogMaterial: Uniform references updated for custom material expression Custom.
[2017.10.01-07.17.35:468][  0]SourceControl: Source control is disabled
[2017.10.01-07.17.35:468][  0]SourceControl: Source control is disabled
[2017.10.01-07.17.35:595][  0]SourceControl: Source control is disabled
[2017.10.01-07.17.35:723][  0]SourceControl: Source control is disabled
[2017.10.01-07.17.37:091][  0]LogAndroidPermission: UAndroidPermissionCallbackProxy::GetInstance
[2017.10.01-07.17.37:459][  0]LogOcInput: OculusInput pre-init called
[2017.10.01-07.17.38:275][  0]LogEngine: Initializing Engine...
[2017.10.01-07.17.38:297][  0]LogHMD: Failed to initialize OpenVR with code 110
[2017.10.01-07.17.39:086][  0]LogStats: UGameplayTagsManager::ConstructGameplayTagTree: Construct from data asset -  0.000 s
[2017.10.01-07.17.39:086][  0]LogStats: UGameplayTagsManager::ConstructGameplayTagTree: GameplayTagTreeChangedEvent.Broadcast -  0.000 s
[2017.10.01-07.17.39:362][  0]LogAIModule: Creating AISystem for world Untitled
[2017.10.01-07.17.39:484][  0]LogInit: Failed to create XAudio2 interface
[2017.10.01-07.17.39:705][  0]LogDerivedDataCache: Saved boot cache 0.22s 93MB C:/Users/huozi/AppData/Local/UnrealEngine/4.17/DerivedDataCache/Boot.ddc.
[2017.10.01-07.17.39:727][  0]LogInit: Texture streaming: Enabled
[2017.10.01-07.17.40:013][  0]LogEngineSessionManager: EngineSessionManager initialized
[2017.10.01-07.17.40:601][  0]LogInit: Transaction tracking system initialized
[2017.10.01-07.17.41:358][  0]BlueprintLog: New page: Editor Load
[2017.10.01-07.17.43:369][  0]LocalizationService: Localization service is disabled
[2017.10.01-07.17.45:189][  0]LogConsoleResponse: Display: 
[2017.10.01-07.17.47:050][  0]LogFileCache: Scanning file cache for directory 'C:/Users/huozi/Documents/Unreal Projects/BatteryCollectorCPP/BatteryCollector/Content/' took 0.06s
[2017.10.01-07.17.47:050][  0]LogCook: Display: Max memory allowance for cook 16384mb min free memory 0mb
[2017.10.01-07.17.47:051][  0]LogCook: Display: Mobile HDR setting 1
[2017.10.01-07.17.47:059][  0]LogGameplayTags: Display: UGameplayTagsManager::DoneAddingNativeTags. DelegateIsBound: 0
[2017.10.01-07.17.49:780][  0]SourceControl: Source control is disabled
[2017.10.01-07.17.49:794][  0]Cmd: MAP LOAD FILE="../../../../../../Users/huozi/Documents/Unreal Projects/BatteryCollectorCPP/BatteryCollector/Saved/Untitled_1.umap" TEMPLATE=0 SHOWPROGRESS=1 FEATURELEVEL=3
[2017.10.01-07.17.49:795][  0]LogEditorServer: Warning: Can't find file '../../../../../../Users/huozi/Documents/Unreal Projects/BatteryCollectorCPP/BatteryCollector/Saved/Untitled_1.umap'
[2017.10.01-07.17.49:809][  0]Cmd: MAP CHECKDEP NOCLEARLOG
[2017.10.01-07.17.49:904][  0]MapCheck: Map check complete: 0 Error(s), 0 Warning(s), took 95.162ms to complete.
[2017.10.01-07.17.49:904][  0]LogFileHelpers: Loading map 'Untitled_1' took 0.110
[2017.10.01-07.17.50:571][  0]LogCollectionManager: Loaded 0 collections in 0.002639 seconds
[2017.10.01-07.17.50:700][  0]LogFileCache: Scanning file cache for directory 'C:/Users/huozi/Documents/Unreal Projects/BatteryCollectorCPP/BatteryCollector/Saved/Collections/' took 0.01s
[2017.10.01-07.17.50:700][  0]LogFileCache: Scanning file cache for directory 'C:/Users/huozi/Documents/Unreal Projects/BatteryCollectorCPP/BatteryCollector/Content/Developers/huozi/Collections/' took 0.01s
[2017.10.01-07.17.50:700][  0]LogFileCache: Scanning file cache for directory 'C:/Users/huozi/Documents/Unreal Projects/BatteryCollectorCPP/BatteryCollector/Content/Collections/' took 0.01s
[2017.10.01-07.17.50:700][  0]LogCollectionManager: Rebuilt the GUID cache for 0 collections in 0.000001 seconds
[2017.10.01-07.17.50:710][  0]LogContentBrowser: Native class hierarchy populated in 0.0098 seconds. Added 2390 classes and 502 folders.
[2017.10.01-07.17.50:841][  0]LogContentBrowser: Native class hierarchy updated for 'WidgetCarousel' in 0.0018 seconds. Added 0 classes and 0 folders.
[2017.10.01-07.17.52:851][  0]LogContentBrowser: Native class hierarchy updated for 'AddContentDialog' in 0.0039 seconds. Added 0 classes and 0 folders.
[2017.10.01-07.17.52:976][  0]LogContentBrowser: Native class hierarchy updated for 'SceneOutliner' in 0.0021 seconds. Added 1 classes and 2 folders.
[2017.10.01-07.17.53:248][  0]LogContentBrowser: Native class hierarchy updated for 'HierarchicalLODOutliner' in 0.0019 seconds. Added 1 classes and 2 folders.
[2017.10.01-07.17.53:249][  0]LogLoad: (Engine Initialization) Total time: 92.19 seconds
[2017.10.01-07.17.53:249][  0]LogLoad: (Engine Initialization) Total Blueprint compile time: 0.00 seconds
[2017.10.01-07.17.53:249][  0]LogExternalProfiler: Found external profiler: VSPerf
[2017.10.01-07.17.53:249][  0]LogExternalProfiler: Using external profiler: VSPerf
[2017.10.01-07.17.53:615][  0]LogContentStreaming: Texture pool size now 1000 MB
[2017.10.01-07.17.53:649][  0]LogSlate: Took 0.032066 seconds to synchronously load lazily loaded font '../../../Engine/Content/Slate/Fonts/Roboto-Regular.ttf' (155K)
[2017.10.01-07.17.53:676][  0]LogSlate: Took 0.024402 seconds to synchronously load lazily loaded font '../../../Engine/Content/Slate/Fonts/Roboto-Bold.ttf' (160K)
[2017.10.01-07.17.53:710][  0]LogSlate: Took 0.020692 seconds to synchronously load lazily loaded font '../../../Engine/Content/Editor/Slate/Fonts/FontAwesome.ttf' (139K)
[2017.10.01-07.17.54:338][  1]LogRenderer: Reallocating scene render targets to support 980x480 Format 10 NumSamples 1 (Frame:1).
[2017.10.01-07.17.54:338][  1]LogAssetRegistry: Asset discovery search completed in 64.1718 seconds
[2017.10.01-07.17.54:340][  1]LogCollectionManager: Rebuilt the object cache for 0 collections in 0.000000 seconds (found 0 objects)
[2017.10.01-07.17.54:340][  1]LogCollectionManager: Fixed up redirectors for 0 collections in 0.000046 seconds (updated 0 objects)
[2017.10.01-07.17.58:525][ 13]LogSlate: Took 0.021912 seconds to synchronously load lazily loaded font '../../../Engine/Content/Slate/Fonts/Roboto-Light.ttf' (159K)
[2017.10.01-07.20.04:265][166]LogSlate: Took 0.000147 seconds to synchronously load lazily loaded font '../../../Engine/Content/Slate/Fonts/Roboto-Light.ttf' (159K)
[2017.10.01-07.20.05:186][166]LogSlate: Took 0.000327 seconds to synchronously load lazily loaded font '../../../Engine/Content/Slate/Fonts/Roboto-Regular.ttf' (155K)
[2017.10.01-07.20.09:822][166]LogAIModule: Creating AISystem for world Sample
[2017.10.01-07.20.10:053][166]Cmd: MAP LOAD FILE="../../../../../../Users/huozi/Documents/Unreal Projects/BatteryCollectorCPP/BatteryCollector/Content/ThirdPersonCPP/Maps/Sample.umap" TEMPLATE=0 SHOWPROGRESS=1 FEATURELEVEL=3
[2017.10.01-07.20.10:068][166]LightingResults: New page: Lighting Build
[2017.10.01-07.20.10:133][166]LogContentBrowser: Native class hierarchy updated for 'StatsViewer' in 0.0019 seconds. Added 5 classes and 0 folders.
[2017.10.01-07.20.10:133][166]LoadErrors: New page: Loading map: Sample.umap
[2017.10.01-07.20.10:134][166]MapCheck: New page: Map Check
[2017.10.01-07.20.10:134][166]LightingResults: New page: Lighting Build
[2017.10.01-07.20.10:179][166]LogEditorServer: Finished looking for orphan Actors (0.000 secs)
[2017.10.01-07.20.10:214][166]Cmd: MAP CHECKDEP NOCLEARLOG
[2017.10.01-07.20.10:292][166]MapCheck: Map check complete: 0 Error(s), 0 Warning(s), took 78.121ms to complete.
[2017.10.01-07.20.10:293][166]LogFileHelpers: Loading map 'Sample' took 0.241
[2017.10.01-07.20.18:872][179]LogSlate: Took 0.014309 seconds to synchronously load lazily loaded font '../../../Engine/Content/Editor/Slate/Fonts/Roboto-BoldCondensed.ttf' (158K)
[2017.10.01-07.20.29:638][400]LogContentBrowser: Native class hierarchy updated for 'BlueprintGraph' in 0.0021 seconds. Added 113 classes and 0 folders.
[2017.10.01-07.20.30:906][401]LogRenderer: Reallocating scene render targets to support 980x660 Format 10 NumSamples 1 (Frame:1).
[2017.10.01-07.20.32:390][556]BlueprintLog: New page: Compile Battery_BP
[2017.10.01-07.20.32:975][593]LogSavePackage: Save=15.94ms
[2017.10.01-07.20.32:975][593]LogSavePackage: Moving '../../../../../../Users/huozi/Documents/Unreal Projects/BatteryCollectorCPP/BatteryCollector/Saved/Battery_BP78B1A0F74120126F69CBB28451299671.tmp' to '../../../../../../Users/huozi/Documents/Unreal Projects/BatteryCollectorCPP/BatteryCollector/Content/BluePrints/Battery_BP.uasset'
[2017.10.01-07.20.32:979][593]LogSavePackage: Display: Finished SavePackage ../../../../../../Users/huozi/Documents/Unreal Projects/BatteryCollectorCPP/BatteryCollector/Content/BluePrints/Battery_BP.uasset
[2017.10.01-07.20.54:512][ 59]LogSlate: Took 0.014569 seconds to synchronously load lazily loaded font '../../../Engine/Content/Editor/Slate/Fonts/Roboto-Italic.ttf' (157K)
[2017.10.01-07.20.58:279][379]LogSlate: Took 0.000202 seconds to synchronously load lazily loaded font '../../../Engine/Content/Slate/Fonts/Roboto-Light.ttf' (159K)
[2017.10.01-07.21.11:157][463]BlueprintLog: New page: Compile Battery_BP
[2017.10.01-07.21.14:603][795]LogSavePackage: Save=29.91ms
[2017.10.01-07.21.14:603][795]LogSavePackage: Moving '../../../../../../Users/huozi/Documents/Unreal Projects/BatteryCollectorCPP/BatteryCollector/Saved/Battery_BPC4388D8740A97F096720DAA386CF4F27.tmp' to '../../../../../../Users/huozi/Documents/Unreal Projects/BatteryCollectorCPP/BatteryCollector/Content/BluePrints/Battery_BP.uasset'
[2017.10.01-07.21.14:609][795]LogSavePackage: Display: Finished SavePackage ../../../../../../Users/huozi/Documents/Unreal Projects/BatteryCollectorCPP/BatteryCollector/Content/BluePrints/Battery_BP.uasset
[2017.10.01-07.21.24:302][806]LogTemp: Repeating last play command: Selected Viewport
[2017.10.01-07.21.24:378][806]LogPlayLevel: PlayLevel: No blueprints needed recompiling
[2017.10.01-07.21.24:407][806]PIE: New page: PIE session: Sample (Oct 2, 2017, 1:21:24 AM)
[2017.10.01-07.21.24:407][806]LogPlayLevel: Creating play world package: /Game/ThirdPersonCPP/Maps/UEDPIE_0_Sample
[2017.10.01-07.21.24:410][806]LogPlayLevel: PIE: StaticDuplicateObject took: (0.002836s)
[2017.10.01-07.21.24:411][806]LogAIModule: Creating AISystem for world Sample
[2017.10.01-07.21.24:411][806]LogPlayLevel: PIE: World Init took: (0.000876s)
[2017.10.01-07.21.24:411][806]LogPlayLevel: PIE: Created PIE world by copying editor world from /Game/ThirdPersonCPP/Maps/Sample.Sample to /Game/ThirdPersonCPP/Maps/UEDPIE_0_Sample.Sample (0.004080s)
[2017.10.01-07.21.24:478][806]LogLoad: Game class is 'BatteryCollectorGameMode'
[2017.10.01-07.21.24:481][806]LogWorld: Bringing World /Game/ThirdPersonCPP/Maps/UEDPIE_0_Sample.Sample up for play (max tick rate 0) at 2017.10.01-16.21.24
[2017.10.01-07.21.24:481][806]LogWorld: Bringing up level for play took: 0.001844
[2017.10.01-07.21.24:545][806]LogContentBrowser: Native class hierarchy updated for 'MovieSceneCapture' in 0.0024 seconds. Added 11 classes and 0 folders.
[2017.10.01-07.21.24:548][806]PIE: Play in editor start time for /Game/ThirdPersonCPP/Maps/UEDPIE_0_Sample 0.001
[2017.10.01-07.22.36:382][888]LogRenderer: Reallocating scene render targets to support 1180x684 Format 10 NumSamples 1 (Frame:1).
[2017.10.01-07.23.34:262][549]LogSavePackage: Save=16.64ms
[2017.10.01-07.23.34:262][549]LogSavePackage: Moving '../../../../../../Users/huozi/Documents/Unreal Projects/BatteryCollectorCPP/BatteryCollector/Saved/SM_Battery_Medium704F4ECB4EF8E1DD2869BEA448BC7CE1.tmp' to '../../../../../../Users/huozi/Documents/Unreal Projects/BatteryCollectorCPP/BatteryCollector/Content/ExampleContent/Blueprint_Communication/Meshes/SM_Battery_Medium.uasset'
[2017.10.01-07.23.34:265][549]LogSavePackage: Display: Finished SavePackage ../../../../../../Users/huozi/Documents/Unreal Projects/BatteryCollectorCPP/BatteryCollector/Content/ExampleContent/Blueprint_Communication/Meshes/SM_Battery_Medium.uasset
[2017.10.01-07.23.42:024][354]LogTemp: Repeating last play command: Selected Viewport
[2017.10.01-07.23.42:041][354]LogPlayLevel: PlayLevel: No blueprints needed recompiling
[2017.10.01-07.23.42:042][354]PIE: New page: PIE session: Sample (Oct 2, 2017, 1:23:42 AM)
[2017.10.01-07.23.42:042][354]LogPlayLevel: Creating play world package: /Game/ThirdPersonCPP/Maps/UEDPIE_0_Sample
[2017.10.01-07.23.42:044][354]LogPlayLevel: PIE: StaticDuplicateObject took: (0.002577s)
[2017.10.01-07.23.42:045][354]LogAIModule: Creating AISystem for world Sample
[2017.10.01-07.23.42:045][354]LogPlayLevel: PIE: World Init took: (0.000962s)
[2017.10.01-07.23.42:045][354]LogPlayLevel: PIE: Created PIE world by copying editor world from /Game/ThirdPersonCPP/Maps/Sample.Sample to /Game/ThirdPersonCPP/Maps/UEDPIE_0_Sample.Sample (0.003838s)
[2017.10.01-07.23.42:097][354]LogLoad: Game class is 'BatteryCollectorGameMode'
[2017.10.01-07.23.42:099][354]LogWorld: Bringing World /Game/ThirdPersonCPP/Maps/UEDPIE_0_Sample.Sample up for play (max tick rate 0) at 2017.10.01-16.23.42
[2017.10.01-07.23.42:100][354]LogWorld: Bringing up level for play took: 0.002666
[2017.10.01-07.23.42:103][354]PIE: Play in editor start time for /Game/ThirdPersonCPP/Maps/UEDPIE_0_Sample -0.443
[2017.10.01-07.24.45:943][200]LogSavePackage: Save=56.26ms
[2017.10.01-07.24.45:944][200]LogSavePackage: Moving '../../../../../../Users/huozi/Documents/Unreal Projects/BatteryCollectorCPP/BatteryCollector/Saved/Sample562A5AEE452B15BE5F131C9FBC846F1F.tmp' to '../../../../../../Users/huozi/Documents/Unreal Projects/BatteryCollectorCPP/BatteryCollector/Content/ThirdPersonCPP/Maps/Sample.umap'
[2017.10.01-07.24.45:947][200]LogSavePackage: Display: Finished SavePackage ../../../../../../Users/huozi/Documents/Unreal Projects/BatteryCollectorCPP/BatteryCollector/Content/ThirdPersonCPP/Maps/Sample.umap
[2017.10.01-07.24.46:000][200]LogFileHelpers: Saving map 'Sample' took 0.229
[2017.10.01-07.24.46:365][201]Cmd: QUIT_EDITOR
[2017.10.01-07.24.47:367][201]LogWindowsTextInputMethodSystem: Display: IME system now deactivated.
[2017.10.01-07.24.47:402][201]LogExit: Preparing to exit.
[2017.10.01-07.24.48:103][201]LogDirectoryWatcher: A directory notification for 'C:/Users/huozi/Documents/Unreal Projects/BatteryCollectorCPP/BatteryCollector/Content/' was aborted.
[2017.10.01-07.24.48:138][201]LogExit: Editor shut down
[2017.10.01-07.24.48:142][201]LogExit: Transaction tracking system shut down
[2017.10.01-07.24.48:339][201]LogDirectoryWatcher: A directory notification for '../../../Engine/Content/' was aborted.
[2017.10.01-07.24.48:339][201]LogDirectoryWatcher: A directory notification for '../../../../../../Users/huozi/Documents/Unreal Projects/BatteryCollectorCPP/BatteryCollector/Content/' was aborted.
[2017.10.01-07.24.48:339][201]LogDirectoryWatcher: A directory notification for '../../../Engine/Plugins/2D/Paper2D/Content/' was aborted.
[2017.10.01-07.24.48:339][201]LogDirectoryWatcher: A directory notification for '../../../Engine/Plugins/Runtime/Oculus/OculusVR/Content/' was aborted.
[2017.10.01-07.24.48:340][201]LogDirectoryWatcher: A directory notification for '../../../Engine/Plugins/Runtime/Steam/SteamVR/Content/' was aborted.
[2017.10.01-07.24.48:424][201]LogExit: Object subsystem successfully closed.
[2017.10.01-07.24.48:440][201]LogD3D11RHI: Shutdown
[2017.10.01-07.24.48:440][201]LogD3D11RHI: CleanupD3DDevice
[2017.10.01-07.24.48:514][201]LogD3D11RHI: ~FD3D11DynamicRHI
[2017.10.01-07.24.48:531][201]LogModuleManager: Shutting down and abandoning module StaticMeshEditor (542)
[2017.10.01-07.24.48:531][201]LogModuleManager: Shutting down and abandoning module MovieSceneCapture (540)
[2017.10.01-07.24.48:531][201]LogModuleManager: Shutting down and abandoning module HierarchicalLODUtilities (538)
[2017.10.01-07.24.48:531][201]LogModuleManager: Shutting down and abandoning module BlueprintGraph (536)
[2017.10.01-07.24.48:531][201]LogModuleManager: Shutting down and abandoning module BlueprintProfiler (534)
[2017.10.01-07.24.48:531][201]LogModuleManager: Shutting down and abandoning module StatsViewer (532)
[2017.10.01-07.24.48:531][201]LogModuleManager: Shutting down and abandoning module HierarchicalLODOutliner (530)
[2017.10.01-07.24.48:531][201]LogModuleManager: Shutting down and abandoning module SceneOutliner (528)
[2017.10.01-07.24.48:531][201]LogModuleManager: Shutting down and abandoning module AddContentDialog (526)
[2017.10.01-07.24.48:531][201]LogDirectoryWatcher: A directory notification for 'C:/Program Files/Epic Games/UE_4.17/FeaturePacks/' was aborted.
[2017.10.01-07.24.48:532][201]LogModuleManager: Shutting down and abandoning module WidgetCarousel (525)
[2017.10.01-07.24.48:532][201]LogModuleManager: Shutting down and abandoning module EditorWidgets (522)
[2017.10.01-07.24.48:532][201]LogModuleManager: Shutting down and abandoning module CollectionManager (520)
[2017.10.01-07.24.48:532][201]LogDirectoryWatcher: A directory notification for 'C:/Users/huozi/Documents/Unreal Projects/BatteryCollectorCPP/BatteryCollector/Content/Collections/' was aborted.
[2017.10.01-07.24.48:532][201]LogDirectoryWatcher: A directory notification for 'C:/Users/huozi/Documents/Unreal Projects/BatteryCollectorCPP/BatteryCollector/Content/Developers/huozi/Collections/' was aborted.
[2017.10.01-07.24.48:532][201]LogDirectoryWatcher: A directory notification for 'C:/Users/huozi/Documents/Unreal Projects/BatteryCollectorCPP/BatteryCollector/Saved/Collections/' was aborted.
[2017.10.01-07.24.48:533][201]LogModuleManager: Shutting down and abandoning module FoliageEdit (518)
[2017.10.01-07.24.48:533][201]LogModuleManager: Shutting down and abandoning module LandscapeEditor (516)
[2017.10.01-07.24.48:533][201]LogModuleManager: Shutting down and abandoning module MeshPaintMode (514)
[2017.10.01-07.24.48:533][201]LogModuleManager: Shutting down and abandoning module SceneDepthPickerMode (512)
[2017.10.01-07.24.48:533][201]LogModuleManager: Shutting down and abandoning module ActorPickerMode (510)
[2017.10.01-07.24.48:533][201]LogModuleManager: Shutting down and abandoning module GeometryMode (508)
[2017.10.01-07.24.48:533][201]LogModuleManager: Shutting down and abandoning module TextureAlignMode (506)
[2017.10.01-07.24.48:533][201]LogModuleManager: Shutting down and abandoning module BspMode (504)
[2017.10.01-07.24.48:533][201]LogModuleManager: Shutting down and abandoning module PIEPreviewDeviceProfileSelector (502)
[2017.10.01-07.24.48:533][201]LogModuleManager: Shutting down and abandoning module HardwareSurvey (500)
[2017.10.01-07.24.48:533][201]LogModuleManager: Shutting down and abandoning module SequenceRecorderSections (498)
[2017.10.01-07.24.48:533][201]LogModuleManager: Shutting down and abandoning module AutomationWorker (496)
[2017.10.01-07.24.48:533][201]LogModuleManager: Shutting down and abandoning module MatineeToLevelSequence (494)
[2017.10.01-07.24.48:533][201]LogModuleManager: Shutting down and abandoning module LevelSequenceEditor (492)
[2017.10.01-07.24.48:533][201]LogModuleManager: Shutting down and abandoning module PlacementMode (491)
[2017.10.01-07.24.48:533][201]LogModuleManager: Shutting down and abandoning module WmfMediaFactory (488)
[2017.10.01-07.24.48:533][201]LogModuleManager: Shutting down and abandoning module WmfMediaEditor (486)
[2017.10.01-07.24.48:533][201]LogModuleManager: Shutting down and abandoning module AvfMediaFactory (484)
[2017.10.01-07.24.48:533][201]LogModuleManager: Shutting down and abandoning module AvfMediaEditor (482)
[2017.10.01-07.24.48:533][201]LogModuleManager: Shutting down and abandoning module AndroidMediaFactory (480)
[2017.10.01-07.24.48:533][201]LogModuleManager: Shutting down and abandoning module Media (479)
[2017.10.01-07.24.48:533][201]LogModuleManager: Shutting down and abandoning module AndroidMediaEditor (476)
[2017.10.01-07.24.48:533][201]LogModuleManager: Shutting down and abandoning module CharacterAI (474)
[2017.10.01-07.24.48:533][201]LogModuleManager: Shutting down and abandoning module AudioCapture (472)
[2017.10.01-07.24.48:533][201]LogModuleManager: Shutting down and abandoning module SequenceRecorder (471)
[2017.10.01-07.24.48:533][201]LogModuleManager: Shutting down and abandoning module SmartSnapping (468)
[2017.10.01-07.24.48:533][201]LogModuleManager: Shutting down and abandoning module SessionServices (466)
[2017.10.01-07.24.48:533][201]LogModuleManager: Shutting down and abandoning module ViewportSnapping (464)
[2017.10.01-07.24.48:533][201]LogModuleManager: Shutting down and abandoning module ViewportInteraction (462)
[2017.10.01-07.24.48:533][201]LogModuleManager: Shutting down and abandoning module ClothPainter (460)
[2017.10.01-07.24.48:533][201]LogModuleManager: Shutting down and abandoning module LogVisualizer (458)
[2017.10.01-07.24.48:533][201]LogModuleManager: Shutting down and abandoning module IntroTutorials (456)
[2017.10.01-07.24.48:533][201]LogModuleManager: Shutting down and abandoning module GameProjectGeneration (455)
[2017.10.01-07.24.48:533][201]LogModuleManager: Shutting down and abandoning module IOSPlatformEditor (452)
[2017.10.01-07.24.48:533][201]LogModuleManager: Shutting down and abandoning module HTML5PlatformEditor (450)
[2017.10.01-07.24.48:533][201]LogModuleManager: Shutting down and abandoning module AndroidPlatformEditor (448)
[2017.10.01-07.24.48:533][201]LogModuleManager: Shutting down and abandoning module AndroidDeviceDetection (447)
[2017.10.01-07.24.49:377][201]LogModuleManager: Shutting down and abandoning module WindowsPlatformEditor (444)
[2017.10.01-07.24.49:377][201]LogModuleManager: Shutting down and abandoning module IOSRuntimeSettings (442)
[2017.10.01-07.24.49:377][201]LogModuleManager: Shutting down and abandoning module AndroidRuntimeSettings (440)
[2017.10.01-07.24.49:377][201]LogModuleManager: Shutting down and abandoning module InputBindingEditor (438)
[2017.10.01-07.24.49:377][201]LogModuleManager: Shutting down and abandoning module MergeActors (436)
[2017.10.01-07.24.49:377][201]LogModuleManager: Shutting down and abandoning module SizeMap (434)
[2017.10.01-07.24.49:377][201]LogModuleManager: Shutting down and abandoning module TreeMap (432)
[2017.10.01-07.24.49:377][201]LogModuleManager: Shutting down and abandoning module ReferenceViewer (430)
[2017.10.01-07.24.49:377][201]LogModuleManager: Shutting down and abandoning module LocalizationDashboard (428)
[2017.10.01-07.24.49:377][201]LogModuleManager: Shutting down and abandoning module LocalizationService (427)
[2017.10.01-07.24.49:377][201]LogModuleManager: Shutting down and abandoning module HardwareTargeting (424)
[2017.10.01-07.24.49:377][201]LogModuleManager: Shutting down and abandoning module DeviceProfileEditor (422)
[2017.10.01-07.24.49:378][201]LogModuleManager: Shutting down and abandoning module UndoHistory (420)
[2017.10.01-07.24.49:378][201]LogModuleManager: Shutting down and abandoning module XmlParser (418)
[2017.10.01-07.24.49:378][201]LogModuleManager: Shutting down and abandoning module Blutility (416)
[2017.10.01-07.24.49:378][201]LogModuleManager: Shutting down and abandoning module ProjectSettingsViewer (414)
[2017.10.01-07.24.49:378][201]LogModuleManager: Shutting down and abandoning module ProjectTargetPlatformEditor (413)
[2017.10.01-07.24.49:378][201]LogModuleManager: Shutting down and abandoning module EditorSettingsViewer (410)
[2017.10.01-07.24.49:378][201]LogModuleManager: Shutting down and abandoning module SettingsEditor (408)
[2017.10.01-07.24.49:378][201]LogModuleManager: Shutting down and abandoning module ProjectLauncher (406)
[2017.10.01-07.24.49:378][201]LogModuleManager: Shutting down and abandoning module SessionFrontend (404)
[2017.10.01-07.24.49:378][201]LogModuleManager: Shutting down and abandoning module ProfilerClient (402)
[2017.10.01-07.24.49:379][201]LogModuleManager: Shutting down and abandoning module DeviceManager (400)
[2017.10.01-07.24.49:379][201]LogModuleManager: Shutting down and abandoning module TargetDeviceServices (399)
[2017.10.01-07.24.49:430][201]LogModuleManager: Shutting down and abandoning module AutomationController (396)
[2017.10.01-07.24.49:430][201]LogModuleManager: Shutting down and abandoning module AutomationWindow (394)
[2017.10.01-07.24.49:430][201]LogModuleManager: Shutting down and abandoning module Layers (392)
[2017.10.01-07.24.49:431][201]LogModuleManager: Shutting down and abandoning module ComponentVisualizers (390)
[2017.10.01-07.24.49:431][201]LogModuleManager: Shutting down and abandoning module DetailCustomizations (388)
[2017.10.01-07.24.49:431][201]LogModuleManager: Shutting down and abandoning module PackagesDialog (386)
[2017.10.01-07.24.49:431][201]LogModuleManager: Shutting down and abandoning module Persona (384)
[2017.10.01-07.24.49:431][201]LogModuleManager: Shutting down and abandoning module AdvancedPreviewScene (383)
[2017.10.01-07.24.49:431][201]LogModuleManager: Shutting down and abandoning module AnimGraph (381)
[2017.10.01-07.24.49:431][201]LogModuleManager: Shutting down and abandoning module Kismet (378)
[2017.10.01-07.24.49:449][201]LogModuleManager: Shutting down and abandoning module ClassViewer (376)
[2017.10.01-07.24.49:451][201]LogModuleManager: Shutting down and abandoning module Toolbox (374)
[2017.10.01-07.24.49:451][201]LogModuleManager: Shutting down and abandoning module ModuleUI (372)
[2017.10.01-07.24.49:451][201]LogModuleManager: Shutting down and abandoning module MovieSceneTools (370)
[2017.10.01-07.24.49:451][201]LogModuleManager: Shutting down and abandoning module OutputLog (368)
[2017.10.01-07.24.49:451][201]LogModuleManager: Shutting down and abandoning module GammaUI (366)
[2017.10.01-07.24.49:451][201]LogModuleManager: Shutting down and abandoning module Documentation (364)
[2017.10.01-07.24.49:451][201]LogModuleManager: Shutting down and abandoning module MovieSceneTracks (362)
[2017.10.01-07.24.49:451][201]LogModuleManager: Shutting down and abandoning module MovieScene (360)
[2017.10.01-07.24.49:451][201]LogModuleManager: Shutting down and abandoning module Niagara (358)
[2017.10.01-07.24.49:451][201]LogModuleManager: Shutting down and abandoning module NiagaraEditor (357)
[2017.10.01-07.24.49:451][201]LogModuleManager: Shutting down and abandoning module StreamingPauseRendering (354)
[2017.10.01-07.24.49:451][201]LogModuleManager: Shutting down and abandoning module LauncherPlatform (352)
[2017.10.01-07.24.49:451][201]LogModuleManager: Shutting down and abandoning module AnalyticsET (350)
[2017.10.01-07.24.49:452][201]LogModuleManager: Shutting down and abandoning module PortalServices (348)
[2017.10.01-07.24.49:452][201]LogModuleManager: Shutting down and abandoning module PortalRpc (346)
[2017.10.01-07.24.49:452][201]LogModuleManager: Shutting down and abandoning module MessagingRpc (344)
[2017.10.01-07.24.49:452][201]LogModuleManager: Shutting down and abandoning module AIModule (342)
[2017.10.01-07.24.49:452][201]LogModuleManager: Shutting down and abandoning module GameplayDebugger (341)
[2017.10.01-07.24.49:452][201]LogModuleManager: Shutting down and abandoning module AITestSuite (339)
[2017.10.01-07.24.49:452][201]LogModuleManager: Shutting down and abandoning module ProfilerService (336)
[2017.10.01-07.24.49:681][201]LogModuleManager: Shutting down and abandoning module TaskGraph (334)
[2017.10.01-07.24.49:681][201]LogModuleManager: Shutting down and abandoning module SteamVRController (332)
[2017.10.01-07.24.49:681][201]LogModuleManager: Shutting down and abandoning module ProceduralMeshComponentEditor (330)
[2017.10.01-07.24.49:681][201]LogModuleManager: Shutting down and abandoning module ProceduralMeshComponent (328)
[2017.10.01-07.24.49:681][201]LogModuleManager: Shutting down and abandoning module OculusInput (326)
[2017.10.01-07.24.49:681][201]LogModuleManager: Shutting down and abandoning module MobilePatchingUtils (324)
[2017.10.01-07.24.49:681][201]LogModuleManager: Shutting down and abandoning module CustomMeshComponent (322)
[2017.10.01-07.24.49:681][201]LogModuleManager: Shutting down and abandoning module CableComponent (320)
[2017.10.01-07.24.49:681][201]LogModuleManager: Shutting down and abandoning module ArchVisCharacter (318)
[2017.10.01-07.24.49:681][201]LogModuleManager: Shutting down and abandoning module AndroidPermission (316)
[2017.10.01-07.24.49:681][201]LogModuleManager: Shutting down and abandoning module MediaPlayerEditor (312)
[2017.10.01-07.24.49:681][201]LogModuleManager: Shutting down and abandoning module HTML5Networking (310)
[2017.10.01-07.24.49:682][201]LogModuleManager: Shutting down and abandoning module AlembicImporter (308)
[2017.10.01-07.24.49:682][201]LogModuleManager: Shutting down and abandoning module AlembicLibrary (307)
[2017.10.01-07.24.49:682][201]LogModuleManager: Shutting down and abandoning module GeometryCache (306)
[2017.10.01-07.24.49:682][201]LogModuleManager: Shutting down and abandoning module GeometryCacheEd (305)
[2017.10.01-07.24.49:682][201]LogModuleManager: Shutting down and abandoning module SpeedTreeImporter (300)
[2017.10.01-07.24.49:682][201]LogModuleManager: Shutting down and abandoning module PluginBrowser (298)
[2017.10.01-07.24.49:682][201]LogModuleManager: Shutting down and abandoning module MobileLauncherProfileWizard (296)
[2017.10.01-07.24.49:682][201]LogModuleManager: Shutting down and abandoning module VisualStudioSourceCodeAccess (294)
[2017.10.01-07.24.49:682][201]LogModuleManager: Shutting down and abandoning module DesktopPlatform (293)
[2017.10.01-07.24.49:682][201]LogModuleManager: Shutting down and abandoning module UObjectPlugin (290)
[2017.10.01-07.24.49:682][201]LogModuleManager: Shutting down and abandoning module SubversionSourceControl (288)
[2017.10.01-07.24.49:682][201]LogModuleManager: Shutting down and abandoning module PerforceSourceControl (286)
[2017.10.01-07.24.49:683][201]LogModuleManager: Shutting down and abandoning module GitSourceControl (284)
[2017.10.01-07.24.49:683][201]LogModuleManager: Shutting down and abandoning module SourceControl (283)
[2017.10.01-07.24.49:683][201]LogModuleManager: Shutting down and abandoning module LightPropagationVolumeEditor (280)
[2017.10.01-07.24.49:683][201]LogModuleManager: Shutting down and abandoning module PaperTiledImporter (278)
[2017.10.01-07.24.49:683][201]LogModuleManager: Shutting down and abandoning module PaperSpriteSheetImporter (276)
[2017.10.01-07.24.49:683][201]LogModuleManager: Shutting down and abandoning module Paper2DEditor (274)
[2017.10.01-07.24.49:683][201]LogModuleManager: Shutting down and abandoning module MeshPaint (273)
[2017.10.01-07.24.49:683][201]LogModuleManager: Shutting down and abandoning module LevelEditor (271)
[2017.10.01-07.24.49:685][201]LogModuleManager: Shutting down and abandoning module PixelInspectorModule (270)
[2017.10.01-07.24.49:685][201]LogModuleManager: Shutting down and abandoning module MainFrame (268)
[2017.10.01-07.24.49:685][201]LogModuleManager: Shutting down and abandoning module HotReload (267)
[2017.10.01-07.24.49:685][201]LogDirectoryWatcher: A directory notification for 'C:/Users/huozi/Documents/Unreal Projects/BatteryCollectorCPP/BatteryCollector/Binaries/Win64' was aborted.
[2017.10.01-07.24.49:687][201]LogModuleManager: Shutting down and abandoning module BatteryCollector (262)
[2017.10.01-07.24.49:687][201]LogModuleManager: Shutting down and abandoning module RuntimePhysXCooking (260)
[2017.10.01-07.24.49:687][201]LogModuleManager: Shutting down and abandoning module PhysXVehiclesEditor (258)
[2017.10.01-07.24.49:687][201]LogModuleManager: Shutting down and abandoning module PhysXVehicles (256)
[2017.10.01-07.24.49:687][201]LogModuleManager: Shutting down and abandoning module OculusEditor (254)
[2017.10.01-07.24.49:687][201]LogModuleManager: Shutting down and abandoning module LocationServicesBPLibrary (252)
[2017.10.01-07.24.49:687][201]LogModuleManager: Shutting down and abandoning module ImmediatePhysicsEditor (250)
[2017.10.01-07.24.49:687][201]LogModuleManager: Shutting down and abandoning module ImmediatePhysics (248)
[2017.10.01-07.24.49:687][201]LogModuleManager: Shutting down and abandoning module UdpMessaging (246)
[2017.10.01-07.24.49:788][201]LogModuleManager: Shutting down and abandoning module TcpMessaging (244)
[2017.10.01-07.24.49:889][201]LogModuleManager: Shutting down and abandoning module GameplayTagsEditor (242)
[2017.10.01-07.24.49:889][201]LogModuleManager: Shutting down and abandoning module FacialAnimationEditor (240)
[2017.10.01-07.24.49:889][201]LogModuleManager: Shutting down and abandoning module FacialAnimation (238)
[2017.10.01-07.24.49:889][201]LogModuleManager: Shutting down and abandoning module AssetManagerEditor (236)
[2017.10.01-07.24.49:889][201]LogModuleManager: Shutting down and abandoning module GraphEditor (235)
[2017.10.01-07.24.49:889][201]LogModuleManager: Shutting down and abandoning module ContentBrowser (233)
[2017.10.01-07.24.49:892][201]LogModuleManager: Shutting down and abandoning module LightPropagationVolumeRuntime (230)
[2017.10.01-07.24.49:892][201]LogModuleManager: Shutting down and abandoning module Paper2D (228)
[2017.10.01-07.24.49:892][201]LogModuleManager: Shutting down and abandoning module WindowsMoviePlayer (226)
[2017.10.01-07.24.49:892][201]LogModuleManager: Shutting down and abandoning module WmfMedia (224)
[2017.10.01-07.24.49:894][201]LogModuleManager: Shutting down and abandoning module PacketHandler (222)
[2017.10.01-07.24.49:894][201]LogModuleManager: Shutting down and abandoning module ClothingSystemEditor (220)
[2017.10.01-07.24.49:894][201]LogModuleManager: Shutting down and abandoning module ClothingSystemRuntime (218)
[2017.10.01-07.24.49:894][201]LogModuleManager: Shutting down and abandoning module Overlay (216)
[2017.10.01-07.24.49:894][201]LogModuleManager: Shutting down and abandoning module OverlayEditor (215)
[2017.10.01-07.24.49:894][201]LogModuleManager: Shutting down and abandoning module MediaAssets (212)
[2017.10.01-07.24.49:894][201]LogModuleManager: Shutting down and abandoning module VREditor (210)
[2017.10.01-07.24.49:894][201]LogModuleManager: Shutting down and abandoning module StringTableEditor (208)
[2017.10.01-07.24.49:894][201]LogModuleManager: Shutting down and abandoning module GameplayTasksEditor (206)
[2017.10.01-07.24.49:894][201]LogModuleManager: Shutting down and abandoning module BehaviorTreeEditor (204)
[2017.10.01-07.24.49:894][201]LogModuleManager: Shutting down and abandoning module FunctionalTesting (202)
[2017.10.01-07.24.49:894][201]LogModuleManager: Shutting down and abandoning module CollisionAnalyzer (200)
[2017.10.01-07.24.49:894][201]LogModuleManager: Shutting down and abandoning module WorkspaceMenuStructure (199)
[2017.10.01-07.24.49:894][201]LogModuleManager: Shutting down and abandoning module UMG (196)
[2017.10.01-07.24.49:894][201]LogModuleManager: Shutting down and abandoning module UMGEditor (195)
[2017.10.01-07.24.49:895][201]LogModuleManager: Shutting down and abandoning module Sequencer (194)
[2017.10.01-07.24.49:895][201]LogModuleManager: Shutting down and abandoning module MessageLog (191)
[2017.10.01-07.24.49:895][201]LogModuleManager: Shutting down and abandoning module SlateReflector (186)
[2017.10.01-07.24.49:895][201]LogModuleManager: Shutting down and abandoning module Slate (184)
[2017.10.01-07.24.49:895][201]LogModuleManager: Shutting down and abandoning module EditorStyle (182)
[2017.10.01-07.24.49:902][201]LogModuleManager: Shutting down and abandoning module MRMesh (180)
[2017.10.01-07.24.49:902][201]LogModuleManager: Shutting down and abandoning module SourceCodeAccess (178)
[2017.10.01-07.24.49:902][201]LogModuleManager: Shutting down and abandoning module HeadMountedDisplay (176)
[2017.10.01-07.24.49:903][201]LogModuleManager: Shutting down and abandoning module XAudio2 (174)
[2017.10.01-07.24.49:903][201]LogModuleManager: Shutting down and abandoning module Networking (172)
[2017.10.01-07.24.49:903][201]LogModuleManager: Shutting down and abandoning module Core (168)
[2017.10.01-07.24.49:903][201]LogModuleManager: Shutting down and abandoning module KismetCompiler (164)
[2017.10.01-07.24.49:903][201]LogModuleManager: Shutting down and abandoning module LevelSequence (162)
[2017.10.01-07.24.49:903][201]LogModuleManager: Shutting down and abandoning module MeshUtilities (160)
[2017.10.01-07.24.49:903][201]LogModuleManager: Shutting down and abandoning module MeshMergeUtilities (159)
[2017.10.01-07.24.49:903][201]LogModuleManager: Shutting down and abandoning module MeshReductionInterface (158)
[2017.10.01-07.24.49:903][201]LogModuleManager: Shutting down and abandoning module SimplygonSwarm (157)
[2017.10.01-07.24.49:903][201]LogModuleManager: Shutting down and abandoning module SimplygonMeshReduction (155)
[2017.10.01-07.24.49:903][201]LogModuleManager: Shutting down and abandoning module QuadricMeshReduction (153)
[2017.10.01-07.24.49:903][201]LogModuleManager: Shutting down and abandoning module MaterialBaking (149)
[2017.10.01-07.24.49:903][201]LogModuleManager: Shutting down and abandoning module DirectoryWatcher (146)
[2017.10.01-07.24.49:905][201]LogModuleManager: Shutting down and abandoning module DerivedDataCache (144)
[2017.10.01-07.24.49:999][201]LogDerivedDataCache: Shutdown
[2017.10.01-07.24.49:999][201]LogModuleManager: Shutting down and abandoning module TargetPlatform (142)
[2017.10.01-07.24.49:999][201]LogModuleManager: Shutting down and abandoning module VulkanShaderFormat (141)
[2017.10.01-07.24.49:999][201]LogModuleManager: Shutting down and abandoning module ShaderFormatVectorVM (139)
[2017.10.01-07.24.49:999][201]LogModuleManager: Shutting down and abandoning module ShaderFormatOpenGL (137)
[2017.10.01-07.24.49:999][201]LogModuleManager: Shutting down and abandoning module ShaderFormatD3D (135)
[2017.10.01-07.24.49:999][201]LogModuleManager: Shutting down and abandoning module MetalShaderFormat (133)
[2017.10.01-07.24.49:999][201]LogModuleManager: Shutting down and abandoning module TextureFormatUncompressed (131)
[2017.10.01-07.24.50:000][201]LogModuleManager: Shutting down and abandoning module TextureFormatPVR (129)
[2017.10.01-07.24.50:000][201]LogModuleManager: Shutting down and abandoning module TextureFormatDXT (127)
[2017.10.01-07.24.50:000][201]LogModuleManager: Shutting down and abandoning module TextureFormatIntelISPCTexComp (125)
[2017.10.01-07.24.50:000][201]LogModuleManager: Shutting down and abandoning module TextureFormatASTC (123)
[2017.10.01-07.24.50:000][201]LogModuleManager: Shutting down and abandoning module ImageWrapper (122)
[2017.10.01-07.24.50:000][201]LogModuleManager: Shutting down and abandoning module TextureFormatAndroid (119)
[2017.10.01-07.24.50:000][201]LogModuleManager: Shutting down and abandoning module AudioFormatOpus (117)
[2017.10.01-07.24.50:000][201]LogModuleManager: Shutting down and abandoning module AudioFormatOgg (115)
[2017.10.01-07.24.50:000][201]LogModuleManager: Shutting down and abandoning module AudioFormatADPCM (113)
[2017.10.01-07.24.50:000][201]LogModuleManager: Shutting down and abandoning module LinuxTargetPlatform (111)
[2017.10.01-07.24.50:000][201]LogModuleManager: Shutting down and abandoning module LinuxServerTargetPlatform (109)
[2017.10.01-07.24.50:000][201]LogModuleManager: Shutting down and abandoning module LinuxNoEditorTargetPlatform (107)
[2017.10.01-07.24.50:001][201]LogModuleManager: Shutting down and abandoning module LinuxClientTargetPlatform (105)
[2017.10.01-07.24.50:001][201]LogModuleManager: Shutting down and abandoning module TVOSTargetPlatform (103)
[2017.10.01-07.24.50:001][201]LogModuleManager: Shutting down and abandoning module Messaging (101)
[2017.10.01-07.24.50:001][201]LogModuleManager: Shutting down and abandoning module IOSTargetPlatform (99)
[2017.10.01-07.24.50:001][201]LogModuleManager: Shutting down and abandoning module HTML5TargetPlatform (97)
[2017.10.01-07.24.50:001][201]LogModuleManager: Shutting down and abandoning module Android_PVRTCTargetPlatform (95)
[2017.10.01-07.24.50:001][201]LogModuleManager: Shutting down and abandoning module Android_MultiTargetPlatform (93)
[2017.10.01-07.24.50:001][201]LogModuleManager: Shutting down and abandoning module Android_ETC2TargetPlatform (91)
[2017.10.01-07.24.50:001][201]LogModuleManager: Shutting down and abandoning module Android_ETC1TargetPlatform (89)
[2017.10.01-07.24.50:001][201]LogModuleManager: Shutting down and abandoning module Android_DXTTargetPlatform (87)
[2017.10.01-07.24.50:001][201]LogModuleManager: Shutting down and abandoning module Android_ATCTargetPlatform (85)
[2017.10.01-07.24.50:001][201]LogModuleManager: Shutting down and abandoning module Android_ASTCTargetPlatform (83)
[2017.10.01-07.24.50:001][201]LogModuleManager: Shutting down and abandoning module AndroidTargetPlatform (81)
[2017.10.01-07.24.50:001][201]LogModuleManager: Shutting down and abandoning module WindowsTargetPlatform (79)
[2017.10.01-07.24.50:001][201]LogModuleManager: Shutting down and abandoning module WindowsServerTargetPlatform (77)
[2017.10.01-07.24.50:001][201]LogModuleManager: Shutting down and abandoning module WindowsNoEditorTargetPlatform (75)
[2017.10.01-07.24.50:001][201]LogModuleManager: Shutting down and abandoning module WindowsClientTargetPlatform (73)
[2017.10.01-07.24.50:001][201]LogModuleManager: Shutting down and abandoning module MacTargetPlatform (71)
[2017.10.01-07.24.50:001][201]LogModuleManager: Shutting down and abandoning module MacServerTargetPlatform (69)
[2017.10.01-07.24.50:001][201]LogModuleManager: Shutting down and abandoning module MacNoEditorTargetPlatform (67)
[2017.10.01-07.24.50:001][201]LogModuleManager: Shutting down and abandoning module MacClientTargetPlatform (65)
[2017.10.01-07.24.50:002][201]LogModuleManager: Shutting down and abandoning module AllDesktopTargetPlatform (63)
[2017.10.01-07.24.50:002][201]LogModuleManager: Shutting down and abandoning module InputCore (60)
[2017.10.01-07.24.50:002][201]LogModuleManager: Shutting down and abandoning module Settings (58)
[2017.10.01-07.24.50:002][201]LogModuleManager: Shutting down and abandoning module PhysXCooking (56)
[2017.10.01-07.24.50:002][201]LogModuleManager: Shutting down and abandoning module SteamVR (54)
[2017.10.01-07.24.50:002][201]LogModuleManager: Shutting down and abandoning module OculusHMD (52)
[2017.10.01-07.24.50:002][201]LogModuleManager: Shutting down and abandoning module ExampleDeviceProfileSelector (50)
[2017.10.01-07.24.50:002][201]LogModuleManager: Shutting down and abandoning module OnlineBlueprintSupport (48)
[2017.10.01-07.24.50:002][201]LogModuleManager: Shutting down and abandoning module OnlineSubsystem (44)
[2017.10.01-07.24.50:002][201]LogOnline: Display: Unloading online subsystem: NULL
[2017.10.01-07.24.50:002][201]LogModuleManager: Shutting down and abandoning module XMPP (43)
[2017.10.01-07.24.50:002][201]LogModuleManager: Shutting down and abandoning module HTTP (41)
[2017.10.01-07.24.50:002][201]LogHttp: Display: Http module shutting down, but needs to wait on 1 outstanding Http requests:
[2017.10.01-07.24.50:002][201]LogHttp: Display: 	verb=[POST] url=[https://datarouter.ol.epicgames.com/datarouter/api/v1/public/data?SessionID=%7B6F132E1F-49FC-F706-1FA4-509849658C1D%7D&AppID=UEEditor.Rocket.Release&AppVersion=4.17.2-3658906%2B%2B%2BUE4%2BRelease-4.17&UserID=a483da2d4fb89f4a2ddae281c3e89937%7C1475575a18e14080ac0ee1b5b0c163b7%7Cd7277f1c-046d-4f6a-97e4-5e4f1c368f9a&AppEnvironment=datacollector-binary&UploadType=eteventstream] status=Processing
[2017.10.01-07.24.50:023][201]LogModuleManager: Shutting down and abandoning module SSL (40)
[2017.10.01-07.24.50:027][201]LogModuleManager: Shutting down and abandoning module AnimationModifiers (36)
[2017.10.01-07.24.50:027][201]LogModuleManager: Shutting down and abandoning module PropertyEditor (35)
[2017.10.01-07.24.50:027][201]LogModuleManager: Shutting down and abandoning module AudioEditor (32)
[2017.10.01-07.24.50:027][201]LogModuleManager: Shutting down and abandoning module TextureCompressor (30)
[2017.10.01-07.24.50:027][201]LogModuleManager: Shutting down and abandoning module ShaderCore (28)
[2017.10.01-07.24.50:027][201]LogModuleManager: Shutting down and abandoning module Landscape (26)
[2017.10.01-07.24.50:027][201]LogModuleManager: Shutting down and abandoning module SlateRHIRenderer (24)
[2017.10.01-07.24.50:029][201]LogModuleManager: Shutting down and abandoning module OpenGLDrv (22)
[2017.10.01-07.24.50:030][201]LogModuleManager: Shutting down and abandoning module D3D11RHI (20)
[2017.10.01-07.24.50:030][201]LogModuleManager: Shutting down and abandoning module AnimGraphRuntime (18)
[2017.10.01-07.24.50:030][201]LogModuleManager: Shutting down and abandoning module Renderer (16)
[2017.10.01-07.24.50:030][201]LogModuleManager: Shutting down and abandoning module Engine (14)
[2017.10.01-07.24.50:030][201]LogModuleManager: Shutting down and abandoning module CoreUObject (12)
[2017.10.01-07.24.50:030][201]LogModuleManager: Shutting down and abandoning module NetworkFile (10)
[2017.10.01-07.24.50:030][201]LogModuleManager: Shutting down and abandoning module CookedIterativeFile (8)
[2017.10.01-07.24.50:030][201]LogModuleManager: Shutting down and abandoning module StreamingFile (6)
[2017.10.01-07.24.50:030][201]LogModuleManager: Shutting down and abandoning module SandboxFile (4)
[2017.10.01-07.24.50:030][201]LogModuleManager: Shutting down and abandoning module PakFile (2)
[2017.10.01-07.24.50:038][201]LogExit: Exiting.
[2017.10.01-07.24.50:077][201]Log file closed, 10/01/17 16:24:50
