Log file open, 10/02/17 19:02:58
LogWindows: Failed to load 'aqProf.dll' (GetLastError=126)
LogWindows: File 'aqProf.dll' does not exist
LogWindows: Failed to load 'VtuneApi.dll' (GetLastError=126)
LogWindows: File 'VtuneApi.dll' does not exist
LogWindows: Failed to load 'VtuneApi32e.dll' (GetLastError=126)
LogWindows: File 'VtuneApi32e.dll' does not exist
LogInit: Display: Running engine for game: BatteryCollector
LogPlatformFile: Not using cached read wrapper
LogInit: Display: RandInit(-1558666760) SRandInit(-1558666760).
LogTaskGraph: Started task graph with 5 named threads and 14 total threads with 3 sets of task threads.
LogStats: Stats thread started at 4.502537
LogD3D11RHI: Aftermath initialized
LogPluginManager: Mounting plugin Paper2D
LogPluginManager: Mounting plugin LightPropagationVolume
LogPluginManager: Mounting plugin CodeLiteSourceCodeAccess
LogPluginManager: Mounting plugin GitSourceControl
LogPluginManager: Mounting plugin KDevelopSourceCodeAccess
LogPluginManager: Mounting plugin NullSourceCodeAccess
LogPluginManager: Mounting plugin PerforceSourceControl
LogPluginManager: Mounting plugin SubversionSourceControl
LogPluginManager: Mounting plugin UObjectPlugin
LogPluginManager: Mounting plugin VisualStudioSourceCodeAccess
LogPluginManager: Mounting plugin XCodeSourceCodeAccess
LogPluginManager: Mounting plugin AssetManagerEditor
LogPluginManager: Mounting plugin AudioCapture
LogPluginManager: Mounting plugin FacialAnimation
LogPluginManager: Mounting plugin GameplayTagsEditor
LogPluginManager: Mounting plugin MobileLauncherProfileWizard
LogPluginManager: Mounting plugin PluginBrowser
LogPluginManager: Mounting plugin SpeedTreeImporter
LogPluginManager: Mounting plugin AlembicImporter
LogPluginManager: Mounting plugin CharacterAI
LogPluginManager: Mounting plugin HTML5Networking
LogPluginManager: Mounting plugin AndroidMedia
LogPluginManager: Mounting plugin AvfMedia
LogPluginManager: Mounting plugin MediaPlayerEditor
LogPluginManager: Mounting plugin WmfMedia
LogPluginManager: Mounting plugin TcpMessaging
LogPluginManager: Mounting plugin UdpMessaging
LogPluginManager: Mounting plugin LevelSequenceEditor
LogPluginManager: Mounting plugin MatineeToLevelSequence
LogPluginManager: Mounting plugin OnlineSubsystemGooglePlay
LogPluginManager: Mounting plugin OnlineSubsystemIOS
LogPluginManager: Mounting plugin OnlineSubsystem
LogPluginManager: Mounting plugin OnlineSubsystemNull
LogPluginManager: Mounting plugin OnlineSubsystemUtils
LogPluginManager: Mounting plugin AndroidDeviceProfileSelector
LogPluginManager: Mounting plugin AndroidMoviePlayer
LogPluginManager: Mounting plugin AndroidPermission
LogPluginManager: Mounting plugin AppleMoviePlayer
LogPluginManager: Mounting plugin ArchVisCharacter
LogPluginManager: Mounting plugin CableComponent
LogPluginManager: Mounting plugin CustomMeshComponent
LogPluginManager: Mounting plugin ExampleDeviceProfileSelector
LogPluginManager: Mounting plugin GoogleCloudMessaging
LogPluginManager: Mounting plugin ImmediatePhysics
LogPluginManager: Mounting plugin IOSDeviceProfileSelector
LogPluginManager: Mounting plugin LinuxDeviceProfileSelector
LogPluginManager: Mounting plugin LocationServicesBPLibrary
LogPluginManager: Mounting plugin MobilePatchingUtils
LogPluginManager: Mounting plugin OculusVR
LogPluginManager: Mounting plugin PhysXVehicles
LogPluginManager: Mounting plugin ProceduralMeshComponent
LogPluginManager: Mounting plugin RuntimePhysXCooking
LogPluginManager: Mounting plugin SteamVR
LogPluginManager: Mounting plugin WindowsMoviePlayer
LogInit: Using libcurl 7.47.1
LogInit:  - built for x86_64-pc-win32
LogInit:  - supports SSL with OpenSSL/1.0.2g
LogInit:  - supports HTTP deflate (compression) using libz 1.2.8
LogInit:  - other features:
LogInit:      CURL_VERSION_SSL
LogInit:      CURL_VERSION_LIBZ
LogInit:      CURL_VERSION_IPV6
LogInit:      CURL_VERSION_ASYNCHDNS
LogInit:      CURL_VERSION_LARGEFILE
LogInit:      CURL_VERSION_IDN
LogInit:  CurlRequestOptions (configurable via config and command line):
LogInit:  - bVerifyPeer = false  - Libcurl will NOT verify peer certificate
LogInit:  - bUseHttpProxy = false  - Libcurl will NOT use HTTP proxy
LogInit:  - bDontReuseConnections = false  - Libcurl will reuse connections
LogInit:  - CertBundlePath = nullptr  - Libcurl will use whatever was configured at build time.
LogHMD: Failed initializing OVRPlugin 1.15.0
LogInit: Build: ++UE4+Release-4.17-CL-3658906
LogInit: Engine Version: 4.17.2-3658906+++UE4+Release-4.17
LogInit: Compatible Engine Version: 4.17.0-3573198+++UE4+Release-4.17
LogInit: Net CL: 3573198
LogDevObjectVersion: Number of dev versions registered: 16
LogDevObjectVersion:   Dev-Blueprints (B0D832E4-1F89-4F0D-ACCF-7EB736FD4AA2): 10
LogDevObjectVersion:   Dev-Build (E1C64328-A22C-4D53-A36C-8E866417BD8C): 0
LogDevObjectVersion:   Dev-Core (375EC13C-06E4-48FB-B500-84F0262A717E): 2
LogDevObjectVersion:   Dev-Editor (E4B068ED-F494-42E9-A231-DA0B2E46BB41): 20
LogDevObjectVersion:   Dev-Framework (CFFC743F-43B0-4480-9391-14DF171D2073): 28
LogDevObjectVersion:   Dev-Mobile (B02B49B5-BB20-44E9-A304-32B752E40360): 0
LogDevObjectVersion:   Dev-Networking (A4E4105C-59A1-49B5-A7C5-40C4547EDFEE): 0
LogDevObjectVersion:   Dev-Online (39C831C9-5AE6-47DC-9A44-9C173E1C8E7C): 0
LogDevObjectVersion:   Dev-Physics (78F01B33-EBEA-4F98-B9B4-84EACCB95AA2): 0
LogDevObjectVersion:   Dev-Platform (6631380F-2D4D-43E0-8009-CF276956A95A): 0
LogDevObjectVersion:   Dev-Rendering (12F88B9F-8875-4AFC-A67C-D90C383ABD29): 19
LogDevObjectVersion:   Dev-Sequencer (7B5AE74C-D270-4C10-A958-57980B212A5A): 4
LogDevObjectVersion:   Dev-VR (D7296918-1DD6-4BDD-9DE2-64A83CC13884): 0
LogDevObjectVersion:   Dev-LoadTimes (C2A15278-BFE7-4AFE-6C17-90FF531DF755): 1
LogDevObjectVersion:   Private-Geometry (6EACA3D4-40EC-4CC1-B786-8BED09428FC5): 1
LogDevObjectVersion:   Dev-AnimPhys (29E575DD-E0A3-4627-9D10-D276232CDCEA): 7
LogInit: Compiled (64-bit): Sep 22 2017 13:47:16
LogInit: Compiled with Visual C++: 19.00.24215.01
LogInit: Build Configuration: Development
LogInit: Branch Name: ++UE4+Release-4.17
LogInit: Command line:  
LogInit: Base directory: C:/Program Files/Epic Games/UE_4.17/Engine/Binaries/Win64/
LogInit: Installed Engine Build: 1
LogInit: Presizing for max 8388607 objects, including 0 objects not considered by GC, pre-allocating 0 bytes for permanent pool.
LogInit: Object subsystem initialized
[2017.10.02-10.03.02:018][  0]LogInit: Selected Device Profile: [Windows]
[2017.10.02-10.03.02:018][  0]LogInit: Applying CVar settings loaded from the selected device profile: [Windows]
[2017.10.02-10.03.02:260][  0]LogInit: Computer: DESKTOP-9TH7LOT
[2017.10.02-10.03.02:260][  0]LogInit: User: huozi
[2017.10.02-10.03.02:260][  0]LogInit: CPU Page size=4096, Cores=4
[2017.10.02-10.03.02:260][  0]LogInit: High frequency timer resolution =2.648438 MHz
[2017.10.02-10.03.02:260][  0]LogMemory: Memory total: Physical=8.0GB (8GB approx)
[2017.10.02-10.03.02:260][  0]LogMemory: Platform Memory Stats for Windows
[2017.10.02-10.03.02:260][  0]LogMemory: Process Physical Memory: 283.27 MB used, 283.27 MB peak
[2017.10.02-10.03.02:260][  0]LogMemory: Process Virtual Memory: 283.68 MB used, 283.68 MB peak
[2017.10.02-10.03.02:260][  0]LogMemory: Physical Memory: 3477.68 MB used,  4665.61 MB free, 8143.29 MB total
[2017.10.02-10.03.02:260][  0]LogMemory: Virtual Memory: 708.30 MB used,  4665.61 MB free, 134217728.00 MB total
[2017.10.02-10.03.03:161][  0]LogInit: Using OS detected language (en-US).
[2017.10.02-10.03.03:161][  0]LogInit: Using OS detected locale (en-US).
[2017.10.02-10.03.03:572][  0]LogTextLocalizationManager: No specific localization for 'en-US' exists, so the 'en' localization will be used.
[2017.10.02-10.03.08:538][  0]LogD3D11RHI: D3D11 adapters:
[2017.10.02-10.03.08:609][  0]LogD3D11RHI:    0. 'NVIDIA GeForce GTX 1050 Ti' (Feature Level 11_0)
[2017.10.02-10.03.08:609][  0]LogD3D11RHI:       4050/0/4071 MB DedicatedVideo/DedicatedSystem/SharedSystem, Outputs:1, VendorId:0x10de
[2017.10.02-10.03.08:610][  0]LogD3D11RHI:    1. 'Microsoft Basic Render Driver' (Feature Level 11_0)
[2017.10.02-10.03.08:610][  0]LogD3D11RHI:       0/0/4071 MB DedicatedVideo/DedicatedSystem/SharedSystem, Outputs:0, VendorId:0x1414
[2017.10.02-10.03.08:610][  0]LogD3D11RHI: Chosen D3D11 Adapter: 0
[2017.10.02-10.03.08:765][  0]LogD3D11RHI: Creating new Direct3DDevice
[2017.10.02-10.03.08:783][  0]LogD3D11RHI:     GPU DeviceId: 0x1c82 (for the marketing name, search the web for "GPU Device Id")
[2017.10.02-10.03.08:783][  0]LogWindows: EnumDisplayDevices:
[2017.10.02-10.03.08:784][  0]LogWindows:    0. 'NVIDIA GeForce GTX 1050 Ti' (P:1 D:1)
[2017.10.02-10.03.08:786][  0]LogWindows:    1. 'NVIDIA GeForce GTX 1050 Ti' (P:0 D:0)
[2017.10.02-10.03.08:787][  0]LogWindows:    2. 'NVIDIA GeForce GTX 1050 Ti' (P:0 D:0)
[2017.10.02-10.03.08:789][  0]LogWindows:    3. 'NVIDIA GeForce GTX 1050 Ti' (P:0 D:0)
[2017.10.02-10.03.08:790][  0]LogWindows: DebugString: FoundDriverCount:4 
[2017.10.02-10.03.08:791][  0]LogD3D11RHI:     Adapter Name: NVIDIA GeForce GTX 1050 Ti
[2017.10.02-10.03.08:791][  0]LogD3D11RHI:   Driver Version: 382.05 (internal:22.21.13.8205, unified:382.05)
[2017.10.02-10.03.08:791][  0]LogD3D11RHI:      Driver Date: 5-1-2017
[2017.10.02-10.03.08:791][  0]LogRHI: Texture pool is 1361 MB (70% of 1945 MB)
[2017.10.02-10.03.08:897][  0]LogD3D11RHI: Async texture creation enabled
[2017.10.02-10.03.09:034][  0]LogD3D11RHI: GPU Timing Frequency: 1000.000000 (Debug: 2 1)
[2017.10.02-10.03.09:159][  0]LogShaderCompilers: Guid format shader working directory is -47 characters bigger than the processId version (../../../../../../Users/huozi/Documents/Unreal Projects/BatteryCollectorCPP/BatteryCollector/Intermediate/Shaders/WorkingDirectory/14196/).
[2017.10.02-10.03.09:160][  0]LogShaderCompilers: Cleaned the shader compiler working directory 'C:/Users/huozi/AppData/Local/Temp/UnrealShaderWorkingDir/5F900ECA453654683200D4A8404CF774/'.
[2017.10.02-10.03.09:160][  0]LogShaderCompilers: Display: Using Local Shader Compiler.
[2017.10.02-10.03.12:827][  0]LogTemp: Display: Loaded TP AllDesktopTargetPlatform
[2017.10.02-10.03.12:882][  0]LogTemp: Display: Loaded TP MacClientTargetPlatform
[2017.10.02-10.03.12:938][  0]LogTemp: Display: Loaded TP MacNoEditorTargetPlatform
[2017.10.02-10.03.12:993][  0]LogTemp: Display: Loaded TP MacServerTargetPlatform
[2017.10.02-10.03.13:091][  0]LogTemp: Display: Loaded TP MacTargetPlatform
[2017.10.02-10.03.13:170][  0]LogTemp: Display: Loaded TP WindowsClientTargetPlatform
[2017.10.02-10.03.13:254][  0]LogTemp: Display: Loaded TP WindowsNoEditorTargetPlatform
[2017.10.02-10.03.13:310][  0]LogTemp: Display: Loaded TP WindowsServerTargetPlatform
[2017.10.02-10.03.13:368][  0]LogTemp: Display: Loaded TP WindowsTargetPlatform
[2017.10.02-10.03.13:461][  0]LogTemp: Display: Loaded TP AndroidTargetPlatform
[2017.10.02-10.03.13:521][  0]LogTemp: Display: Loaded TP Android_ASTCTargetPlatform
[2017.10.02-10.03.13:576][  0]LogTemp: Display: Loaded TP Android_ATCTargetPlatform
[2017.10.02-10.03.13:630][  0]LogTemp: Display: Loaded TP Android_DXTTargetPlatform
[2017.10.02-10.03.13:683][  0]LogTemp: Display: Loaded TP Android_ETC1TargetPlatform
[2017.10.02-10.03.13:735][  0]LogTemp: Display: Loaded TP Android_ETC2TargetPlatform
[2017.10.02-10.03.13:843][  0]LogTemp: Display: Loaded TP Android_MultiTargetPlatform
[2017.10.02-10.03.13:843][  0]LogTemp: Display: Loaded TP Android_PVRTCTargetPlatform
[2017.10.02-10.03.13:886][  0]LogTemp: Display: Loaded TP HTML5TargetPlatform
[2017.10.02-10.03.14:039][  0]LogTemp: Display: Loaded TP IOSTargetPlatform
[2017.10.02-10.03.14:070][  0]LogTemp: Display: Loaded TP TVOSTargetPlatform
[2017.10.02-10.03.14:124][  0]LogTemp: Display: Loaded TP LinuxClientTargetPlatform
[2017.10.02-10.03.14:180][  0]LogTemp: Display: Loaded TP LinuxNoEditorTargetPlatform
[2017.10.02-10.03.14:240][  0]LogTemp: Display: Loaded TP LinuxServerTargetPlatform
[2017.10.02-10.03.14:316][  0]LogTemp: Display: Loaded TP LinuxTargetPlatform
[2017.10.02-10.03.14:316][  0]LogTargetPlatformManager: Display: Building Assets For Windows
[2017.10.02-10.03.15:826][  0]LogDerivedDataCache: Display: Max Cache Size: 512 MB
[2017.10.02-10.03.16:787][  0]LogDerivedDataCache: Loaded boot cache 0.94s 93MB C:/Users/huozi/AppData/Local/UnrealEngine/4.17/DerivedDataCache/Boot.ddc.
[2017.10.02-10.03.16:787][  0]LogDerivedDataCache: Display: Loaded Boot cache: C:/Users/huozi/AppData/Local/UnrealEngine/4.17/DerivedDataCache/Boot.ddc
[2017.10.02-10.03.16:787][  0]LogDerivedDataCache: FDerivedDataBackendGraph:  Pak pak cache file ../../../../../../Users/huozi/Documents/Unreal Projects/BatteryCollectorCPP/BatteryCollector/DerivedDataCache/DDC.ddp not found, will not use a pak cache.
[2017.10.02-10.03.16:787][  0]LogDerivedDataCache: Unable to find inner node Pak for hierarchical cache Hierarchy.
[2017.10.02-10.03.16:787][  0]LogDerivedDataCache: FDerivedDataBackendGraph:  CompressedPak pak cache file ../../../../../../Users/huozi/Documents/Unreal Projects/BatteryCollectorCPP/BatteryCollector/DerivedDataCache/Compressed.ddp not found, will not use a pak cache.
[2017.10.02-10.03.16:787][  0]LogDerivedDataCache: Unable to find inner node CompressedPak for hierarchical cache Hierarchy.
[2017.10.02-10.03.16:902][  0]LogDerivedDataCache: Display: Pak cache opened for reading ../../../Engine/DerivedDataCache/Compressed.ddp.
[2017.10.02-10.03.16:920][  0]LogDerivedDataCache: Using Local data cache path C:/Users/huozi/AppData/Local/UnrealEngine/Common/DerivedDataCache: Writable
[2017.10.02-10.03.16:962][  0]LogMaterial: Verifying Global Shaders for PCD3D_SM5
[2017.10.02-10.03.16:990][  0]LogSlate: Using Freetype 2.6.0
[2017.10.02-10.03.17:093][  0]LogSlate: SlateFontCache - WITH_FREETYPE: 1, WITH_HARFBUZZ: 1
[2017.10.02-10.03.17:093][  0]LogSlate: SlateFontCache - WITH_FREETYPE: 1, WITH_HARFBUZZ: 1
[2017.10.02-10.03.24:411][  0]LogAssetRegistry: FAssetRegistry took 0.0405 seconds to start up
[2017.10.02-10.03.25:361][  0]LogInit: Selected Device Profile: [Windows]
[2017.10.02-10.03.29:291][  0]LogContentStreaming: Texture pool size is 0.00 MB
[2017.10.02-10.03.30:215][  0]LogSimplygon: Simplygon DLL not present - disabling.
[2017.10.02-10.03.30:319][  0]LogMeshReduction: Using SimplygonSwarm for distributed automatic mesh merging
[2017.10.02-10.03.30:319][  0]LogMeshReduction: Using QuadricMeshReduction for automatic static mesh reduction
[2017.10.02-10.03.30:319][  0]LogMeshReduction: No automatic skeletal mesh reduction module available
[2017.10.02-10.03.30:319][  0]LogMeshReduction: No automatic mesh merging module available
[2017.10.02-10.03.30:319][  0]LogMeshMerging: No automatic mesh merging module available
[2017.10.02-10.03.33:304][  0]LogNetVersion: BatteryCollector , NetCL: 3573198, EngineNetVer: 2, GameNetVer: 0 (Checksum: 2326356035)
[2017.10.02-10.03.35:400][  0]LogPackageLocalizationCache: Processed 5 localized package path(s) for 2 prioritized culture(s) in 0.231344 seconds
[2017.10.02-10.03.35:415][  0]LogUObjectArray: 35825 objects as part of root set at end of initial load.
[2017.10.02-10.03.35:415][  0]LogUObjectAllocator: 7529104 out of 0 bytes used by permanent object pool.
[2017.10.02-10.03.35:415][  0]LogUObjectArray: CloseDisregardForGC: 0/0 objects in disregard for GC pool
[2017.10.02-10.03.35:555][  0]LogInit: WinSock: version 1.1 (2.2), MaxSocks=32767, MaxUdp=65467
[2017.10.02-10.04.05:518][  0]LogTcpMessaging: Initializing TcpMessaging bridge
[2017.10.02-10.04.05:585][  0]LogUdpMessaging: Initializing bridge on interface 0.0.0.0:0 to multicast group 230.0.0.1:6666.
[2017.10.02-10.04.09:582][  0]LogMaterial: Uniform references updated for custom material expression Custom.
[2017.10.02-10.04.10:802][  0]SourceControl: Source control is disabled
[2017.10.02-10.04.10:802][  0]SourceControl: Source control is disabled
[2017.10.02-10.04.10:916][  0]SourceControl: Source control is disabled
[2017.10.02-10.04.11:031][  0]SourceControl: Source control is disabled
[2017.10.02-10.04.12:704][  0]LogAndroidPermission: UAndroidPermissionCallbackProxy::GetInstance
[2017.10.02-10.04.13:058][  0]LogOcInput: OculusInput pre-init called
[2017.10.02-10.04.13:831][  0]LogEngine: Initializing Engine...
[2017.10.02-10.04.13:853][  0]LogHMD: Failed to initialize OpenVR with code 110
[2017.10.02-10.04.14:891][  0]LogStats: UGameplayTagsManager::ConstructGameplayTagTree: Construct from data asset -  0.000 s
[2017.10.02-10.04.14:892][  0]LogStats: UGameplayTagsManager::ConstructGameplayTagTree: GameplayTagTreeChangedEvent.Broadcast -  0.000 s
[2017.10.02-10.04.15:402][  0]LogAIModule: Creating AISystem for world Untitled
[2017.10.02-10.04.15:489][  0]LogInit: Failed to create XAudio2 interface
[2017.10.02-10.04.15:689][  0]LogDerivedDataCache: Saved boot cache 0.20s 93MB C:/Users/huozi/AppData/Local/UnrealEngine/4.17/DerivedDataCache/Boot.ddc.
[2017.10.02-10.04.15:724][  0]LogInit: Texture streaming: Enabled
[2017.10.02-10.04.15:994][  0]LogEngineSessionManager: EngineSessionManager initialized
[2017.10.02-10.04.16:843][  0]LogInit: Transaction tracking system initialized
[2017.10.02-10.04.17:495][  0]BlueprintLog: New page: Editor Load
[2017.10.02-10.04.19:843][  0]LocalizationService: Localization service is disabled
[2017.10.02-10.04.21:803][  0]LogConsoleResponse: Display: 
[2017.10.02-10.04.24:611][  0]LogFileCache: Scanning file cache for directory 'C:/Users/huozi/Documents/Unreal Projects/BatteryCollectorCPP/BatteryCollector/Content/' took 0.05s
[2017.10.02-10.04.24:611][  0]LogCook: Display: Max memory allowance for cook 16384mb min free memory 0mb
[2017.10.02-10.04.24:621][  0]LogCook: Display: Mobile HDR setting 1
[2017.10.02-10.04.24:641][  0]LogGameplayTags: Display: UGameplayTagsManager::DoneAddingNativeTags. DelegateIsBound: 0
[2017.10.02-10.04.27:543][  0]SourceControl: Source control is disabled
[2017.10.02-10.04.27:549][  0]Cmd: MAP LOAD FILE="../../../../../../Users/huozi/Documents/Unreal Projects/BatteryCollectorCPP/BatteryCollector/Saved/Untitled_1.umap" TEMPLATE=0 SHOWPROGRESS=1 FEATURELEVEL=3
[2017.10.02-10.04.27:550][  0]LogEditorServer: Warning: Can't find file '../../../../../../Users/huozi/Documents/Unreal Projects/BatteryCollectorCPP/BatteryCollector/Saved/Untitled_1.umap'
[2017.10.02-10.04.27:572][  0]Cmd: MAP CHECKDEP NOCLEARLOG
[2017.10.02-10.04.27:665][  0]MapCheck: Map check complete: 0 Error(s), 0 Warning(s), took 93.053ms to complete.
[2017.10.02-10.04.27:665][  0]LogFileHelpers: Loading map 'Untitled_1' took 0.116
[2017.10.02-10.04.29:247][  0]LogCollectionManager: Loaded 0 collections in 0.003009 seconds
[2017.10.02-10.04.29:426][  0]LogFileCache: Scanning file cache for directory 'C:/Users/huozi/Documents/Unreal Projects/BatteryCollectorCPP/BatteryCollector/Saved/Collections/' took 0.01s
[2017.10.02-10.04.29:426][  0]LogFileCache: Scanning file cache for directory 'C:/Users/huozi/Documents/Unreal Projects/BatteryCollectorCPP/BatteryCollector/Content/Developers/huozi/Collections/' took 0.01s
[2017.10.02-10.04.29:426][  0]LogFileCache: Scanning file cache for directory 'C:/Users/huozi/Documents/Unreal Projects/BatteryCollectorCPP/BatteryCollector/Content/Collections/' took 0.01s
[2017.10.02-10.04.29:427][  0]LogCollectionManager: Rebuilt the GUID cache for 0 collections in 0.000001 seconds
[2017.10.02-10.04.29:463][  0]LogContentBrowser: Native class hierarchy populated in 0.0355 seconds. Added 2391 classes and 502 folders.
[2017.10.02-10.04.29:596][  0]LogContentBrowser: Native class hierarchy updated for 'WidgetCarousel' in 0.0019 seconds. Added 0 classes and 0 folders.
[2017.10.02-10.04.31:616][  0]LogContentBrowser: Native class hierarchy updated for 'AddContentDialog' in 0.0059 seconds. Added 0 classes and 0 folders.
[2017.10.02-10.04.31:816][  0]LogContentBrowser: Native class hierarchy updated for 'SceneOutliner' in 0.0062 seconds. Added 1 classes and 2 folders.
[2017.10.02-10.04.32:548][  0]LogContentBrowser: Native class hierarchy updated for 'HierarchicalLODOutliner' in 0.0050 seconds. Added 1 classes and 2 folders.
[2017.10.02-10.04.32:549][  0]LogLoad: (Engine Initialization) Total time: 108.72 seconds
[2017.10.02-10.04.32:549][  0]LogLoad: (Engine Initialization) Total Blueprint compile time: 0.00 seconds
[2017.10.02-10.04.32:556][  0]LogExternalProfiler: Found external profiler: VSPerf
[2017.10.02-10.04.32:556][  0]LogExternalProfiler: Using external profiler: VSPerf
[2017.10.02-10.04.32:991][  0]LogContentStreaming: Texture pool size now 1000 MB
[2017.10.02-10.04.33:029][  0]LogSlate: Took 0.024101 seconds to synchronously load lazily loaded font '../../../Engine/Content/Slate/Fonts/Roboto-Regular.ttf' (155K)
[2017.10.02-10.04.33:056][  0]LogSlate: Took 0.020901 seconds to synchronously load lazily loaded font '../../../Engine/Content/Slate/Fonts/Roboto-Bold.ttf' (160K)
[2017.10.02-10.04.33:117][  0]LogSlate: Took 0.037797 seconds to synchronously load lazily loaded font '../../../Engine/Content/Editor/Slate/Fonts/FontAwesome.ttf' (139K)
[2017.10.02-10.04.33:760][  1]LogAssetRegistry: Asset discovery search completed in 69.3736 seconds
[2017.10.02-10.04.33:796][  1]LogRenderer: Reallocating scene render targets to support 980x480 Format 10 NumSamples 1 (Frame:1).
[2017.10.02-10.04.33:796][  1]LogCollectionManager: Rebuilt the object cache for 0 collections in 0.000001 seconds (found 0 objects)
[2017.10.02-10.04.33:796][  1]LogCollectionManager: Fixed up redirectors for 0 collections in 0.000073 seconds (updated 0 objects)
[2017.10.02-10.04.37:969][ 13]LogSlate: Took 0.016009 seconds to synchronously load lazily loaded font '../../../Engine/Content/Slate/Fonts/Roboto-Light.ttf' (159K)
[2017.10.02-10.10.00:538][180]LogSlate: Took 0.000154 seconds to synchronously load lazily loaded font '../../../Engine/Content/Slate/Fonts/Roboto-Light.ttf' (159K)
[2017.10.02-10.10.01:411][180]LogSlate: Took 0.000259 seconds to synchronously load lazily loaded font '../../../Engine/Content/Slate/Fonts/Roboto-Regular.ttf' (155K)
[2017.10.02-10.10.06:371][180]LogAIModule: Creating AISystem for world Sample
[2017.10.02-10.10.06:900][180]Cmd: MAP LOAD FILE="../../../../../../Users/huozi/Documents/Unreal Projects/BatteryCollectorCPP/BatteryCollector/Content/Maps/Sample.umap" TEMPLATE=0 SHOWPROGRESS=1 FEATURELEVEL=3
[2017.10.02-10.10.06:902][180]LightingResults: New page: Lighting Build
[2017.10.02-10.10.06:993][180]LogContentBrowser: Native class hierarchy updated for 'StatsViewer' in 0.0020 seconds. Added 5 classes and 0 folders.
[2017.10.02-10.10.06:994][180]LoadErrors: New page: Loading map: Sample.umap
[2017.10.02-10.10.07:020][180]MapCheck: New page: Map Check
[2017.10.02-10.10.07:020][180]LightingResults: New page: Lighting Build
[2017.10.02-10.10.07:314][180]LogEditorServer: Finished looking for orphan Actors (0.000 secs)
[2017.10.02-10.10.07:448][180]Cmd: MAP CHECKDEP NOCLEARLOG
[2017.10.02-10.10.07:522][180]MapCheck: Map check complete: 0 Error(s), 0 Warning(s), took 74.532ms to complete.
[2017.10.02-10.10.07:522][180]LogFileHelpers: Loading map 'Sample' took 0.636
[2017.10.02-10.10.39:923][  1]LogVSAccessor: Warning: Visual Studio is open but could not be queried - it may be blocked by a modal operation
[2017.10.02-10.10.39:963][  2]LogVSAccessor: Warning: Visual Studio is open but could not be queried - it may be blocked by a modal operation
[2017.10.02-10.10.40:272][  3]LogVSAccessor: Warning: Visual Studio is open but could not be queried - it may be blocked by a modal operation
[2017.10.02-10.10.40:605][  4]LogVSAccessor: Warning: Visual Studio is open but could not be queried - it may be blocked by a modal operation
[2017.10.02-10.10.40:935][  5]LogVSAccessor: Warning: Visual Studio is open but could not be queried - it may be blocked by a modal operation
[2017.10.02-10.10.41:274][  6]LogVSAccessor: Warning: Visual Studio is open but could not be queried - it may be blocked by a modal operation
[2017.10.02-10.10.41:606][  7]LogVSAccessor: Warning: Visual Studio is open but could not be queried - it may be blocked by a modal operation
[2017.10.02-10.10.41:938][  8]LogVSAccessor: Warning: Visual Studio is open but could not be queried - it may be blocked by a modal operation
[2017.10.02-10.10.42:271][  9]LogVSAccessor: Warning: Visual Studio is open but could not be queried - it may be blocked by a modal operation
[2017.10.02-10.10.42:604][ 10]LogVSAccessor: Warning: Visual Studio is open but could not be queried - it may be blocked by a modal operation
[2017.10.02-10.10.42:938][ 11]LogVSAccessor: Warning: Visual Studio is open but could not be queried - it may be blocked by a modal operation
[2017.10.02-10.10.43:273][ 12]LogVSAccessor: Warning: Visual Studio is open but could not be queried - it may be blocked by a modal operation
[2017.10.02-10.10.43:607][ 13]LogVSAccessor: Warning: Visual Studio is open but could not be queried - it may be blocked by a modal operation
[2017.10.02-10.10.43:938][ 14]LogVSAccessor: Warning: Visual Studio is open but could not be queried - it may be blocked by a modal operation
[2017.10.02-10.10.44:271][ 15]LogVSAccessor: Warning: Visual Studio is open but could not be queried - it may be blocked by a modal operation
[2017.10.02-10.10.44:606][ 16]LogVSAccessor: Warning: Visual Studio is open but could not be queried - it may be blocked by a modal operation
[2017.10.02-10.10.44:933][ 17]LogVSAccessor: Warning: Visual Studio is open but could not be queried - it may be blocked by a modal operation
[2017.10.02-10.10.45:272][ 18]LogVSAccessor: Warning: Visual Studio is open but could not be queried - it may be blocked by a modal operation
[2017.10.02-10.10.45:602][ 19]LogVSAccessor: Warning: Visual Studio is open but could not be queried - it may be blocked by a modal operation
[2017.10.02-10.10.45:937][ 20]LogVSAccessor: Warning: Visual Studio is open but could not be queried - it may be blocked by a modal operation
[2017.10.02-10.10.46:273][ 21]LogVSAccessor: Warning: Visual Studio is open but could not be queried - it may be blocked by a modal operation
[2017.10.02-10.10.46:605][ 22]LogVSAccessor: Warning: Visual Studio is open but could not be queried - it may be blocked by a modal operation
[2017.10.02-10.10.46:938][ 23]LogVSAccessor: Warning: Visual Studio is open but could not be queried - it may be blocked by a modal operation
[2017.10.02-10.10.47:267][ 24]LogVSAccessor: Warning: Visual Studio is open but could not be queried - it may be blocked by a modal operation
[2017.10.02-10.10.47:605][ 25]LogVSAccessor: Warning: Visual Studio is open but could not be queried - it may be blocked by a modal operation
[2017.10.02-10.10.47:934][ 26]LogVSAccessor: Warning: Visual Studio is open but could not be queried - it may be blocked by a modal operation
[2017.10.02-10.10.48:272][ 27]LogVSAccessor: Warning: Visual Studio is open but could not be queried - it may be blocked by a modal operation
[2017.10.02-10.10.48:604][ 28]LogVSAccessor: Warning: Visual Studio is open but could not be queried - it may be blocked by a modal operation
[2017.10.02-10.10.48:939][ 29]LogVSAccessor: Warning: Visual Studio is open but could not be queried - it may be blocked by a modal operation
[2017.10.02-10.10.49:266][ 30]LogVSAccessor: Warning: Visual Studio is open but could not be queried - it may be blocked by a modal operation
[2017.10.02-10.10.49:603][ 31]LogVSAccessor: Warning: Visual Studio is open but could not be queried - it may be blocked by a modal operation
[2017.10.02-10.10.49:940][ 32]LogVSAccessor: Warning: Visual Studio is open but could not be queried - it may be blocked by a modal operation
[2017.10.02-10.10.50:273][ 33]LogVSAccessor: Warning: Visual Studio is open but could not be queried - it may be blocked by a modal operation
[2017.10.02-10.10.50:605][ 34]LogVSAccessor: Warning: Visual Studio is open but could not be queried - it may be blocked by a modal operation
[2017.10.02-10.10.50:934][ 35]LogVSAccessor: Warning: Visual Studio is open but could not be queried - it may be blocked by a modal operation
[2017.10.02-10.10.51:270][ 36]LogVSAccessor: Warning: Visual Studio is open but could not be queried - it may be blocked by a modal operation
[2017.10.02-10.10.51:601][ 37]LogVSAccessor: Warning: Visual Studio is open but could not be queried - it may be blocked by a modal operation
[2017.10.02-10.10.51:940][ 38]LogVSAccessor: Warning: Visual Studio is open but could not be queried - it may be blocked by a modal operation
[2017.10.02-10.10.52:270][ 39]LogVSAccessor: Warning: Visual Studio is open but could not be queried - it may be blocked by a modal operation
[2017.10.02-10.10.52:601][ 40]LogVSAccessor: Warning: Visual Studio is open but could not be queried - it may be blocked by a modal operation
[2017.10.02-10.10.52:937][ 41]LogVSAccessor: Warning: Visual Studio is open but could not be queried - it may be blocked by a modal operation
[2017.10.02-10.10.53:272][ 42]LogVSAccessor: Warning: Visual Studio is open but could not be queried - it may be blocked by a modal operation
[2017.10.02-10.10.53:603][ 43]LogVSAccessor: Warning: Visual Studio is open but could not be queried - it may be blocked by a modal operation
[2017.10.02-10.10.53:937][ 44]LogVSAccessor: Warning: Visual Studio is open but could not be queried - it may be blocked by a modal operation
[2017.10.02-10.10.54:270][ 45]LogVSAccessor: Warning: Visual Studio is open but could not be queried - it may be blocked by a modal operation
[2017.10.02-10.10.54:600][ 46]LogVSAccessor: Warning: Visual Studio is open but could not be queried - it may be blocked by a modal operation
[2017.10.02-10.10.54:939][ 47]LogVSAccessor: Warning: Visual Studio is open but could not be queried - it may be blocked by a modal operation
[2017.10.02-10.10.55:270][ 48]LogVSAccessor: Warning: Visual Studio is open but could not be queried - it may be blocked by a modal operation
[2017.10.02-10.10.55:603][ 49]LogVSAccessor: Warning: Visual Studio is open but could not be queried - it may be blocked by a modal operation
[2017.10.02-10.10.55:940][ 50]LogVSAccessor: Warning: Visual Studio is open but could not be queried - it may be blocked by a modal operation
[2017.10.02-10.10.56:271][ 51]LogVSAccessor: Warning: Visual Studio is open but could not be queried - it may be blocked by a modal operation
[2017.10.02-10.10.56:602][ 52]LogVSAccessor: Warning: Visual Studio is open but could not be queried - it may be blocked by a modal operation
[2017.10.02-10.10.56:939][ 53]LogVSAccessor: Warning: Visual Studio is open but could not be queried - it may be blocked by a modal operation
[2017.10.02-10.10.57:268][ 54]LogVSAccessor: Warning: Visual Studio is open but could not be queried - it may be blocked by a modal operation
[2017.10.02-10.10.57:602][ 55]LogVSAccessor: Warning: Visual Studio is open but could not be queried - it may be blocked by a modal operation
[2017.10.02-10.10.57:939][ 56]LogVSAccessor: Warning: Visual Studio is open but could not be queried - it may be blocked by a modal operation
[2017.10.02-10.10.58:269][ 57]LogVSAccessor: Warning: Visual Studio is open but could not be queried - it may be blocked by a modal operation
[2017.10.02-10.10.58:603][ 58]LogVSAccessor: Warning: Visual Studio is open but could not be queried - it may be blocked by a modal operation
[2017.10.02-10.10.58:938][ 59]LogVSAccessor: Warning: Visual Studio is open but could not be queried - it may be blocked by a modal operation
[2017.10.02-10.10.59:279][ 60]LogVSAccessor: Warning: Visual Studio is open but could not be queried - it may be blocked by a modal operation
[2017.10.02-10.10.59:604][ 61]LogVSAccessor: Warning: Visual Studio is open but could not be queried - it may be blocked by a modal operation
[2017.10.02-10.10.59:939][ 62]LogVSAccessor: Warning: Visual Studio is open but could not be queried - it may be blocked by a modal operation
[2017.10.02-10.11.00:273][ 63]LogVSAccessor: Warning: Visual Studio is open but could not be queried - it may be blocked by a modal operation
[2017.10.02-10.11.00:605][ 64]LogVSAccessor: Warning: Visual Studio is open but could not be queried - it may be blocked by a modal operation
[2017.10.02-10.11.00:936][ 65]LogVSAccessor: Warning: Visual Studio is open but could not be queried - it may be blocked by a modal operation
[2017.10.02-10.11.01:273][ 66]LogVSAccessor: Warning: Visual Studio is open but could not be queried - it may be blocked by a modal operation
[2017.10.02-10.11.01:604][ 67]LogVSAccessor: Warning: Visual Studio is open but could not be queried - it may be blocked by a modal operation
[2017.10.02-10.11.01:939][ 68]LogVSAccessor: Warning: Visual Studio is open but could not be queried - it may be blocked by a modal operation
[2017.10.02-10.11.02:269][ 69]LogVSAccessor: Warning: Visual Studio is open but could not be queried - it may be blocked by a modal operation
[2017.10.02-10.11.02:606][ 70]LogVSAccessor: Warning: Visual Studio is open but could not be queried - it may be blocked by a modal operation
[2017.10.02-10.11.02:939][ 71]LogVSAccessor: Warning: Visual Studio is open but could not be queried - it may be blocked by a modal operation
[2017.10.02-10.11.03:270][ 72]LogVSAccessor: Warning: Visual Studio is open but could not be queried - it may be blocked by a modal operation
[2017.10.02-10.11.03:601][ 73]LogVSAccessor: Warning: Visual Studio is open but could not be queried - it may be blocked by a modal operation
[2017.10.02-10.11.03:940][ 74]LogVSAccessor: Warning: Visual Studio is open but could not be queried - it may be blocked by a modal operation
[2017.10.02-10.11.04:273][ 75]LogVSAccessor: Warning: Visual Studio is open but could not be queried - it may be blocked by a modal operation
[2017.10.02-10.11.04:604][ 76]LogVSAccessor: Warning: Visual Studio is open but could not be queried - it may be blocked by a modal operation
[2017.10.02-10.11.04:935][ 77]LogVSAccessor: Warning: Visual Studio is open but could not be queried - it may be blocked by a modal operation
[2017.10.02-10.11.05:272][ 78]LogVSAccessor: Warning: Visual Studio is open but could not be queried - it may be blocked by a modal operation
[2017.10.02-10.11.05:605][ 79]LogVSAccessor: Warning: Visual Studio is open but could not be queried - it may be blocked by a modal operation
[2017.10.02-10.11.05:939][ 80]LogVSAccessor: Warning: Visual Studio is open but could not be queried - it may be blocked by a modal operation
[2017.10.02-10.11.06:271][ 81]LogVSAccessor: Warning: Visual Studio is open but could not be queried - it may be blocked by a modal operation
[2017.10.02-10.11.06:603][ 82]LogVSAccessor: Warning: Visual Studio is open but could not be queried - it may be blocked by a modal operation
[2017.10.02-10.11.06:937][ 83]LogVSAccessor: Warning: Visual Studio is open but could not be queried - it may be blocked by a modal operation
[2017.10.02-10.11.07:272][ 84]LogVSAccessor: Warning: Visual Studio is open but could not be queried - it may be blocked by a modal operation
[2017.10.02-10.11.07:605][ 85]LogVSAccessor: Warning: Visual Studio is open but could not be queried - it may be blocked by a modal operation
[2017.10.02-10.11.07:939][ 86]LogVSAccessor: Warning: Visual Studio is open but could not be queried - it may be blocked by a modal operation
[2017.10.02-10.11.08:272][ 87]LogVSAccessor: Warning: Visual Studio is open but could not be queried - it may be blocked by a modal operation
[2017.10.02-10.11.08:602][ 88]LogVSAccessor: Warning: Visual Studio is open but could not be queried - it may be blocked by a modal operation
[2017.10.02-10.11.08:938][ 89]LogVSAccessor: Warning: Visual Studio is open but could not be queried - it may be blocked by a modal operation
[2017.10.02-10.11.09:272][ 90]LogVSAccessor: Warning: Visual Studio is open but could not be queried - it may be blocked by a modal operation
[2017.10.02-10.11.09:602][ 91]LogVSAccessor: Warning: Visual Studio is open but could not be queried - it may be blocked by a modal operation
[2017.10.02-10.11.09:940][ 92]LogVSAccessor: Warning: Visual Studio is open but could not be queried - it may be blocked by a modal operation
[2017.10.02-10.11.10:272][ 93]LogVSAccessor: Warning: Visual Studio is open but could not be queried - it may be blocked by a modal operation
[2017.10.02-10.11.10:607][ 94]LogVSAccessor: Warning: Visual Studio is open but could not be queried - it may be blocked by a modal operation
[2017.10.02-10.11.10:939][ 95]LogVSAccessor: Warning: Visual Studio is open but could not be queried - it may be blocked by a modal operation
[2017.10.02-10.11.11:269][ 96]LogVSAccessor: Warning: Visual Studio is open but could not be queried - it may be blocked by a modal operation
[2017.10.02-10.12.04:480][ 97]LogVSAccessor: Warning: Couldn't goto line number '0' in 'C:/Users/huozi/Documents/Unreal Projects/BatteryCollectorCPP/BatteryCollector/Source/BatteryCollector/SpawnVolume.h'
[2017.10.02-10.12.04:498][ 97]LogVSAccessor: Warning: Couldn't goto line number '0' in 'C:/Users/huozi/Documents/Unreal Projects/BatteryCollectorCPP/BatteryCollector/Source/BatteryCollector/SpawnVolume.cpp'
[2017.10.02-10.27.02:189][937]Candidate modules for hot reload:
[2017.10.02-10.27.02:189][937]  BatteryCollector
[2017.10.02-10.27.02:189][937]Launching UnrealBuildTool... [C:/Program Files/Epic Games/UE_4.17/Engine/Binaries/DotNET/UnrealBuildTool.exe BatteryCollector -ModuleWithSuffix BatteryCollector 8169 Win64 Development -editorrecompile -canskiplink "C:/Users/huozi/Documents/Unreal Projects/BatteryCollectorCPP/BatteryCollector/BatteryCollector.uproject" ]
[2017.10.02-10.27.02:192][937]Warning: Starting HotReload took  0.0s.
[2017.10.02-10.28.39:876][280]LogEditorViewport: Clicking on Actor (LMB): Pickup_BP_C (Pickup_BP)
[2017.10.02-10.29.29:048][459]LogSlate: Took 0.000373 seconds to synchronously load lazily loaded font '../../../Engine/Content/Slate/Fonts/Roboto-Light.ttf' (159K)
[2017.10.02-10.29.55:377][470]CompilerResultsLog: New page: Compilation - Oct 3, 2017, 4:29:55 AM
[2017.10.02-10.29.55:378][470]CompilerResultsLog: Compiling game modules for hot reload
[2017.10.02-10.29.55:378][470]CompilerResultsLog: Parsing headers for BatteryCollectorEditor
[2017.10.02-10.29.55:378][470]CompilerResultsLog:   Running UnrealHeaderTool "C:\Users\huozi\Documents\Unreal Projects\BatteryCollectorCPP\BatteryCollector\BatteryCollector.uproject" "C:\Users\huozi\Documents\Unreal Projects\BatteryCollectorCPP\BatteryCollector\Intermediate\Build\Win64\BatteryCollectorEditor\Development\BatteryCollectorEditor.uhtmanifest" -LogCmds="loginit warning, logexit warning, logdatabase error" -Unattended -WarningsAsErrors -installed
[2017.10.02-10.29.55:378][470]CompilerResultsLog: Reflection code generated for BatteryCollectorEditor in 11.4279911 seconds
[2017.10.02-10.29.55:378][470]CompilerResultsLog: Performing 5 actions (4 in parallel)
[2017.10.02-10.29.55:378][470]CompilerResultsLog: BatteryCollector.init.gen.cpp
[2017.10.02-10.29.55:378][470]CompilerResultsLog: SpawnVolume.cpp
[2017.10.02-10.29.55:378][470]CompilerResultsLog: SpawnVolume.gen.cpp
[2017.10.02-10.29.55:378][470]CompilerResultsLog: [4/5] Link UE4Editor-BatteryCollector-8169.dll
[2017.10.02-10.29.55:378][470]CompilerResultsLog: [5/5] Link UE4Editor-BatteryCollector-8169.lib
[2017.10.02-10.29.55:378][470]CompilerResultsLog:    Creating library C:\Users\huozi\Documents\Unreal Projects\BatteryCollectorCPP\BatteryCollector\Intermediate\Build\Win64\UE4Editor\Development\UE4Editor-BatteryCollector-8169.lib and object C:\Users\huozi\Documents\Unreal Projects\BatteryCollectorCPP\BatteryCollector\Intermediate\Build\Win64\UE4Editor\Development\UE4Editor-BatteryCollector-8169.exp
[2017.10.02-10.29.55:378][470]CompilerResultsLog:    Creating library C:\Users\huozi\Documents\Unreal Projects\BatteryCollectorCPP\BatteryCollector\Intermediate\Build\Win64\UE4Editor\Development\UE4Editor-BatteryCollector-8169.suppressed.lib and object C:\Users\huozi\Documents\Unreal Projects\BatteryCollectorCPP\BatteryCollector\Intermediate\Build\Win64\UE4Editor\Development\UE4Editor-BatteryCollector-8169.suppressed.exp
[2017.10.02-10.29.55:378][470]CompilerResultsLog: Total build time: 172.53 seconds (Local executor: 102.43 seconds)
[2017.10.02-10.29.55:378][470]LogMainFrame: MainFrame: Module compiling took 173.194 seconds
[2017.10.02-10.29.55:497][470]LogClass: Could not find existing class SpawnVolume in package /Script/BatteryCollector for HotReload, assuming new class
[2017.10.02-10.29.55:497][470]LogClass: Function GetRandomPointInVolume is new.
[2017.10.02-10.29.55:505][470]LogHotReload: Re-instancing SpawnVolume after hot-reload.
[2017.10.02-10.29.55:701][470]LogContentBrowser: Native class hierarchy updated for 'BatteryCollector' in 0.0042 seconds. Added 5 classes and 2 folders.
[2017.10.02-10.29.55:703][470]Display: HotReload successful (2 functions remapped  0 scriptstructs remapped)
[2017.10.02-10.29.55:787][470]LogContentBrowser: Native class hierarchy populated in 0.0117 seconds. Added 2393 classes and 506 folders.
[2017.10.02-10.29.55:813][470]Display: HotReload took 173.6s.
[2017.10.02-10.29.59:432][892]LogTemp: Repeating last play command: Selected Viewport
[2017.10.02-10.29.59:619][892]LogPlayLevel: PlayLevel: No blueprints needed recompiling
[2017.10.02-10.29.59:657][892]PIE: New page: PIE session: Sample (Oct 3, 2017, 4:29:59 AM)
[2017.10.02-10.29.59:658][892]LogPlayLevel: Creating play world package: /Game/Maps/UEDPIE_0_Sample
[2017.10.02-10.29.59:691][892]LogPlayLevel: PIE: StaticDuplicateObject took: (0.032337s)
[2017.10.02-10.29.59:694][892]LogAIModule: Creating AISystem for world Sample
[2017.10.02-10.29.59:695][892]LogPlayLevel: PIE: World Init took: (0.003236s)
[2017.10.02-10.29.59:696][892]LogPlayLevel: PIE: Created PIE world by copying editor world from /Game/Maps/Sample.Sample to /Game/Maps/UEDPIE_0_Sample.Sample (0.037502s)
[2017.10.02-10.29.59:819][892]LogLoad: Game class is 'BatteryCollectorGameMode'
[2017.10.02-10.29.59:865][892]LogWorld: Bringing World /Game/Maps/UEDPIE_0_Sample.Sample up for play (max tick rate 0) at 2017.10.02-19.29.59
[2017.10.02-10.29.59:877][892]LogWorld: Bringing up level for play took: 0.013495
[2017.10.02-10.30.00:077][892]LogContentBrowser: Native class hierarchy updated for 'MovieSceneCapture' in 0.0024 seconds. Added 11 classes and 0 folders.
[2017.10.02-10.30.00:128][892]PIE: Play in editor start time for /Game/Maps/UEDPIE_0_Sample 0.002
[2017.10.02-10.30.52:091][147]LogEditor: Attempting to add actor of class 'SpawnVolume' to level at 2780.00,110.00,30.00
[2017.10.02-10.30.52:503][190]LogEditor: Attempting to add actor of class 'SpawnVolume' to level at 3520.00,-110.00,30.00
[2017.10.02-10.31.25:544][819]LogSavePackage: Save=198.48ms
[2017.10.02-10.31.25:544][819]LogSavePackage: Moving '../../../../../../Users/huozi/Documents/Unreal Projects/BatteryCollectorCPP/BatteryCollector/Saved/SampleDD027F22402A90D1212579B31CECD2A2.tmp' to '../../../../../../Users/huozi/Documents/Unreal Projects/BatteryCollectorCPP/BatteryCollector/Content/Maps/Sample.umap'
[2017.10.02-10.31.25:569][819]LogSavePackage: Display: Finished SavePackage ../../../../../../Users/huozi/Documents/Unreal Projects/BatteryCollectorCPP/BatteryCollector/Content/Maps/Sample.umap
[2017.10.02-10.31.26:504][819]LogSavePackage: Save=603.63ms
[2017.10.02-10.31.26:504][819]LogSavePackage: Moving '../../../../../../Users/huozi/Documents/Unreal Projects/BatteryCollectorCPP/BatteryCollector/Saved/Sample_BuiltData7345AC0A4FCA5CFEE72CA8A9C50D6AEC.tmp' to '../../../../../../Users/huozi/Documents/Unreal Projects/BatteryCollectorCPP/BatteryCollector/Content/Maps/Sample_BuiltData.uasset'
[2017.10.02-10.31.26:506][819]LogSavePackage: Display: Finished SavePackage ../../../../../../Users/huozi/Documents/Unreal Projects/BatteryCollectorCPP/BatteryCollector/Content/Maps/Sample_BuiltData.uasset
[2017.10.02-10.31.57:107][306]LogEditor: Attempting to add actor of class 'SpawnVolume' to level at 2160.00,-240.00,30.00
[2017.10.02-10.31.57:429][342]LogEditor: Attempting to add actor of class 'SpawnVolume' to level at 2330.00,-610.00,30.00
[2017.10.02-10.32.07:637][549]LogSlate: Warning: Prevented a slow task dialog from being summoned while a context menu was open
[2017.10.02-10.33.05:563][899]LogTemp: Repeating last play command: Selected Viewport
[2017.10.02-10.33.05:581][899]LogPlayLevel: PlayLevel: No blueprints needed recompiling
[2017.10.02-10.33.05:581][899]PIE: New page: PIE session: Sample (Oct 3, 2017, 4:33:05 AM)
[2017.10.02-10.33.05:581][899]LogPlayLevel: Creating play world package: /Game/Maps/UEDPIE_0_Sample
[2017.10.02-10.33.05:585][899]LogPlayLevel: PIE: StaticDuplicateObject took: (0.003712s)
[2017.10.02-10.33.05:586][899]LogAIModule: Creating AISystem for world Sample
[2017.10.02-10.33.05:586][899]LogPlayLevel: PIE: World Init took: (0.001470s)
[2017.10.02-10.33.05:586][899]LogPlayLevel: PIE: Created PIE world by copying editor world from /Game/Maps/Sample.Sample to /Game/Maps/UEDPIE_0_Sample.Sample (0.005539s)
[2017.10.02-10.33.05:628][899]LogLoad: Game class is 'BatteryCollectorGameMode'
[2017.10.02-10.33.05:630][899]LogWorld: Bringing World /Game/Maps/UEDPIE_0_Sample.Sample up for play (max tick rate 0) at 2017.10.02-19.33.05
[2017.10.02-10.33.05:631][899]LogWorld: Bringing up level for play took: 0.001905
[2017.10.02-10.33.05:633][899]PIE: Play in editor start time for /Game/Maps/UEDPIE_0_Sample -0.493
[2017.10.02-10.42.23:026][805]LogSavePackage: Save=58.96ms
[2017.10.02-10.42.23:026][805]LogSavePackage: Moving '../../../../../../Users/huozi/Documents/Unreal Projects/BatteryCollectorCPP/BatteryCollector/Saved/Sample_Auto1C5BF33064CC949AAAF2CE7B169992B8F.tmp' to '../../../../../../Users/huozi/Documents/Unreal Projects/BatteryCollectorCPP/BatteryCollector/Saved/Autosaves/Game/Maps/Sample_Auto1.umap'
[2017.10.02-10.42.23:027][805]LogSavePackage: Display: Finished SavePackage ../../../../../../Users/huozi/Documents/Unreal Projects/BatteryCollectorCPP/BatteryCollector/Saved/Autosaves/Game/Maps/Sample_Auto1.umap
[2017.10.02-10.42.23:030][805]LogFileHelpers: Editor autosave (incl. sublevels) for '/Game/Maps/Sample' took 0.113
[2017.10.02-10.42.23:030][805]LogFileHelpers: Editor autosave (incl. sublevels) for all levels took 0.113
[2017.10.02-10.45.32:549][468]LogSavePackage: Save=56.37ms
[2017.10.02-10.45.32:549][468]LogSavePackage: Moving '../../../../../../Users/huozi/Documents/Unreal Projects/BatteryCollectorCPP/BatteryCollector/Saved/Sample60B28D0C4FD2D5827B2214B091632F87.tmp' to '../../../../../../Users/huozi/Documents/Unreal Projects/BatteryCollectorCPP/BatteryCollector/Content/Maps/Sample.umap'
[2017.10.02-10.45.32:553][468]LogSavePackage: Display: Finished SavePackage ../../../../../../Users/huozi/Documents/Unreal Projects/BatteryCollectorCPP/BatteryCollector/Content/Maps/Sample.umap
[2017.10.02-10.45.33:029][468]LogSavePackage: Save=430.28ms
[2017.10.02-10.45.33:029][468]LogSavePackage: Moving '../../../../../../Users/huozi/Documents/Unreal Projects/BatteryCollectorCPP/BatteryCollector/Saved/Sample_BuiltDataEE13F0F84CAC5861F8939CB45E5EA443.tmp' to '../../../../../../Users/huozi/Documents/Unreal Projects/BatteryCollectorCPP/BatteryCollector/Content/Maps/Sample_BuiltData.uasset'
[2017.10.02-10.45.33:033][468]LogSavePackage: Display: Finished SavePackage ../../../../../../Users/huozi/Documents/Unreal Projects/BatteryCollectorCPP/BatteryCollector/Content/Maps/Sample_BuiltData.uasset
[2017.10.02-12.24.25:179][327]LogWindowsTextInputMethodSystem: Display: IME system now deactivated.
[2017.10.02-12.24.25:222][327]LogWindowsTextInputMethodSystem: Display: IME system now activated using TSF (Microsoft IME).
[2017.10.02-13.07.14:722][147]LogHotReload: New module detected: UE4Editor-BatteryCollector-2469.dll
[2017.10.02-13.07.16:626][154]LogHotReload: Starting Hot-Reload from IDE
[2017.10.02-13.07.20:813][154]LogClass: Could not find existing class BatteryCollectorCharacter in package /Script/BatteryCollector for HotReload, assuming new class
[2017.10.02-13.07.20:816][154]LogClass: Could not find existing class BatteryPickup in package /Script/BatteryCollector for HotReload, assuming new class
[2017.10.02-13.07.20:816][154]LogClass: Could not find existing class Pickup in package /Script/BatteryCollector for HotReload, assuming new class
[2017.10.02-13.07.20:829][154]LogClass: Function IsActive is new.
[2017.10.02-13.07.20:829][154]LogClass: Function SetActive is new.
[2017.10.02-13.07.20:829][154]LogClass: Function WasCollected is new.
[2017.10.02-13.07.20:829][154]LogClass: Could not find existing class SpawnVolume in package /Script/BatteryCollector for HotReload, assuming new class
[2017.10.02-13.07.20:829][154]LogClass: Function GetRandomPointInVolume is new.
[2017.10.02-13.07.21:300][154]LogHotReload: Re-instancing BatteryCollectorCharacter after hot-reload.
[2017.10.02-13.07.24:865][154]LogHotReload: Re-instancing BatteryPickup after hot-reload.
[2017.10.02-13.07.25:175][154]LogHotReload: Re-instancing Pickup after hot-reload.
[2017.10.02-13.07.25:564][154]LogHotReload: Re-instancing SpawnVolume after hot-reload.
[2017.10.02-13.07.27:026][154]LogContentBrowser: Native class hierarchy updated for 'BatteryCollector' in 0.0575 seconds. Added 5 classes and 2 folders.
[2017.10.02-13.07.27:029][154]Display: HotReload successful (0 functions remapped  0 scriptstructs remapped)
[2017.10.02-13.07.27:370][154]LogContentBrowser: Native class hierarchy populated in 0.0432 seconds. Added 2393 classes and 506 folders.
[2017.10.02-13.07.27:506][154]Display: HotReload took 10.9s.
[2017.10.02-13.39.03:029][359]Cmd: QUIT_EDITOR
[2017.10.02-13.39.05:164][359]LogWindowsTextInputMethodSystem: Display: IME system now activated using TSF (Microsoft IME).
[2017.10.02-13.39.05:264][359]LogExit: Preparing to exit.
[2017.10.02-13.39.06:140][359]LogDirectoryWatcher: A directory notification for 'C:/Users/huozi/Documents/Unreal Projects/BatteryCollectorCPP/BatteryCollector/Content/' was aborted.
[2017.10.02-13.39.06:374][359]LogExit: Editor shut down
[2017.10.02-13.39.06:402][359]LogExit: Transaction tracking system shut down
[2017.10.02-13.39.06:833][359]LogDirectoryWatcher: A directory notification for '../../../Engine/Content/' was aborted.
[2017.10.02-13.39.06:833][359]LogDirectoryWatcher: A directory notification for '../../../../../../Users/huozi/Documents/Unreal Projects/BatteryCollectorCPP/BatteryCollector/Content/' was aborted.
[2017.10.02-13.39.06:833][359]LogDirectoryWatcher: A directory notification for '../../../Engine/Plugins/2D/Paper2D/Content/' was aborted.
[2017.10.02-13.39.06:833][359]LogDirectoryWatcher: A directory notification for '../../../Engine/Plugins/Runtime/Oculus/OculusVR/Content/' was aborted.
[2017.10.02-13.39.06:833][359]LogDirectoryWatcher: A directory notification for '../../../Engine/Plugins/Runtime/Steam/SteamVR/Content/' was aborted.
[2017.10.02-13.39.11:213][359]LogExit: Object subsystem successfully closed.
[2017.10.02-13.39.11:712][359]LogD3D11RHI: Shutdown
[2017.10.02-13.39.11:726][359]LogD3D11RHI: CleanupD3DDevice
[2017.10.02-13.39.11:909][359]LogD3D11RHI: ~FD3D11DynamicRHI
[2017.10.02-13.39.14:512][359]LogModuleManager: Shutting down and abandoning module BatteryCollector (536)
[2017.10.02-13.39.14:512][359]LogModuleManager: Shutting down and abandoning module MovieSceneCapture (535)
[2017.10.02-13.39.14:525][359]LogModuleManager: Shutting down and abandoning module StatsViewer (532)
[2017.10.02-13.39.14:542][359]LogModuleManager: Shutting down and abandoning module HierarchicalLODOutliner (530)
[2017.10.02-13.39.14:542][359]LogModuleManager: Shutting down and abandoning module SceneOutliner (528)
[2017.10.02-13.39.14:542][359]LogModuleManager: Shutting down and abandoning module AddContentDialog (526)
[2017.10.02-13.39.14:582][359]LogDirectoryWatcher: A directory notification for 'C:/Program Files/Epic Games/UE_4.17/FeaturePacks/' was aborted.
[2017.10.02-13.39.14:599][359]LogModuleManager: Shutting down and abandoning module WidgetCarousel (525)
[2017.10.02-13.39.14:599][359]LogModuleManager: Shutting down and abandoning module EditorWidgets (522)
[2017.10.02-13.39.14:599][359]LogModuleManager: Shutting down and abandoning module CollectionManager (520)
[2017.10.02-13.39.14:660][359]LogDirectoryWatcher: A directory notification for 'C:/Users/huozi/Documents/Unreal Projects/BatteryCollectorCPP/BatteryCollector/Content/Collections/' was aborted.
[2017.10.02-13.39.14:660][359]LogDirectoryWatcher: A directory notification for 'C:/Users/huozi/Documents/Unreal Projects/BatteryCollectorCPP/BatteryCollector/Content/Developers/huozi/Collections/' was aborted.
[2017.10.02-13.39.14:660][359]LogDirectoryWatcher: A directory notification for 'C:/Users/huozi/Documents/Unreal Projects/BatteryCollectorCPP/BatteryCollector/Saved/Collections/' was aborted.
[2017.10.02-13.39.14:661][359]LogModuleManager: Shutting down and abandoning module FoliageEdit (518)
[2017.10.02-13.39.14:661][359]LogModuleManager: Shutting down and abandoning module LandscapeEditor (516)
[2017.10.02-13.39.14:854][359]LogModuleManager: Shutting down and abandoning module MeshPaintMode (514)
[2017.10.02-13.39.14:873][359]LogModuleManager: Shutting down and abandoning module SceneDepthPickerMode (512)
[2017.10.02-13.39.14:873][359]LogModuleManager: Shutting down and abandoning module ActorPickerMode (510)
[2017.10.02-13.39.14:874][359]LogModuleManager: Shutting down and abandoning module GeometryMode (508)
[2017.10.02-13.39.14:895][359]LogModuleManager: Shutting down and abandoning module TextureAlignMode (506)
[2017.10.02-13.39.14:895][359]LogModuleManager: Shutting down and abandoning module BspMode (504)
[2017.10.02-13.39.14:895][359]LogModuleManager: Shutting down and abandoning module PIEPreviewDeviceProfileSelector (502)
[2017.10.02-13.39.14:895][359]LogModuleManager: Shutting down and abandoning module HardwareSurvey (500)
[2017.10.02-13.39.14:909][359]LogModuleManager: Shutting down and abandoning module SequenceRecorderSections (498)
[2017.10.02-13.39.14:947][359]LogModuleManager: Shutting down and abandoning module AutomationWorker (496)
[2017.10.02-13.39.14:994][359]LogModuleManager: Shutting down and abandoning module MatineeToLevelSequence (494)
[2017.10.02-13.39.15:053][359]LogModuleManager: Shutting down and abandoning module LevelSequenceEditor (492)
[2017.10.02-13.39.15:125][359]LogModuleManager: Shutting down and abandoning module PlacementMode (491)
[2017.10.02-13.39.15:126][359]LogModuleManager: Shutting down and abandoning module WmfMediaFactory (488)
[2017.10.02-13.39.15:126][359]LogModuleManager: Shutting down and abandoning module WmfMediaEditor (486)
[2017.10.02-13.39.15:126][359]LogModuleManager: Shutting down and abandoning module AvfMediaFactory (484)
[2017.10.02-13.39.15:126][359]LogModuleManager: Shutting down and abandoning module AvfMediaEditor (482)
[2017.10.02-13.39.15:126][359]LogModuleManager: Shutting down and abandoning module AndroidMediaFactory (480)
[2017.10.02-13.39.15:126][359]LogModuleManager: Shutting down and abandoning module Media (479)
[2017.10.02-13.39.15:126][359]LogModuleManager: Shutting down and abandoning module AndroidMediaEditor (476)
[2017.10.02-13.39.15:126][359]LogModuleManager: Shutting down and abandoning module CharacterAI (474)
[2017.10.02-13.39.15:126][359]LogModuleManager: Shutting down and abandoning module AudioCapture (472)
[2017.10.02-13.39.15:136][359]LogModuleManager: Shutting down and abandoning module SequenceRecorder (471)
[2017.10.02-13.39.15:151][359]LogModuleManager: Shutting down and abandoning module SmartSnapping (468)
[2017.10.02-13.39.15:151][359]LogModuleManager: Shutting down and abandoning module SessionServices (466)
[2017.10.02-13.39.15:151][359]LogModuleManager: Shutting down and abandoning module ViewportSnapping (464)
[2017.10.02-13.39.15:151][359]LogModuleManager: Shutting down and abandoning module ViewportInteraction (462)
[2017.10.02-13.39.15:151][359]LogModuleManager: Shutting down and abandoning module ClothPainter (460)
[2017.10.02-13.39.15:164][359]LogModuleManager: Shutting down and abandoning module LogVisualizer (458)
[2017.10.02-13.39.15:237][359]LogModuleManager: Shutting down and abandoning module IntroTutorials (456)
[2017.10.02-13.39.15:292][359]LogModuleManager: Shutting down and abandoning module GameProjectGeneration (455)
[2017.10.02-13.39.15:320][359]LogModuleManager: Shutting down and abandoning module IOSPlatformEditor (452)
[2017.10.02-13.39.15:327][359]LogModuleManager: Shutting down and abandoning module HTML5PlatformEditor (450)
[2017.10.02-13.39.15:327][359]LogModuleManager: Shutting down and abandoning module AndroidPlatformEditor (448)
[2017.10.02-13.39.15:327][359]LogModuleManager: Shutting down and abandoning module AndroidDeviceDetection (447)
[2017.10.02-13.39.15:434][359]LogModuleManager: Shutting down and abandoning module WindowsPlatformEditor (444)
[2017.10.02-13.39.15:434][359]LogModuleManager: Shutting down and abandoning module IOSRuntimeSettings (442)
[2017.10.02-13.39.15:434][359]LogModuleManager: Shutting down and abandoning module AndroidRuntimeSettings (440)
[2017.10.02-13.39.15:434][359]LogModuleManager: Shutting down and abandoning module InputBindingEditor (438)
[2017.10.02-13.39.15:459][359]LogModuleManager: Shutting down and abandoning module MergeActors (436)
[2017.10.02-13.39.15:480][359]LogModuleManager: Shutting down and abandoning module SizeMap (434)
[2017.10.02-13.39.15:500][359]LogModuleManager: Shutting down and abandoning module TreeMap (432)
[2017.10.02-13.39.15:540][359]LogModuleManager: Shutting down and abandoning module ReferenceViewer (430)
[2017.10.02-13.39.15:569][359]LogModuleManager: Shutting down and abandoning module LocalizationDashboard (428)
[2017.10.02-13.39.15:596][359]LogModuleManager: Shutting down and abandoning module LocalizationService (427)
[2017.10.02-13.39.15:607][359]LogModuleManager: Shutting down and abandoning module HardwareTargeting (424)
[2017.10.02-13.39.15:607][359]LogModuleManager: Shutting down and abandoning module DeviceProfileEditor (422)
[2017.10.02-13.39.15:631][359]LogModuleManager: Shutting down and abandoning module UndoHistory (420)
[2017.10.02-13.39.15:655][359]LogModuleManager: Shutting down and abandoning module XmlParser (418)
[2017.10.02-13.39.15:675][359]LogModuleManager: Shutting down and abandoning module Blutility (416)
[2017.10.02-13.39.15:675][359]LogModuleManager: Shutting down and abandoning module ProjectSettingsViewer (414)
[2017.10.02-13.39.15:675][359]LogModuleManager: Shutting down and abandoning module ProjectTargetPlatformEditor (413)
[2017.10.02-13.39.15:689][359]LogModuleManager: Shutting down and abandoning module EditorSettingsViewer (410)
[2017.10.02-13.39.15:689][359]LogModuleManager: Shutting down and abandoning module SettingsEditor (408)
[2017.10.02-13.39.15:706][359]LogModuleManager: Shutting down and abandoning module ProjectLauncher (406)
[2017.10.02-13.39.15:812][359]LogModuleManager: Shutting down and abandoning module SessionFrontend (404)
[2017.10.02-13.39.15:835][359]LogModuleManager: Shutting down and abandoning module ProfilerClient (402)
[2017.10.02-13.39.15:842][359]LogModuleManager: Shutting down and abandoning module DeviceManager (400)
[2017.10.02-13.39.15:897][359]LogModuleManager: Shutting down and abandoning module TargetDeviceServices (399)
[2017.10.02-13.39.15:951][359]LogModuleManager: Shutting down and abandoning module AutomationController (396)
[2017.10.02-13.39.15:976][359]LogModuleManager: Shutting down and abandoning module AutomationWindow (394)
[2017.10.02-13.39.16:008][359]LogModuleManager: Shutting down and abandoning module Layers (392)
[2017.10.02-13.39.16:057][359]LogModuleManager: Shutting down and abandoning module ComponentVisualizers (390)
[2017.10.02-13.39.16:057][359]LogModuleManager: Shutting down and abandoning module DetailCustomizations (388)
[2017.10.02-13.39.16:057][359]LogModuleManager: Shutting down and abandoning module PackagesDialog (386)
[2017.10.02-13.39.16:078][359]LogModuleManager: Shutting down and abandoning module Persona (384)
[2017.10.02-13.39.16:174][359]LogModuleManager: Shutting down and abandoning module AdvancedPreviewScene (383)
[2017.10.02-13.39.16:174][359]LogModuleManager: Shutting down and abandoning module AnimGraph (381)
[2017.10.02-13.39.16:194][359]LogModuleManager: Shutting down and abandoning module Kismet (378)
[2017.10.02-13.39.16:197][359]LogModuleManager: Shutting down and abandoning module ClassViewer (376)
[2017.10.02-13.39.16:225][359]LogModuleManager: Shutting down and abandoning module Toolbox (374)
[2017.10.02-13.39.16:226][359]LogModuleManager: Shutting down and abandoning module ModuleUI (372)
[2017.10.02-13.39.16:246][359]LogModuleManager: Shutting down and abandoning module MovieSceneTools (370)
[2017.10.02-13.39.16:380][359]LogModuleManager: Shutting down and abandoning module OutputLog (368)
[2017.10.02-13.39.16:380][359]LogModuleManager: Shutting down and abandoning module GammaUI (366)
[2017.10.02-13.39.16:402][359]LogModuleManager: Shutting down and abandoning module Documentation (364)
[2017.10.02-13.39.16:402][359]LogModuleManager: Shutting down and abandoning module MovieSceneTracks (362)
[2017.10.02-13.39.16:402][359]LogModuleManager: Shutting down and abandoning module MovieScene (360)
[2017.10.02-13.39.16:402][359]LogModuleManager: Shutting down and abandoning module Niagara (358)
[2017.10.02-13.39.16:402][359]LogModuleManager: Shutting down and abandoning module NiagaraEditor (357)
[2017.10.02-13.39.16:537][359]LogModuleManager: Shutting down and abandoning module StreamingPauseRendering (354)
[2017.10.02-13.39.16:537][359]LogModuleManager: Shutting down and abandoning module LauncherPlatform (352)
[2017.10.02-13.39.16:537][359]LogModuleManager: Shutting down and abandoning module AnalyticsET (350)
[2017.10.02-13.39.16:537][359]LogModuleManager: Shutting down and abandoning module PortalServices (348)
[2017.10.02-13.39.16:537][359]LogModuleManager: Shutting down and abandoning module PortalRpc (346)
[2017.10.02-13.39.16:537][359]LogModuleManager: Shutting down and abandoning module MessagingRpc (344)
[2017.10.02-13.39.16:537][359]LogModuleManager: Shutting down and abandoning module AIModule (342)
[2017.10.02-13.39.16:557][359]LogModuleManager: Shutting down and abandoning module GameplayDebugger (341)
[2017.10.02-13.39.16:572][359]LogModuleManager: Shutting down and abandoning module AITestSuite (339)
[2017.10.02-13.39.16:592][359]LogModuleManager: Shutting down and abandoning module ProfilerService (336)
[2017.10.02-13.39.16:724][359]LogModuleManager: Shutting down and abandoning module TaskGraph (334)
[2017.10.02-13.39.16:772][359]LogModuleManager: Shutting down and abandoning module SteamVRController (332)
[2017.10.02-13.39.16:772][359]LogModuleManager: Shutting down and abandoning module ProceduralMeshComponentEditor (330)
[2017.10.02-13.39.16:773][359]LogModuleManager: Shutting down and abandoning module ProceduralMeshComponent (328)
[2017.10.02-13.39.16:773][359]LogModuleManager: Shutting down and abandoning module OculusInput (326)
[2017.10.02-13.39.16:773][359]LogModuleManager: Shutting down and abandoning module MobilePatchingUtils (324)
[2017.10.02-13.39.16:773][359]LogModuleManager: Shutting down and abandoning module CustomMeshComponent (322)
[2017.10.02-13.39.16:773][359]LogModuleManager: Shutting down and abandoning module CableComponent (320)
[2017.10.02-13.39.16:773][359]LogModuleManager: Shutting down and abandoning module ArchVisCharacter (318)
[2017.10.02-13.39.16:773][359]LogModuleManager: Shutting down and abandoning module AndroidPermission (316)
[2017.10.02-13.39.16:773][359]LogModuleManager: Shutting down and abandoning module MediaPlayerEditor (312)
[2017.10.02-13.39.16:820][359]LogModuleManager: Shutting down and abandoning module HTML5Networking (310)
[2017.10.02-13.39.16:820][359]LogModuleManager: Shutting down and abandoning module AlembicImporter (308)
[2017.10.02-13.39.16:820][359]LogModuleManager: Shutting down and abandoning module AlembicLibrary (307)
[2017.10.02-13.39.16:862][359]LogModuleManager: Shutting down and abandoning module GeometryCache (306)
[2017.10.02-13.39.16:863][359]LogModuleManager: Shutting down and abandoning module GeometryCacheEd (305)
[2017.10.02-13.39.16:863][359]LogModuleManager: Shutting down and abandoning module SpeedTreeImporter (300)
[2017.10.02-13.39.16:863][359]LogModuleManager: Shutting down and abandoning module PluginBrowser (298)
[2017.10.02-13.39.16:895][359]LogModuleManager: Shutting down and abandoning module MobileLauncherProfileWizard (296)
[2017.10.02-13.39.16:929][359]LogModuleManager: Shutting down and abandoning module VisualStudioSourceCodeAccess (294)
[2017.10.02-13.39.16:929][359]LogModuleManager: Shutting down and abandoning module DesktopPlatform (293)
[2017.10.02-13.39.16:976][359]LogModuleManager: Shutting down and abandoning module UObjectPlugin (290)
[2017.10.02-13.39.16:976][359]LogModuleManager: Shutting down and abandoning module SubversionSourceControl (288)
[2017.10.02-13.39.16:996][359]LogModuleManager: Shutting down and abandoning module PerforceSourceControl (286)
[2017.10.02-13.39.17:073][359]LogModuleManager: Shutting down and abandoning module GitSourceControl (284)
[2017.10.02-13.39.17:110][359]LogModuleManager: Shutting down and abandoning module SourceControl (283)
[2017.10.02-13.39.17:140][359]LogModuleManager: Shutting down and abandoning module LightPropagationVolumeEditor (280)
[2017.10.02-13.39.17:140][359]LogModuleManager: Shutting down and abandoning module PaperTiledImporter (278)
[2017.10.02-13.39.17:140][359]LogModuleManager: Shutting down and abandoning module PaperSpriteSheetImporter (276)
[2017.10.02-13.39.17:140][359]LogModuleManager: Shutting down and abandoning module Paper2DEditor (274)
[2017.10.02-13.39.17:218][359]LogModuleManager: Shutting down and abandoning module MeshPaint (273)
[2017.10.02-13.39.17:246][359]LogModuleManager: Shutting down and abandoning module LevelEditor (271)
[2017.10.02-13.39.17:300][359]LogModuleManager: Shutting down and abandoning module PixelInspectorModule (270)
[2017.10.02-13.39.17:348][359]LogModuleManager: Shutting down and abandoning module MainFrame (268)
[2017.10.02-13.39.17:348][359]LogModuleManager: Shutting down and abandoning module HotReload (267)
[2017.10.02-13.39.17:348][359]LogDirectoryWatcher: A directory notification for 'C:/Users/huozi/Documents/Unreal Projects/BatteryCollectorCPP/BatteryCollector/Binaries/Win64' was aborted.
[2017.10.02-13.39.17:348][359]LogModuleManager: Shutting down and abandoning module RuntimePhysXCooking (260)
[2017.10.02-13.39.17:386][359]LogModuleManager: Shutting down and abandoning module PhysXVehiclesEditor (258)
[2017.10.02-13.39.17:429][359]LogModuleManager: Shutting down and abandoning module PhysXVehicles (256)
[2017.10.02-13.39.17:429][359]LogModuleManager: Shutting down and abandoning module OculusEditor (254)
[2017.10.02-13.39.17:429][359]LogModuleManager: Shutting down and abandoning module LocationServicesBPLibrary (252)
[2017.10.02-13.39.17:429][359]LogModuleManager: Shutting down and abandoning module ImmediatePhysicsEditor (250)
[2017.10.02-13.39.17:429][359]LogModuleManager: Shutting down and abandoning module ImmediatePhysics (248)
[2017.10.02-13.39.17:430][359]LogModuleManager: Shutting down and abandoning module UdpMessaging (246)
[2017.10.02-13.39.17:533][359]LogModuleManager: Shutting down and abandoning module TcpMessaging (244)
[2017.10.02-13.39.17:639][359]LogModuleManager: Shutting down and abandoning module GameplayTagsEditor (242)
[2017.10.02-13.39.17:679][359]LogModuleManager: Shutting down and abandoning module FacialAnimationEditor (240)
[2017.10.02-13.39.17:695][359]LogModuleManager: Shutting down and abandoning module FacialAnimation (238)
[2017.10.02-13.39.17:695][359]LogModuleManager: Shutting down and abandoning module AssetManagerEditor (236)
[2017.10.02-13.39.17:729][359]LogModuleManager: Shutting down and abandoning module GraphEditor (235)
[2017.10.02-13.39.17:776][359]LogModuleManager: Shutting down and abandoning module ContentBrowser (233)
[2017.10.02-13.39.17:789][359]LogModuleManager: Shutting down and abandoning module LightPropagationVolumeRuntime (230)
[2017.10.02-13.39.17:789][359]LogModuleManager: Shutting down and abandoning module Paper2D (228)
[2017.10.02-13.39.17:789][359]LogModuleManager: Shutting down and abandoning module WindowsMoviePlayer (226)
[2017.10.02-13.39.17:796][359]LogModuleManager: Shutting down and abandoning module WmfMedia (224)
[2017.10.02-13.39.17:820][359]LogModuleManager: Shutting down and abandoning module PacketHandler (222)
[2017.10.02-13.39.17:820][359]LogModuleManager: Shutting down and abandoning module ClothingSystemEditor (220)
[2017.10.02-13.39.17:820][359]LogModuleManager: Shutting down and abandoning module ClothingSystemRuntime (218)
[2017.10.02-13.39.17:842][359]LogModuleManager: Shutting down and abandoning module Overlay (216)
[2017.10.02-13.39.17:842][359]LogModuleManager: Shutting down and abandoning module OverlayEditor (215)
[2017.10.02-13.39.17:842][359]LogModuleManager: Shutting down and abandoning module MediaAssets (212)
[2017.10.02-13.39.17:842][359]LogModuleManager: Shutting down and abandoning module VREditor (210)
[2017.10.02-13.39.17:865][359]LogModuleManager: Shutting down and abandoning module StringTableEditor (208)
[2017.10.02-13.39.17:888][359]LogModuleManager: Shutting down and abandoning module GameplayTasksEditor (206)
[2017.10.02-13.39.17:888][359]LogModuleManager: Shutting down and abandoning module BehaviorTreeEditor (204)
[2017.10.02-13.39.17:944][359]LogModuleManager: Shutting down and abandoning module FunctionalTesting (202)
[2017.10.02-13.39.17:944][359]LogModuleManager: Shutting down and abandoning module CollisionAnalyzer (200)
[2017.10.02-13.39.18:001][359]LogModuleManager: Shutting down and abandoning module WorkspaceMenuStructure (199)
[2017.10.02-13.39.18:135][359]LogModuleManager: Shutting down and abandoning module UMG (196)
[2017.10.02-13.39.18:161][359]LogModuleManager: Shutting down and abandoning module UMGEditor (195)
[2017.10.02-13.39.18:237][359]LogModuleManager: Shutting down and abandoning module Sequencer (194)
[2017.10.02-13.39.18:289][359]LogModuleManager: Shutting down and abandoning module MessageLog (191)
[2017.10.02-13.39.18:289][359]LogModuleManager: Shutting down and abandoning module SlateReflector (186)
[2017.10.02-13.39.18:382][359]LogModuleManager: Shutting down and abandoning module Slate (184)
[2017.10.02-13.39.18:382][359]LogModuleManager: Shutting down and abandoning module EditorStyle (182)
[2017.10.02-13.39.18:390][359]LogModuleManager: Shutting down and abandoning module MRMesh (180)
[2017.10.02-13.39.18:390][359]LogModuleManager: Shutting down and abandoning module SourceCodeAccess (178)
[2017.10.02-13.39.18:403][359]LogModuleManager: Shutting down and abandoning module HeadMountedDisplay (176)
[2017.10.02-13.39.18:403][359]LogModuleManager: Shutting down and abandoning module XAudio2 (174)
[2017.10.02-13.39.18:403][359]LogModuleManager: Shutting down and abandoning module Networking (172)
[2017.10.02-13.39.18:403][359]LogModuleManager: Shutting down and abandoning module Core (168)
[2017.10.02-13.39.18:403][359]LogModuleManager: Shutting down and abandoning module KismetCompiler (164)
[2017.10.02-13.39.18:403][359]LogModuleManager: Shutting down and abandoning module LevelSequence (162)
[2017.10.02-13.39.18:403][359]LogModuleManager: Shutting down and abandoning module MeshUtilities (160)
[2017.10.02-13.39.18:487][359]LogModuleManager: Shutting down and abandoning module MeshMergeUtilities (159)
[2017.10.02-13.39.18:511][359]LogModuleManager: Shutting down and abandoning module MeshReductionInterface (158)
[2017.10.02-13.39.18:511][359]LogModuleManager: Shutting down and abandoning module SimplygonSwarm (157)
[2017.10.02-13.39.18:571][359]LogModuleManager: Shutting down and abandoning module SimplygonMeshReduction (155)
[2017.10.02-13.39.18:602][359]LogModuleManager: Shutting down and abandoning module QuadricMeshReduction (153)
[2017.10.02-13.39.18:621][359]LogModuleManager: Shutting down and abandoning module MaterialBaking (149)
[2017.10.02-13.39.18:667][359]LogModuleManager: Shutting down and abandoning module DirectoryWatcher (146)
[2017.10.02-13.39.18:691][359]LogModuleManager: Shutting down and abandoning module DerivedDataCache (144)
[2017.10.02-13.39.18:772][359]LogDerivedDataCache: Shutdown
[2017.10.02-13.39.18:772][359]LogModuleManager: Shutting down and abandoning module TargetPlatform (142)
[2017.10.02-13.39.18:772][359]LogModuleManager: Shutting down and abandoning module VulkanShaderFormat (141)
[2017.10.02-13.39.18:830][359]LogModuleManager: Shutting down and abandoning module ShaderFormatVectorVM (139)
[2017.10.02-13.39.18:853][359]LogModuleManager: Shutting down and abandoning module ShaderFormatOpenGL (137)
[2017.10.02-13.39.18:931][359]LogModuleManager: Shutting down and abandoning module ShaderFormatD3D (135)
[2017.10.02-13.39.18:962][359]LogModuleManager: Shutting down and abandoning module MetalShaderFormat (133)
[2017.10.02-13.39.19:007][359]LogModuleManager: Shutting down and abandoning module TextureFormatUncompressed (131)
[2017.10.02-13.39.19:007][359]LogModuleManager: Shutting down and abandoning module TextureFormatPVR (129)
[2017.10.02-13.39.19:007][359]LogModuleManager: Shutting down and abandoning module TextureFormatDXT (127)
[2017.10.02-13.39.19:007][359]LogModuleManager: Shutting down and abandoning module TextureFormatIntelISPCTexComp (125)
[2017.10.02-13.39.19:104][359]LogModuleManager: Shutting down and abandoning module TextureFormatASTC (123)
[2017.10.02-13.39.19:104][359]LogModuleManager: Shutting down and abandoning module ImageWrapper (122)
[2017.10.02-13.39.19:104][359]LogModuleManager: Shutting down and abandoning module TextureFormatAndroid (119)
[2017.10.02-13.39.19:105][359]LogModuleManager: Shutting down and abandoning module AudioFormatOpus (117)
[2017.10.02-13.39.19:105][359]LogModuleManager: Shutting down and abandoning module AudioFormatOgg (115)
[2017.10.02-13.39.19:105][359]LogModuleManager: Shutting down and abandoning module AudioFormatADPCM (113)
[2017.10.02-13.39.19:105][359]LogModuleManager: Shutting down and abandoning module LinuxTargetPlatform (111)
[2017.10.02-13.39.19:105][359]LogModuleManager: Shutting down and abandoning module LinuxServerTargetPlatform (109)
[2017.10.02-13.39.19:105][359]LogModuleManager: Shutting down and abandoning module LinuxNoEditorTargetPlatform (107)
[2017.10.02-13.39.19:105][359]LogModuleManager: Shutting down and abandoning module LinuxClientTargetPlatform (105)
[2017.10.02-13.39.19:105][359]LogModuleManager: Shutting down and abandoning module TVOSTargetPlatform (103)
[2017.10.02-13.39.19:105][359]LogModuleManager: Shutting down and abandoning module Messaging (101)
[2017.10.02-13.39.19:105][359]LogModuleManager: Shutting down and abandoning module IOSTargetPlatform (99)
[2017.10.02-13.39.19:106][359]LogModuleManager: Shutting down and abandoning module HTML5TargetPlatform (97)
[2017.10.02-13.39.19:106][359]LogModuleManager: Shutting down and abandoning module Android_PVRTCTargetPlatform (95)
[2017.10.02-13.39.19:106][359]LogModuleManager: Shutting down and abandoning module Android_MultiTargetPlatform (93)
[2017.10.02-13.39.19:106][359]LogModuleManager: Shutting down and abandoning module Android_ETC2TargetPlatform (91)
[2017.10.02-13.39.19:106][359]LogModuleManager: Shutting down and abandoning module Android_ETC1TargetPlatform (89)
[2017.10.02-13.39.19:106][359]LogModuleManager: Shutting down and abandoning module Android_DXTTargetPlatform (87)
[2017.10.02-13.39.19:106][359]LogModuleManager: Shutting down and abandoning module Android_ATCTargetPlatform (85)
[2017.10.02-13.39.19:106][359]LogModuleManager: Shutting down and abandoning module Android_ASTCTargetPlatform (83)
[2017.10.02-13.39.19:106][359]LogModuleManager: Shutting down and abandoning module AndroidTargetPlatform (81)
[2017.10.02-13.39.19:106][359]LogModuleManager: Shutting down and abandoning module WindowsTargetPlatform (79)
[2017.10.02-13.39.19:106][359]LogModuleManager: Shutting down and abandoning module WindowsServerTargetPlatform (77)
[2017.10.02-13.39.19:106][359]LogModuleManager: Shutting down and abandoning module WindowsNoEditorTargetPlatform (75)
[2017.10.02-13.39.19:107][359]LogModuleManager: Shutting down and abandoning module WindowsClientTargetPlatform (73)
[2017.10.02-13.39.19:107][359]LogModuleManager: Shutting down and abandoning module MacTargetPlatform (71)
[2017.10.02-13.39.19:107][359]LogModuleManager: Shutting down and abandoning module MacServerTargetPlatform (69)
[2017.10.02-13.39.19:139][359]LogModuleManager: Shutting down and abandoning module MacNoEditorTargetPlatform (67)
[2017.10.02-13.39.19:148][359]LogModuleManager: Shutting down and abandoning module MacClientTargetPlatform (65)
[2017.10.02-13.39.19:177][359]LogModuleManager: Shutting down and abandoning module AllDesktopTargetPlatform (63)
[2017.10.02-13.39.19:177][359]LogModuleManager: Shutting down and abandoning module InputCore (60)
[2017.10.02-13.39.19:177][359]LogModuleManager: Shutting down and abandoning module Settings (58)
[2017.10.02-13.39.19:178][359]LogModuleManager: Shutting down and abandoning module PhysXCooking (56)
[2017.10.02-13.39.19:178][359]LogModuleManager: Shutting down and abandoning module SteamVR (54)
[2017.10.02-13.39.19:210][359]LogModuleManager: Shutting down and abandoning module OculusHMD (52)
[2017.10.02-13.39.19:223][359]LogModuleManager: Shutting down and abandoning module ExampleDeviceProfileSelector (50)
[2017.10.02-13.39.19:224][359]LogModuleManager: Shutting down and abandoning module OnlineBlueprintSupport (48)
[2017.10.02-13.39.19:224][359]LogModuleManager: Shutting down and abandoning module OnlineSubsystem (44)
[2017.10.02-13.39.19:224][359]LogOnline: Display: Unloading online subsystem: NULL
[2017.10.02-13.39.19:305][359]LogModuleManager: Shutting down and abandoning module XMPP (43)
[2017.10.02-13.39.19:319][359]LogModuleManager: Shutting down and abandoning module HTTP (41)
[2017.10.02-13.39.19:319][359]LogHttp: Display: Http module shutting down, but needs to wait on 1 outstanding Http requests:
[2017.10.02-13.39.19:346][359]LogHttp: Display: 	verb=[POST] url=[https://datarouter.ol.epicgames.com/datarouter/api/v1/public/data?SessionID=%7B4440AB2D-4B58-0255-EE28-98A765059EF7%7D&AppID=UEEditor.Rocket.Release&AppVersion=4.17.2-3658906%2B%2B%2BUE4%2BRelease-4.17&UserID=a483da2d4fb89f4a2ddae281c3e89937%7C1475575a18e14080ac0ee1b5b0c163b7%7Cd7277f1c-046d-4f6a-97e4-5e4f1c368f9a&AppEnvironment=datacollector-binary&UploadType=eteventstream] status=Processing
[2017.10.02-13.39.19:356][359]LogModuleManager: Shutting down and abandoning module SSL (40)
[2017.10.02-13.39.19:388][359]LogModuleManager: Shutting down and abandoning module AnimationModifiers (36)
[2017.10.02-13.39.19:407][359]LogModuleManager: Shutting down and abandoning module PropertyEditor (35)
[2017.10.02-13.39.19:535][359]LogModuleManager: Shutting down and abandoning module AudioEditor (32)
[2017.10.02-13.39.19:614][359]LogModuleManager: Shutting down and abandoning module TextureCompressor (30)
[2017.10.02-13.39.19:689][359]LogModuleManager: Shutting down and abandoning module ShaderCore (28)
[2017.10.02-13.39.19:689][359]LogModuleManager: Shutting down and abandoning module Landscape (26)
[2017.10.02-13.39.19:689][359]LogModuleManager: Shutting down and abandoning module SlateRHIRenderer (24)
[2017.10.02-13.39.19:742][359]LogModuleManager: Shutting down and abandoning module OpenGLDrv (22)
[2017.10.02-13.39.19:858][359]LogModuleManager: Shutting down and abandoning module D3D11RHI (20)
[2017.10.02-13.39.19:858][359]LogModuleManager: Shutting down and abandoning module AnimGraphRuntime (18)
[2017.10.02-13.39.19:880][359]LogModuleManager: Shutting down and abandoning module Renderer (16)
[2017.10.02-13.39.19:880][359]LogModuleManager: Shutting down and abandoning module Engine (14)
[2017.10.02-13.39.19:880][359]LogModuleManager: Shutting down and abandoning module CoreUObject (12)
[2017.10.02-13.39.19:880][359]LogModuleManager: Shutting down and abandoning module NetworkFile (10)
[2017.10.02-13.39.19:896][359]LogModuleManager: Shutting down and abandoning module CookedIterativeFile (8)
[2017.10.02-13.39.19:896][359]LogModuleManager: Shutting down and abandoning module StreamingFile (6)
[2017.10.02-13.39.19:920][359]LogModuleManager: Shutting down and abandoning module SandboxFile (4)
[2017.10.02-13.39.19:920][359]LogModuleManager: Shutting down and abandoning module PakFile (2)
[2017.10.02-13.39.19:975][359]LogExit: Exiting.
[2017.10.02-13.39.20:015][359]Log file closed, 10/02/17 22:39:20
